Log file open, 07/05/19 10:20:21
LogInit:Display: Running engine for game: vrkatrix4smlCtrl2tst
LogPlatformFile: Not using cached read wrapper
LogInit:Display: RandInit(57148854) SRandInit(57148855).
LogTaskGraph: Started task graph with 5 named threads and 8 total threads with 1 sets of task threads.
LogStats: Stats thread started at 0.085934
LogPluginManager: Loaded Plugin Paper2D, From C:/Program Files/Epic Games/UE_4.13/Engine/Plugins/2D/Paper2D/Paper2D.uplugin
LogPluginManager: Loaded Plugin LightPropagationVolume, From C:/Program Files/Epic Games/UE_4.13/Engine/Plugins/Blendables/LightPropagationVolume/LightPropagationVolume.uplugin
LogPluginManager: Loaded Plugin BlankPlugin, From C:/Program Files/Epic Games/UE_4.13/Engine/Plugins/Developer/BlankPlugin/BlankPlugin.uplugin
LogPluginManager: Loaded Plugin CodeLiteSourceCodeAccess, From C:/Program Files/Epic Games/UE_4.13/Engine/Plugins/Developer/CodeLiteSourceCodeAccess/CodeLiteSourceCodeAccess.uplugin
LogPluginManager: Loaded Plugin GitSourceControl, From C:/Program Files/Epic Games/UE_4.13/Engine/Plugins/Developer/GitSourceControl/GitSourceControl.uplugin
LogPluginManager: Loaded Plugin KDevelopSourceCodeAccess, From C:/Program Files/Epic Games/UE_4.13/Engine/Plugins/Developer/KDevelopSourceCodeAccess/KDevelopSourceCodeAccess.uplugin
LogPluginManager: Loaded Plugin NullSourceCodeAccess, From C:/Program Files/Epic Games/UE_4.13/Engine/Plugins/Developer/NullSourceCodeAccess/NullSourceCodeAccess.uplugin
LogPluginManager: Loaded Plugin OneSkyLocalizationService, From C:/Program Files/Epic Games/UE_4.13/Engine/Plugins/Developer/OneSkyLocalizationService/OneSkyLocalizationService.uplugin
LogPluginManager: Loaded Plugin PerforceSourceControl, From C:/Program Files/Epic Games/UE_4.13/Engine/Plugins/Developer/PerforceSourceControl/PerforceSourceControl.uplugin
LogPluginManager: Loaded Plugin SubversionSourceControl, From C:/Program Files/Epic Games/UE_4.13/Engine/Plugins/Developer/SubversionSourceControl/SubversionSourceControl.uplugin
LogPluginManager: Loaded Plugin UObjectPlugin, From C:/Program Files/Epic Games/UE_4.13/Engine/Plugins/Developer/UObjectPlugin/UObjectPlugin.uplugin
LogPluginManager: Loaded Plugin VisualStudioSourceCodeAccess, From C:/Program Files/Epic Games/UE_4.13/Engine/Plugins/Developer/VisualStudioSourceCodeAccess/VisualStudioSourceCodeAccess.uplugin
LogPluginManager: Loaded Plugin XCodeSourceCodeAccess, From C:/Program Files/Epic Games/UE_4.13/Engine/Plugins/Developer/XCodeSourceCodeAccess/XCodeSourceCodeAccess.uplugin
LogPluginManager: Loaded Plugin EpicSurvey, From C:/Program Files/Epic Games/UE_4.13/Engine/Plugins/Editor/EpicSurvey/EpicSurvey.uplugin
LogPluginManager: Loaded Plugin MacGraphicsSwitching, From C:/Program Files/Epic Games/UE_4.13/Engine/Plugins/Editor/MacGraphicsSwitching/MacGraphicsSwitching.uplugin
LogPluginManager: Loaded Plugin MobileLauncherProfileWizard, From C:/Program Files/Epic Games/UE_4.13/Engine/Plugins/Editor/MobileLauncherProfileWizard/MobileLauncherProfileWizard.uplugin
LogPluginManager: Loaded Plugin PluginBrowser, From C:/Program Files/Epic Games/UE_4.13/Engine/Plugins/Editor/PluginBrowser/PluginBrowser.uplugin
LogPluginManager: Loaded Plugin SpeedTreeImporter, From C:/Program Files/Epic Games/UE_4.13/Engine/Plugins/Editor/SpeedTreeImporter/SpeedTreeImporter.uplugin
LogPluginManager: Loaded Plugin SuperSearchEditor, From C:/Program Files/Epic Games/UE_4.13/Engine/Plugins/Editor/SuperSearchEditor/SuperSearchEditor.uplugin
LogPluginManager: Loaded Plugin AlembicImporter, From C:/Program Files/Epic Games/UE_4.13/Engine/Plugins/Experimental/AlembicImporter/AlembicImporter.uplugin
LogPluginManager: Loaded Plugin BlueprintStats, From C:/Program Files/Epic Games/UE_4.13/Engine/Plugins/Experimental/BlueprintStats/BlueprintStats.uplugin
LogPluginManager: Loaded Plugin CharacterAI, From C:/Program Files/Epic Games/UE_4.13/Engine/Plugins/Experimental/CharacterAI/CharacterAI.uplugin
LogPluginManager: Loaded Plugin CodeEditor, From C:/Program Files/Epic Games/UE_4.13/Engine/Plugins/Experimental/CodeEditor/CodeEditor.uplugin
LogPluginManager: Loaded Plugin CodeView, From C:/Program Files/Epic Games/UE_4.13/Engine/Plugins/Experimental/CodeView/CodeView.uplugin
LogPluginManager: Loaded Plugin HTML5Networking, From C:/Program Files/Epic Games/UE_4.13/Engine/Plugins/Experimental/HTML5Networking/HTML5Networking.uplugin
LogPluginManager: Loaded Plugin LiveEditor, From C:/Program Files/Epic Games/UE_4.13/Engine/Plugins/Experimental/LiveEditor/LiveEditor.uplugin
LogPluginManager: Loaded Plugin OSVR, From C:/Program Files/Epic Games/UE_4.13/Engine/Plugins/Experimental/OSVR/OSVR.uplugin
LogPluginManager: Loaded Plugin Phya, From C:/Program Files/Epic Games/UE_4.13/Engine/Plugins/Experimental/Phya/Phya.uplugin
LogPluginManager: Loaded Plugin SignificanceManager, From C:/Program Files/Epic Games/UE_4.13/Engine/Plugins/Experimental/SignificanceManager/SignificanceManager.uplugin
LogPluginManager: Loaded Plugin SimpleHMD, From C:/Program Files/Epic Games/UE_4.13/Engine/Plugins/Experimental/SimpleHMD/SimpleHMD.uplugin
LogPluginManager: Loaded Plugin StereoPanorama, From C:/Program Files/Epic Games/UE_4.13/Engine/Plugins/Experimental/StereoPanorama/StereoPanorama.uplugin
LogPluginManager: Loaded Plugin StructBox, From C:/Program Files/Epic Games/UE_4.13/Engine/Plugins/Experimental/StructBox/StructBox.uplugin
LogPluginManager: Loaded Plugin AndroidMedia, From C:/Program Files/Epic Games/UE_4.13/Engine/Plugins/Media/AndroidMedia/AndroidMedia.uplugin
LogPluginManager: Loaded Plugin AvfMedia, From C:/Program Files/Epic Games/UE_4.13/Engine/Plugins/Media/AvfMedia/AvfMedia.uplugin
LogPluginManager: Loaded Plugin MediaPlayerEditor, From C:/Program Files/Epic Games/UE_4.13/Engine/Plugins/Media/MediaPlayerEditor/MediaPlayerEditor.uplugin
LogPluginManager: Loaded Plugin WmfMedia, From C:/Program Files/Epic Games/UE_4.13/Engine/Plugins/Media/WmfMedia/WmfMedia.uplugin
LogPluginManager: Loaded Plugin MessagingDebugger, From C:/Program Files/Epic Games/UE_4.13/Engine/Plugins/Messaging/MessagingDebugger/MessagingDebugger.uplugin
LogPluginManager: Loaded Plugin TcpMessaging, From C:/Program Files/Epic Games/UE_4.13/Engine/Plugins/Messaging/TcpMessaging/TcpMessaging.uplugin
LogPluginManager: Loaded Plugin UdpMessaging, From C:/Program Files/Epic Games/UE_4.13/Engine/Plugins/Messaging/UdpMessaging/UdpMessaging.uplugin
LogPluginManager: Loaded Plugin LevelSequenceEditor, From C:/Program Files/Epic Games/UE_4.13/Engine/Plugins/MovieScene/LevelSequenceEditor/LevelSequenceEditor.uplugin
LogPluginManager: Loaded Plugin MatineeToLevelSequence, From C:/Program Files/Epic Games/UE_4.13/Engine/Plugins/MovieScene/MatineeToLevelSequence/MatineeToLevelSequence.uplugin
LogPluginManager: Loaded Plugin NetcodeUnitTest, From C:/Program Files/Epic Games/UE_4.13/Engine/Plugins/NetcodeUnitTest/NetcodeUnitTest/NetcodeUnitTest.uplugin
LogPluginManager: Loaded Plugin NUTUnrealEngine4, From C:/Program Files/Epic Games/UE_4.13/Engine/Plugins/NetcodeUnitTest/NUTUnrealEngine4/NUTUnrealEngine4.uplugin
LogPluginManager: Loaded Plugin OnlineSubsystemGooglePlay, From C:/Program Files/Epic Games/UE_4.13/Engine/Plugins/Online/Android/OnlineSubsystemGooglePlay/OnlineSubsystemGooglePlay.uplugin
LogPluginManager: Loaded Plugin OnlineSubsystemIOS, From C:/Program Files/Epic Games/UE_4.13/Engine/Plugins/Online/IOS/OnlineSubsystemIOS/OnlineSubsystemIOS.uplugin
LogPluginManager: Loaded Plugin OnlineFramework, From C:/Program Files/Epic Games/UE_4.13/Engine/Plugins/Online/OnlineFramework/OnlineFramework.uplugin
LogPluginManager: Loaded Plugin OnlineSubsystem, From C:/Program Files/Epic Games/UE_4.13/Engine/Plugins/Online/OnlineSubsystem/OnlineSubsystem.uplugin
LogPluginManager: Loaded Plugin OnlineSubsystemAmazon, From C:/Program Files/Epic Games/UE_4.13/Engine/Plugins/Online/OnlineSubsystemAmazon/OnlineSubsystemAmazon.uplugin
LogPluginManager: Loaded Plugin OnlineSubsystemFacebook, From C:/Program Files/Epic Games/UE_4.13/Engine/Plugins/Online/OnlineSubsystemFacebook/OnlineSubsystemFacebook.uplugin
LogPluginManager: Loaded Plugin OnlineSubsystemNull, From C:/Program Files/Epic Games/UE_4.13/Engine/Plugins/Online/OnlineSubsystemNull/OnlineSubsystemNull.uplugin
LogPluginManager: Loaded Plugin OnlineSubsystemOculus, From C:/Program Files/Epic Games/UE_4.13/Engine/Plugins/Online/OnlineSubsystemOculus/OnlineSubsystemOculus.uplugin
LogPluginManager: Loaded Plugin OnlineSubsystemSteam, From C:/Program Files/Epic Games/UE_4.13/Engine/Plugins/Online/OnlineSubsystemSteam/OnlineSubsystemSteam.uplugin
LogPluginManager: Loaded Plugin OnlineSubsystemUtils, From C:/Program Files/Epic Games/UE_4.13/Engine/Plugins/Online/OnlineSubsystemUtils/OnlineSubsystemUtils.uplugin
LogPluginManager: Loaded Plugin IOSTapJoy, From C:/Program Files/Epic Games/UE_4.13/Engine/Plugins/Runtime/Advertising/IOSTapJoy/IOSTapJoy.uplugin
LogPluginManager: Loaded Plugin AnalyticsBlueprintLibrary, From C:/Program Files/Epic Games/UE_4.13/Engine/Plugins/Runtime/Analytics/AnalyticsBlueprintLibrary/AnalyticsBlueprintLibrary.uplugin
LogPluginManager: Loaded Plugin AnalyticsMulticast, From C:/Program Files/Epic Games/UE_4.13/Engine/Plugins/Runtime/Analytics/AnalyticsMulticast/AnalyticsMulticast.uplugin
LogPluginManager: Loaded Plugin Apsalar, From C:/Program Files/Epic Games/UE_4.13/Engine/Plugins/Runtime/Analytics/Apsalar/Apsalar.uplugin
LogPluginManager: Loaded Plugin FileLogging, From C:/Program Files/Epic Games/UE_4.13/Engine/Plugins/Runtime/Analytics/FileLogging/FileLogging.uplugin
LogPluginManager: Loaded Plugin Flurry, From C:/Program Files/Epic Games/UE_4.13/Engine/Plugins/Runtime/Analytics/Flurry/Flurry.uplugin
LogPluginManager: Loaded Plugin AndroidDeviceProfileSelector, From C:/Program Files/Epic Games/UE_4.13/Engine/Plugins/Runtime/AndroidDeviceProfileSelector/AndroidDeviceProfileSelector.uplugin
LogPluginManager: Loaded Plugin AndroidMoviePlayer, From C:/Program Files/Epic Games/UE_4.13/Engine/Plugins/Runtime/AndroidMoviePlayer/AndroidMoviePlayer.uplugin
LogPluginManager: Loaded Plugin AppleMoviePlayer, From C:/Program Files/Epic Games/UE_4.13/Engine/Plugins/Runtime/AppleMoviePlayer/AppleMoviePlayer.uplugin
LogPluginManager: Loaded Plugin ArchVisCharacter, From C:/Program Files/Epic Games/UE_4.13/Engine/Plugins/Runtime/ArchVisCharacter/ArchVisCharacter.uplugin
LogPluginManager: Loaded Plugin CableComponent, From C:/Program Files/Epic Games/UE_4.13/Engine/Plugins/Runtime/CableComponent/CableComponent.uplugin
LogPluginManager: Loaded Plugin CustomMeshComponent, From C:/Program Files/Epic Games/UE_4.13/Engine/Plugins/Runtime/CustomMeshComponent/CustomMeshComponent.uplugin
LogPluginManager: Loaded Plugin ExampleDeviceProfileSelector, From C:/Program Files/Epic Games/UE_4.13/Engine/Plugins/Runtime/ExampleDeviceProfileSelector/ExampleDeviceProfileSelector.uplugin
LogPluginManager: Loaded Plugin GearVR, From C:/Program Files/Epic Games/UE_4.13/Engine/Plugins/Runtime/GearVR/GearVR.uplugin
LogPluginManager: Loaded Plugin GoogleVRController, From C:/Program Files/Epic Games/UE_4.13/Engine/Plugins/Runtime/GoogleVR/GoogleVRController/GoogleVRController.uplugin
LogPluginManager: Loaded Plugin GoogleVRHMD, From C:/Program Files/Epic Games/UE_4.13/Engine/Plugins/Runtime/GoogleVR/GoogleVRHMD/GoogleVRHMD.uplugin
LogPluginManager: Loaded Plugin IOSDeviceProfileSelector, From C:/Program Files/Epic Games/UE_4.13/Engine/Plugins/Runtime/IOSDeviceProfileSelector/IOSDeviceProfileSelector.uplugin
LogPluginManager: Loaded Plugin LeapMotion, From C:/Program Files/Epic Games/UE_4.13/Engine/Plugins/Runtime/LeapMotion/LeapMotion.uplugin
LogPluginManager: Loaded Plugin LinuxDeviceProfileSelector, From C:/Program Files/Epic Games/UE_4.13/Engine/Plugins/Runtime/LinuxDeviceProfileSelector/LinuxDeviceProfileSelector.uplugin
LogPluginManager: Loaded Plugin LiveEditorListenServer, From C:/Program Files/Epic Games/UE_4.13/Engine/Plugins/Runtime/LiveEditorListenServer/LiveEditorListenServer.uplugin
LogPluginManager: Loaded Plugin OculusAudio, From C:/Program Files/Epic Games/UE_4.13/Engine/Plugins/Runtime/OculusAudio/OculusAudio.uplugin
LogPluginManager: Loaded Plugin OculusInput, From C:/Program Files/Epic Games/UE_4.13/Engine/Plugins/Runtime/OculusInput/OculusInput.uplugin
LogPluginManager: Loaded Plugin OculusLibrary, From C:/Program Files/Epic Games/UE_4.13/Engine/Plugins/Runtime/OculusLibrary/OculusLibrary.uplugin
LogPluginManager: Loaded Plugin OculusRift, From C:/Program Files/Epic Games/UE_4.13/Engine/Plugins/Runtime/OculusRift/OculusRift.uplugin
LogPluginManager: Loaded Plugin Oodle, From C:/Program Files/Epic Games/UE_4.13/Engine/Plugins/Runtime/PacketHandlers/CompressionComponents/Oodle/Oodle.uplugin
LogPluginManager: Loaded Plugin ProceduralMeshComponent, From C:/Program Files/Epic Games/UE_4.13/Engine/Plugins/Runtime/ProceduralMeshComponent/ProceduralMeshComponent.uplugin
LogPluginManager: Loaded Plugin SoundMod, From C:/Program Files/Epic Games/UE_4.13/Engine/Plugins/Runtime/SoundMod/SoundMod.uplugin
LogPluginManager: Loaded Plugin SoundVisualizations, From C:/Program Files/Epic Games/UE_4.13/Engine/Plugins/Runtime/SoundVisualizations/SoundVisualizations.uplugin
LogPluginManager: Loaded Plugin SteamController, From C:/Program Files/Epic Games/UE_4.13/Engine/Plugins/Runtime/Steam/SteamController/SteamController.uplugin
LogPluginManager: Loaded Plugin SteamVR, From C:/Program Files/Epic Games/UE_4.13/Engine/Plugins/Runtime/Steam/SteamVR/SteamVR.uplugin
LogPluginManager: Loaded Plugin WebBrowserWidget, From C:/Program Files/Epic Games/UE_4.13/Engine/Plugins/Runtime/WebBrowserWidget/WebBrowserWidget.uplugin
LogPluginManager: Loaded Plugin WindowsDeviceProfileSelector, From C:/Program Files/Epic Games/UE_4.13/Engine/Plugins/Runtime/WindowsDeviceProfileSelector/WindowsDeviceProfileSelector.uplugin
LogPluginManager: Loaded Plugin WindowsMoviePlayer, From C:/Program Files/Epic Games/UE_4.13/Engine/Plugins/Runtime/WindowsMoviePlayer/WindowsMoviePlayer.uplugin
LogPluginManager: Loaded Plugin ScriptPlugin, From C:/Program Files/Epic Games/UE_4.13/Engine/Plugins/ScriptPlugin/ScriptPlugin.uplugin
LogPluginManager: Loaded Plugin SlateRemote, From C:/Program Files/Epic Games/UE_4.13/Engine/Plugins/Slate/SlateRemote/SlateRemote.uplugin
LogInit: Using libcurl 7.47.1
LogInit:  - built for x86_64-pc-win32
LogInit:  - supports SSL with WinSSL
LogInit:  - other features:
LogInit:      CURL_VERSION_SSL
LogInit:      CURL_VERSION_IPV6
LogInit:      CURL_VERSION_ASYNCHDNS
LogInit:      CURL_VERSION_LARGEFILE
LogInit:      CURL_VERSION_IDN
LogInit:  CurlRequestOptions (configurable via config and command line):
LogInit:  - bVerifyPeer = false  - Libcurl will NOT verify peer certificate
LogInit:  - bUseHttpProxy = false  - Libcurl will NOT use HTTP proxy
LogInit:  - bDontReuseConnections = false  - Libcurl will reuse connections
LogInit:  - CertBundlePath = nullptr  - Libcurl will use whatever was configured at build time.
LogInit: Build: ++UE4+Release-4.13-CL-3172292
LogInit: Engine Version: 4.13.2-3172292+++UE4+Release-4.13
LogInit: Compatible Engine Version: 4.13.0-3106830+++UE4+Release-4.13
LogInit: Net CL: 3172292
LogDevObjectVersion: Number of dev versions registered: 13
LogDevObjectVersion:   Dev-Blueprints (B0D832E4-1F89-4F0D-ACCF-7EB736FD4AA2): 5
LogDevObjectVersion:   Dev-Build (E1C64328-A22C-4D53-A36C-8E866417BD8C): 0
LogDevObjectVersion:   Dev-Core (375EC13C-06E4-48FB-B500-84F0262A717E): 1
LogDevObjectVersion:   Dev-Editor (E4B068ED-F494-42E9-A231-DA0B2E46BB41): 6
LogDevObjectVersion:   Dev-Framework (CFFC743F-43B0-4480-9391-14DF171D2073): 12
LogDevObjectVersion:   Dev-Mobile (B02B49B5-BB20-44E9-A304-32B752E40360): 0
LogDevObjectVersion:   Dev-Networking (A4E4105C-59A1-49B5-A7C5-40C4547EDFEE): 0
LogDevObjectVersion:   Dev-Online (39C831C9-5AE6-47DC-9A44-9C173E1C8E7C): 0
LogDevObjectVersion:   Dev-Physics (78F01B33-EBEA-4F98-B9B4-84EACCB95AA2): 0
LogDevObjectVersion:   Dev-Platform (6631380F-2D4D-43E0-8009-CF276956A95A): 0
LogDevObjectVersion:   Dev-Rendering (12F88B9F-8875-4AFC-A67C-D90C383ABD29): 4
LogDevObjectVersion:   Dev-Sequencer (7B5AE74C-D270-4C10-A958-57980B212A5A): 0
LogDevObjectVersion:   Dev-VR (D7296918-1DD6-4BDD-9DE2-64A83CC13884): 0
LogInit: Compiled (64-bit): Oct 24 2016 14:29:06
LogInit: Compiled with Visual C++: 19.00.23026.00
LogInit: Build Configuration: Development
LogInit: Branch Name: ++UE4+Release-4.13
LogInit: Command line:  
LogInit: Base directory: C:/Program Files/Epic Games/UE_4.13/Engine/Binaries/Win64/
LogInit: Installed Engine Build: 1
LogInit: Presizing for max 8388607 objects, including 0 objects not considered by GC, pre-allocating 0 bytes for permanent pool.
LogInit: Object subsystem initialized
[2019.07.05-08.20.21:562][  0]LogInit: Selected Device Profile: [Windows]
[2019.07.05-08.20.21:562][  0]LogInit: Applying CVar settings loaded from the selected device profile: [Windows]
[2019.07.05-08.20.21:607][  0]LogInit: Computer: IPE-VR-G752VS
[2019.07.05-08.20.21:607][  0]LogInit: User: PDV
[2019.07.05-08.20.21:607][  0]LogInit: CPU Page size=65536, Cores=4
[2019.07.05-08.20.21:607][  0]LogInit: High frequency timer resolution =2.531252 MHz
[2019.07.05-08.20.21:607][  0]LogMemory: Memory total: Physical=15.9GB (16GB approx)
[2019.07.05-08.20.21:607][  0]LogMemory: Platform Memory Stats for Windows
[2019.07.05-08.20.21:607][  0]LogMemory: Process Physical Memory: 259.52 MB used, 259.52 MB peak
[2019.07.05-08.20.21:607][  0]LogMemory: Process Virtual Memory: 259.69 MB used, 259.69 MB peak
[2019.07.05-08.20.21:607][  0]LogMemory: Physical Memory: 5501.32 MB used, 16319.74 MB total
[2019.07.05-08.20.21:607][  0]LogMemory: Virtual Memory: 657.76 MB used, 134217728.00 MB total
[2019.07.05-08.20.22:700][  0]LogTextLocalizationManager: No translations for ('de-DE') exist, falling back to 'en' for localization and internationalization data.
[2019.07.05-08.20.26:036][  0]LogD3D11RHI: D3D11 adapters:
[2019.07.05-08.20.26:094][  0]LogD3D11RHI:    0. 'NVIDIA GeForce GTX 1070' (Feature Level 11_0)
[2019.07.05-08.20.26:094][  0]LogD3D11RHI:       8089/0/8159 MB DedicatedVideo/DedicatedSystem/SharedSystem, Outputs:1, VendorId:0x10de
[2019.07.05-08.20.26:097][  0]LogD3D11RHI:    1. 'Microsoft Basic Render Driver' (Feature Level 11_0)
[2019.07.05-08.20.26:097][  0]LogD3D11RHI:       0/0/8159 MB DedicatedVideo/DedicatedSystem/SharedSystem, Outputs:0, VendorId:0x1414
[2019.07.05-08.20.26:097][  0]LogD3D11RHI: Chosen D3D11 Adapter: 0
[2019.07.05-08.20.26:110][  0]LogD3D11RHI: Creating new Direct3DDevice
[2019.07.05-08.20.26:110][  0]LogD3D11RHI:     GPU DeviceId: 0x1be1 (for the marketing name, search the web for "GPU Device Id")
[2019.07.05-08.20.26:110][  0]LogWindows: EnumDisplayDevices:
[2019.07.05-08.20.26:111][  0]LogWindows:    0. 'NVIDIA GeForce GTX 1070' (P:1 D:1)
[2019.07.05-08.20.26:111][  0]LogWindows:    1. 'NVIDIA GeForce GTX 1070' (P:0 D:0)
[2019.07.05-08.20.26:112][  0]LogWindows:    2. 'NVIDIA GeForce GTX 1070' (P:0 D:0)
[2019.07.05-08.20.26:112][  0]LogWindows:    3. 'NVIDIA GeForce GTX 1070' (P:0 D:0)
[2019.07.05-08.20.26:112][  0]LogWindows: DebugString: GetVideoDriverDetailsInvalid PrimaryIsNotTheChoosenAdapter GetVideoDriverDetailsInvalid PrimaryIsNotTheChoosenAdapter GetVideoDriverDetailsInvalid PrimaryIsNotTheChoosenAdapter GetVideoDriverDetailsInvalid PrimaryIsNotTheChoosenAdapter FoundDriverCount:0 
[2019.07.05-08.20.26:112][  0]LogD3D11RHI:     Adapter Name: NVIDIA GeForce GTX 1070
[2019.07.05-08.20.26:112][  0]LogD3D11RHI:   Driver Version: Unknown (internal:Unknown, unified:Unknown)
[2019.07.05-08.20.26:112][  0]LogD3D11RHI:      Driver Date: Unknown
[2019.07.05-08.20.26:112][  0]LogRHI: Texture pool is 1361 MB (70% of 1945 MB)
[2019.07.05-08.20.26:143][  0]LogD3D11RHI: Async texture creation enabled
[2019.07.05-08.20.26:208][  0]LogD3D11RHI: GPU Timing Frequency: 1000.000000 (Debug: 2 1)
[2019.07.05-08.20.26:209][  0]LogShaderCompilers: Guid format shader working directory is 5 characters bigger than the processId version (D:/UnrealProjects/vrkatrix4smlCtrl2tst/Intermediate/Shaders/WorkingDirectory/23308/).
[2019.07.05-08.20.26:209][  0]LogShaderCompilers: Cleaned the shader compiler working directory 'C:/Users/PDV/AppData/Local/Temp/UnrealShaderWorkingDir/2D4B3F2549822FA13335198736DD0A6D/'.
[2019.07.05-08.20.26:209][  0]LogShaderCompilers:Display: Using Local Shader Compiler.
[2019.07.05-08.20.28:707][  0]LogTemp:Display: Loaded TP AllDesktopTargetPlatform
[2019.07.05-08.20.28:718][  0]LogTemp:Display: Loaded TP WindowsClientTargetPlatform
[2019.07.05-08.20.28:730][  0]LogTemp:Display: Loaded TP WindowsNoEditorTargetPlatform
[2019.07.05-08.20.28:738][  0]LogTemp:Display: Loaded TP WindowsServerTargetPlatform
[2019.07.05-08.20.28:747][  0]LogTemp:Display: Loaded TP WindowsTargetPlatform
[2019.07.05-08.20.28:763][  0]LogTemp:Display: Loaded TP AndroidTargetPlatform
[2019.07.05-08.20.28:771][  0]LogTemp:Display: Loaded TP Android_ASTCTargetPlatform
[2019.07.05-08.20.28:778][  0]LogTemp:Display: Loaded TP Android_ATCTargetPlatform
[2019.07.05-08.20.28:787][  0]LogTemp:Display: Loaded TP Android_DXTTargetPlatform
[2019.07.05-08.20.28:794][  0]LogTemp:Display: Loaded TP Android_ETC1TargetPlatform
[2019.07.05-08.20.28:802][  0]LogTemp:Display: Loaded TP Android_ETC2TargetPlatform
[2019.07.05-08.20.28:819][  0]LogTemp:Display: Loaded TP Android_MultiTargetPlatform
[2019.07.05-08.20.28:819][  0]LogTemp:Display: Loaded TP Android_PVRTCTargetPlatform
[2019.07.05-08.20.28:821][  0]LogTemp:Display: Loaded TP HTML5TargetPlatform
[2019.07.05-08.20.28:850][  0]LogTemp:Display: Loaded TP IOSTargetPlatform
[2019.07.05-08.20.28:859][  0]LogTemp:Display: Loaded TP TVOSTargetPlatform
[2019.07.05-08.20.28:866][  0]LogTemp:Display: Loaded TP LinuxClientTargetPlatform
[2019.07.05-08.20.28:874][  0]LogTemp:Display: Loaded TP LinuxNoEditorTargetPlatform
[2019.07.05-08.20.28:881][  0]LogTemp:Display: Loaded TP LinuxServerTargetPlatform
[2019.07.05-08.20.28:894][  0]LogTemp:Display: Loaded TP LinuxTargetPlatform
[2019.07.05-08.20.28:894][  0]LogTargetPlatformManager:Display: Building Assets For Windows
[2019.07.05-08.20.29:068][  0]LogDerivedDataCache:Display: Max Cache Size: 512 MB
[2019.07.05-08.20.29:150][  0]LogDerivedDataCache: Loaded boot cache 0.08s 79MB C:/Users/PDV/AppData/Local/UnrealEngine/4.13/DerivedDataCache/Boot.ddc.
[2019.07.05-08.20.29:150][  0]LogDerivedDataCache:Display: Loaded Boot cache: C:/Users/PDV/AppData/Local/UnrealEngine/4.13/DerivedDataCache/Boot.ddc
[2019.07.05-08.20.29:151][  0]LogDerivedDataCache: FDerivedDataBackendGraph:  Pak pak cache file D:/UnrealProjects/vrkatrix4smlCtrl2tst/DerivedDataCache/DDC.ddp not found, will not use a pak cache.
[2019.07.05-08.20.29:151][  0]LogDerivedDataCache: Unable to find inner node Pak for hierarchical cache Hierarchy.
[2019.07.05-08.20.29:151][  0]LogDerivedDataCache: FDerivedDataBackendGraph:  CompressedPak pak cache file D:/UnrealProjects/vrkatrix4smlCtrl2tst/DerivedDataCache/Compressed.ddp not found, will not use a pak cache.
[2019.07.05-08.20.29:151][  0]LogDerivedDataCache: Unable to find inner node CompressedPak for hierarchical cache Hierarchy.
[2019.07.05-08.20.29:172][  0]LogDerivedDataCache:Display: Pak cache opened for reading ../../../Engine/DerivedDataCache/Compressed.ddp.
[2019.07.05-08.20.29:185][  0]LogDerivedDataCache: Using Local data cache path C:/Users/PDV/AppData/Local/UnrealEngine/Common/DerivedDataCache: Writable
[2019.07.05-08.20.29:556][  0]LogInit: Selected Device Profile: [Windows]
[2019.07.05-08.20.29:560][  0]LogContentStreaming: Texture pool size is 0.00 MB
[2019.07.05-08.20.29:683][  0]LogMeshUtilities: No automatic mesh reduction module available
[2019.07.05-08.20.29:683][  0]LogMeshUtilities: No automatic mesh merging module available
[2019.07.05-08.20.29:683][  0]LogMeshUtilities: No distributed automatic mesh merging module available
[2019.07.05-08.20.29:976][  0]LogMaterial: Uniform references updated for custom material expression Custom.
[2019.07.05-08.20.30:859][  0]LogNetVersion: GetLocalNetworkVersion: CL: 3106830, ProjectName: vrkatrix4smlctrl2tst, ProjectVersion: , EngineNetworkVersion: 1, GameNetworkVersion: 0, NetworkChecksum: 3061662331
[2019.07.05-08.20.30:916][  0]LogAssetRegistry: FAssetRegistry took 0.0221 seconds to start up
[2019.07.05-08.20.31:048][  0]LogPackageLocalizationCache: Processed 3 localized package path(s) for 1 prioritized culture(s) in 0.129018 seconds
[2019.07.05-08.20.31:053][  0]LogUObjectArray: 29778 objects as part of root set at end of initial load.
[2019.07.05-08.20.31:053][  0]LogUObjectAllocator: 6125456 out of 0 bytes used by permanent object pool.
[2019.07.05-08.20.31:053][  0]LogUObjectArray: CloseDisregardForGC: 0/0 objects in disregard for GC pool
[2019.07.05-08.20.31:062][  0]LogInit: WinSock: version 1.1 (2.2), MaxSocks=32767, MaxUdp=65467
[2019.07.05-08.20.31:613][  0]LogSlate: SlateFontCache - WITH_FREETYPE: 1, WITH_HARFBUZZ: 1
[2019.07.05-08.20.31:613][  0]LogSlate: SlateFontCache - WITH_FREETYPE: 1, WITH_HARFBUZZ: 1
[2019.07.05-08.20.35:506][  0]LogTcpMessaging: Initializing TcpMessaging bridge
[2019.07.05-08.20.35:534][  0]LogUdpMessaging: Initializing bridge on interface 0.0.0.0:0 to multicast group 230.0.0.1:6666.
[2019.07.05-08.20.36:097][  0]SourceControl: Info Source control is disabled
[2019.07.05-08.20.36:100][  0]SourceControl: Info Source control is disabled
[2019.07.05-08.20.36:115][  0]SourceControl: Info Source control is disabled
[2019.07.05-08.20.36:129][  0]SourceControl: Info Source control is disabled
[2019.07.05-08.20.36:628][  0]LogEngine: Initializing Engine...
[2019.07.05-08.20.37:418][  0]LogHMD: SteamVR initialized.  Driver: lighthouse  Display: LHR-93B68B81
[2019.07.05-08.20.37:745][  0]LogAIModule: Creating AISystem for world Untitled
[2019.07.05-08.20.37:823][  0]LogInit: XAudio2 using 'Speakers (Realtek High Definition Audio)' : 8 channels at 48 kHz using 32 bits per sample (channel mask 0x63f)
[2019.07.05-08.20.37:960][  0]LogInit: FAudioDevice initialized.
[2019.07.05-08.20.38:006][  0]LogDerivedDataCache: Saved boot cache 0.05s 65MB C:/Users/PDV/AppData/Local/UnrealEngine/4.13/DerivedDataCache/Boot.ddc.
[2019.07.05-08.20.38:025][  0]LogInit: Texture streaming: Enabled
[2019.07.05-08.20.38:071][  0]LogInit: Transaction tracking system initialized
[2019.07.05-08.20.38:106][  0]BlueprintLog: New page: Editor Load
[2019.07.05-08.20.38:237][  0]LocalizationService: Info Localization service is disabled
[2019.07.05-08.20.38:379][  0]LogConsoleResponse:Display: 
[2019.07.05-08.20.39:060][  0]LogCook:Display: Max memory allowance for cook 16384mb min free memory 0mb
[2019.07.05-08.20.39:060][  0]LogCook:Display: Mobile HDR setting 0
[2019.07.05-08.20.39:399][  0]LogFileCache: Scanning file cache for directory 'D:/UnrealProjects/vrkatrix4smlCtrl2tst/Content/' took 0.02s
[2019.07.05-08.20.39:399][  0]SourceControl: Info Source control is disabled
[2019.07.05-08.20.39:400][  0]Cmd: MAP LOAD FILE="D:/UnrealProjects/vrkatrix4smlCtrl2tst/Content/VirtualRealityBP/Maps/HMDLocomotionMap.umap" TEMPLATE=0 SHOWPROGRESS=1 FEATURELEVEL=3
[2019.07.05-08.20.39:427][  0]LightingResults: New page: Lighting Build
[2019.07.05-08.20.39:431][  0]MapCheck: New page: Map Check
[2019.07.05-08.20.39:431][  0]LightingResults: New page: Lighting Build
[2019.07.05-08.20.42:100][  0]LogStaticMesh: Building static mesh Boden-Box_Brush12_StaticMesh...
[2019.07.05-08.20.42:100][  0]LogMeshUtilities: Invalid vertex normals found for mesh. Forcing recomputation of vertex normals for MikkTSpace. Fix mesh or disable "Use MikkTSpace Tangent Space" to avoid forced recomputation of normals.
[2019.07.05-08.20.42:103][  0]LogStaticMesh: Built static mesh [0.00s] /Game/Geometry/katrin_test/Boden-Box_Brush12_StaticMesh.Boden-Box_Brush12_StaticMesh
[2019.07.05-08.20.42:103][  0]LogStaticMesh: Building static mesh katrix42v7_1_fpd_boden_1...
[2019.07.05-08.20.42:142][  0]LogStaticMesh: Built static mesh [0.04s] /Game/Geometry/katrin_test/katrix42v7_1_fpd_boden_1.katrix42v7_1_fpd_boden_1
[2019.07.05-08.20.42:142][  0]LogStaticMesh: Building static mesh katrix42v7_1_fpd_boden_1_um_katrin_halle...
[2019.07.05-08.20.42:155][  0]LogStaticMesh: Built static mesh [0.01s] /Game/Geometry/katrin_test/katrix42v7_1_fpd_boden_1_um_katrin_halle.katrix42v7_1_fpd_boden_1_um_katrin_halle
[2019.07.05-08.20.42:155][  0]LogStaticMesh: Building static mesh katrix42v7_1_fpd_campus-GEB-457-1...
[2019.07.05-08.20.42:168][  0]LogStaticMesh: Built static mesh [0.01s] /Game/Geometry/katrin_test/katrix42v7_1_fpd_campus-GEB-457-1.katrix42v7_1_fpd_campus-GEB-457-1
[2019.07.05-08.20.42:169][  0]LogStaticMesh: Building static mesh katrix42v7_1_fpd_campus-geb-457...
[2019.07.05-08.20.44:728][  0]LogStaticMesh: Built static mesh [2.56s] /Game/Geometry/katrin_test/katrix42v7_1_fpd_campus-geb-457.katrix42v7_1_fpd_campus-geb-457
[2019.07.05-08.20.44:729][  0]LogStaticMesh: Building static mesh katrix42v7_1_fpd_campus-geb-460verbindung462...
[2019.07.05-08.20.44:730][  0]LogStaticMesh: Built static mesh [0.00s] /Game/Geometry/katrin_test/katrix42v7_1_fpd_campus-geb-460verbindung462.katrix42v7_1_fpd_campus-geb-460verbindung462
[2019.07.05-08.20.44:730][  0]LogStaticMesh: Building static mesh katrix42v7_1_fpd_campus-geb-461...
[2019.07.05-08.20.44:733][  0]LogStaticMesh: Built static mesh [0.00s] /Game/Geometry/katrin_test/katrix42v7_1_fpd_campus-geb-461.katrix42v7_1_fpd_campus-geb-461
[2019.07.05-08.20.44:733][  0]LogStaticMesh: Building static mesh katrix42v7_1_fpd_campus-geb-462...
[2019.07.05-08.20.44:736][  0]LogStaticMesh: Built static mesh [0.00s] /Game/Geometry/katrin_test/katrix42v7_1_fpd_campus-geb-462.katrix42v7_1_fpd_campus-geb-462
[2019.07.05-08.20.44:736][  0]LogStaticMesh: Building static mesh katrix42v7_1_fpd_CPS-Bau-Leiter-Layer_0_ncl1_20_003...
[2019.07.05-08.20.44:758][  0]LogStaticMesh: Built static mesh [0.02s] /Game/Geometry/katrin_test/katrix42v7_1_fpd_CPS-Bau-Leiter-Layer_0_ncl1_20_003.katrix42v7_1_fpd_CPS-Bau-Leiter-Layer_0_ncl1_20_003
[2019.07.05-08.20.44:758][  0]LogStaticMesh: Building static mesh katrix42v7_1_fpd_CPS-PS-Torgeruest-Layer_0_006...
[2019.07.05-08.20.46:111][  0]LogStaticMesh: Built static mesh [1.35s] /Game/Geometry/katrin_test/katrix42v7_1_fpd_CPS-PS-Torgeruest-Layer_0_006.katrix42v7_1_fpd_CPS-PS-Torgeruest-Layer_0_006
[2019.07.05-08.20.46:113][  0]LogStaticMesh: Building static mesh katrix42v7_1_fpd_CPS-PS-Torgeruest-Layer_0_ncl1_27...
[2019.07.05-08.20.46:563][  0]LogStaticMesh: Built static mesh [0.45s] /Game/Geometry/katrin_test/katrix42v7_1_fpd_CPS-PS-Torgeruest-Layer_0_ncl1_27.katrix42v7_1_fpd_CPS-PS-Torgeruest-Layer_0_ncl1_27
[2019.07.05-08.20.46:564][  0]LogStaticMesh: Building static mesh katrix42v7_1_fpd_Cube_009...
[2019.07.05-08.20.46:564][  0]LogStaticMesh: Built static mesh [0.00s] /Game/Geometry/katrin_test/katrix42v7_1_fpd_Cube_009.katrix42v7_1_fpd_Cube_009
[2019.07.05-08.20.46:565][  0]LogStaticMesh: Building static mesh katrix42v7_1_fpd_Cube_012...
[2019.07.05-08.20.46:567][  0]LogStaticMesh: Built static mesh [0.00s] /Game/Geometry/katrin_test/katrix42v7_1_fpd_Cube_012.katrix42v7_1_fpd_Cube_012
[2019.07.05-08.20.46:567][  0]LogStaticMesh: Building static mesh katrix42v7_1_fpd_Cube_013...
[2019.07.05-08.20.46:569][  0]LogStaticMesh: Built static mesh [0.00s] /Game/Geometry/katrin_test/katrix42v7_1_fpd_Cube_013.katrix42v7_1_fpd_Cube_013
[2019.07.05-08.20.46:569][  0]LogStaticMesh: Building static mesh katrix42v7_1_fpd_Cube_027...
[2019.07.05-08.20.46:570][  0]LogStaticMesh: Built static mesh [0.00s] /Game/Geometry/katrin_test/katrix42v7_1_fpd_Cube_027.katrix42v7_1_fpd_Cube_027
[2019.07.05-08.20.46:570][  0]LogStaticMesh: Building static mesh katrix42v7_1_fpd_Cylinder...
[2019.07.05-08.20.46:571][  0]LogStaticMesh: Built static mesh [0.00s] /Game/Geometry/katrin_test/katrix42v7_1_fpd_Cylinder.katrix42v7_1_fpd_Cylinder
[2019.07.05-08.20.46:571][  0]LogStaticMesh: Building static mesh katrix42v7_1_fpd_efeld_tex-plane_001...
[2019.07.05-08.20.46:573][  0]LogStaticMesh: Built static mesh [0.00s] /Game/Geometry/katrin_test/katrix42v7_1_fpd_efeld_tex-plane_001.katrix42v7_1_fpd_efeld_tex-plane_001
[2019.07.05-08.20.46:573][  0]LogStaticMesh: Building static mesh katrix42v7_1_fpd_efeld_tex-plane...
[2019.07.05-08.20.46:575][  0]LogStaticMesh: Built static mesh [0.00s] /Game/Geometry/katrin_test/katrix42v7_1_fpd_efeld_tex-plane.katrix42v7_1_fpd_efeld_tex-plane
[2019.07.05-08.20.46:575][  0]LogStaticMesh: Building static mesh katrix42v7_1_fpd_electron...
[2019.07.05-08.20.46:577][  0]LogStaticMesh: Built static mesh [0.00s] /Game/Geometry/katrin_test/katrix42v7_1_fpd_electron.katrix42v7_1_fpd_electron
[2019.07.05-08.20.46:577][  0]LogStaticMesh: Building static mesh katrix42v7_1_fpd_electron_tex...
[2019.07.05-08.20.46:579][  0]LogStaticMesh: Built static mesh [0.00s] /Game/Geometry/katrin_test/katrix42v7_1_fpd_electron_tex.katrix42v7_1_fpd_electron_tex
[2019.07.05-08.20.46:580][  0]LogStaticMesh: Building static mesh katrix42v7_1_fpd_FPD_neu-Cryo-Part-Zilynder-neu...
[2019.07.05-08.20.46:585][  0]LogStaticMesh: Built static mesh [0.01s] /Game/Geometry/katrin_test/katrix42v7_1_fpd_FPD_neu-Cryo-Part-Zilynder-neu.katrix42v7_1_fpd_FPD_neu-Cryo-Part-Zilynder-neu
[2019.07.05-08.20.46:586][  0]LogStaticMesh: Building static mesh katrix42v7_1_fpd_FPD_neu-Cryo-Part-Zylinder...
[2019.07.05-08.20.46:596][  0]LogStaticMesh: Built static mesh [0.01s] /Game/Geometry/katrin_test/katrix42v7_1_fpd_FPD_neu-Cryo-Part-Zylinder.katrix42v7_1_fpd_FPD_neu-Cryo-Part-Zylinder
[2019.07.05-08.20.46:597][  0]LogStaticMesh: Building static mesh katrix42v7_1_fpd_FPD_neu-Cryo-Part-Zylinder_long...
[2019.07.05-08.20.46:607][  0]LogStaticMesh: Built static mesh [0.01s] /Game/Geometry/katrin_test/katrix42v7_1_fpd_FPD_neu-Cryo-Part-Zylinder_long.katrix42v7_1_fpd_FPD_neu-Cryo-Part-Zylinder_long
[2019.07.05-08.20.46:608][  0]LogStaticMesh: Building static mesh katrix42v7_1_fpd_FPD_neu-Cryo-Part-Zylinder_long_transparent_x-ray...
[2019.07.05-08.20.46:618][  0]LogStaticMesh: Built static mesh [0.01s] /Game/Geometry/katrin_test/katrix42v7_1_fpd_FPD_neu-Cryo-Part-Zylinder_long_transparent_x-ray.katrix42v7_1_fpd_FPD_neu-Cryo-Part-Zylinder_long_transparent_x-ray
[2019.07.05-08.20.46:618][  0]LogStaticMesh: Building static mesh katrix42v7_1_fpd_FPD_neu-Cryo-Part...
[2019.07.05-08.20.47:374][  0]LogStaticMesh: Built static mesh [0.76s] /Game/Geometry/katrin_test/katrix42v7_1_fpd_FPD_neu-Cryo-Part.katrix42v7_1_fpd_FPD_neu-Cryo-Part
[2019.07.05-08.20.47:374][  0]LogStaticMesh: Building static mesh katrix42v7_1_fpd_FPD_neu-Cryo-Part_Zyl+Rings-rm-nachmodelliert...
[2019.07.05-08.20.47:958][  0]LogStaticMesh: Built static mesh [0.58s] /Game/Geometry/katrin_test/katrix42v7_1_fpd_FPD_neu-Cryo-Part_Zyl+Rings-rm-nachmodelliert.katrix42v7_1_fpd_FPD_neu-Cryo-Part_Zyl+Rings-rm-nachmodelliert
[2019.07.05-08.20.47:958][  0]LogStaticMesh: Building static mesh katrix42v7_1_fpd_FPD_neu-CryoPartBig-T...
[2019.07.05-08.20.48:494][  0]LogStaticMesh: Built static mesh [0.54s] /Game/Geometry/katrin_test/katrix42v7_1_fpd_FPD_neu-CryoPartBig-T.katrix42v7_1_fpd_FPD_neu-CryoPartBig-T
[2019.07.05-08.20.48:494][  0]LogStaticMesh: Building static mesh katrix42v7_1_fpd_FPD_neu-CryoPartBig-T_Zyl-rm-nachmodelliert...
[2019.07.05-08.20.48:656][  0]LogStaticMesh: Built static mesh [0.16s] /Game/Geometry/katrin_test/katrix42v7_1_fpd_FPD_neu-CryoPartBig-T_Zyl-rm-nachmodelliert.katrix42v7_1_fpd_FPD_neu-CryoPartBig-T_Zyl-rm-nachmodelliert
[2019.07.05-08.20.48:657][  0]LogStaticMesh: Building static mesh katrix42v7_1_fpd_FPD_neu-Gestell...
[2019.07.05-08.20.49:500][  0]LogStaticMesh: Built static mesh [0.84s] /Game/Geometry/katrin_test/katrix42v7_1_fpd_FPD_neu-Gestell.katrix42v7_1_fpd_FPD_neu-Gestell
[2019.07.05-08.20.49:501][  0]LogStaticMesh: Building static mesh katrix42v7_1_fpd_FPD_neu-HV-Box...
[2019.07.05-08.20.49:703][  0]LogStaticMesh: Built static mesh [0.20s] /Game/Geometry/katrin_test/katrix42v7_1_fpd_FPD_neu-HV-Box.katrix42v7_1_fpd_FPD_neu-HV-Box
[2019.07.05-08.20.49:704][  0]LogStaticMesh: Building static mesh katrix42v7_1_fpd_FPD_neu-MagnetNord...
[2019.07.05-08.20.49:769][  0]LogStaticMesh: Built static mesh [0.07s] /Game/Geometry/katrin_test/katrix42v7_1_fpd_FPD_neu-MagnetNord.katrix42v7_1_fpd_FPD_neu-MagnetNord
[2019.07.05-08.20.49:769][  0]LogStaticMesh: Building static mesh katrix42v7_1_fpd_FPD_neu-MagnetSued...
[2019.07.05-08.20.49:897][  0]LogStaticMesh: Built static mesh [0.13s] /Game/Geometry/katrin_test/katrix42v7_1_fpd_FPD_neu-MagnetSued.katrix42v7_1_fpd_FPD_neu-MagnetSued
[2019.07.05-08.20.49:897][  0]LogStaticMesh: Building static mesh katrix42v7_1_fpd_FPD_schienen...
[2019.07.05-08.20.49:966][  0]LogStaticMesh: Built static mesh [0.07s] /Game/Geometry/katrin_test/katrix42v7_1_fpd_FPD_schienen.katrix42v7_1_fpd_FPD_schienen
[2019.07.05-08.20.49:967][  0]LogStaticMesh: Building static mesh katrix42v7_1_fpd_FPD_Wafer-ohne-Rand...
[2019.07.05-08.20.50:525][  0]LogStaticMesh: Built static mesh [0.56s] /Game/Geometry/katrin_test/katrix42v7_1_fpd_FPD_Wafer-ohne-Rand.katrix42v7_1_fpd_FPD_Wafer-ohne-Rand
[2019.07.05-08.20.50:527][  0]LogStaticMesh: Building static mesh katrix42v7_1_fpd_FPD_Wafer-Texture...
[2019.07.05-08.20.50:528][  0]LogStaticMesh: Built static mesh [0.00s] /Game/Geometry/katrin_test/katrix42v7_1_fpd_FPD_Wafer-Texture.katrix42v7_1_fpd_FPD_Wafer-Texture
[2019.07.05-08.20.50:529][  0]LogStaticMesh: Building static mesh katrix42v7_1_fpd_FPD_Wafer-Texture_gross-unused...
[2019.07.05-08.20.50:530][  0]LogStaticMesh: Built static mesh [0.00s] /Game/Geometry/katrin_test/katrix42v7_1_fpd_FPD_Wafer-Texture_gross-unused.katrix42v7_1_fpd_FPD_Wafer-Texture_gross-unused
[2019.07.05-08.20.50:531][  0]LogStaticMesh: Building static mesh katrix42v7_1_fpd_FPD_WaferAussen...
[2019.07.05-08.20.50:531][  0]LogStaticMesh: Built static mesh [0.00s] /Game/Geometry/katrin_test/katrix42v7_1_fpd_FPD_WaferAussen.katrix42v7_1_fpd_FPD_WaferAussen
[2019.07.05-08.20.50:532][  0]LogStaticMesh: Building static mesh katrix42v7_1_fpd_FPD_WaferAussen_gross-unused...
[2019.07.05-08.20.50:532][  0]LogStaticMesh: Built static mesh [0.00s] /Game/Geometry/katrin_test/katrix42v7_1_fpd_FPD_WaferAussen_gross-unused.katrix42v7_1_fpd_FPD_WaferAussen_gross-unused
[2019.07.05-08.20.50:532][  0]LogStaticMesh: Building static mesh katrix42v7_1_fpd_Haupttor-Ost-Layer_0_ncl1_1...
[2019.07.05-08.20.50:537][  0]LogStaticMesh: Built static mesh [0.00s] /Game/Geometry/katrin_test/katrix42v7_1_fpd_Haupttor-Ost-Layer_0_ncl1_1.katrix42v7_1_fpd_Haupttor-Ost-Layer_0_ncl1_1
[2019.07.05-08.20.50:537][  0]LogStaticMesh: Building static mesh katrix42v7_1_fpd_Layer_0_ncl1_4...
[2019.07.05-08.20.50:568][  0]LogStaticMesh: Built static mesh [0.03s] /Game/Geometry/katrin_test/katrix42v7_1_fpd_Layer_0_ncl1_4.katrix42v7_1_fpd_Layer_0_ncl1_4
[2019.07.05-08.20.50:569][  0]LogStaticMesh: Building static mesh katrix42v7_1_fpd_Layer_0_ncl1_21...
[2019.07.05-08.20.50:768][  0]LogStaticMesh: Built static mesh [0.20s] /Game/Geometry/katrin_test/katrix42v7_1_fpd_Layer_0_ncl1_21.katrix42v7_1_fpd_Layer_0_ncl1_21
[2019.07.05-08.20.50:768][  0]LogStaticMesh: Building static mesh katrix42v7_1_fpd_MainSpectrometer_Aussenspule_Aircoils...
[2019.07.05-08.20.55:612][  0]LogStaticMesh: Built static mesh [4.84s] /Game/Geometry/katrin_test/katrix42v7_1_fpd_MainSpectrometer_Aussenspule_Aircoils.katrix42v7_1_fpd_MainSpectrometer_Aussenspule_Aircoils
[2019.07.05-08.20.55:615][  0]LogStaticMesh: Building static mesh katrix42v7_1_fpd_MainSpectrometer_Aussenspule_Aircoils_Gestell...
[2019.07.05-08.20.55:912][  0]LogStaticMesh: Built static mesh [0.30s] /Game/Geometry/katrin_test/katrix42v7_1_fpd_MainSpectrometer_Aussenspule_Aircoils_Gestell.katrix42v7_1_fpd_MainSpectrometer_Aussenspule_Aircoils_Gestell
[2019.07.05-08.20.55:913][  0]LogStaticMesh: Building static mesh katrix42v7_1_fpd_MainSpectrometer_Gebaeude-Braune-Lueftung...
[2019.07.05-08.20.56:211][  0]LogStaticMesh: Built static mesh [0.30s] /Game/Geometry/katrin_test/katrix42v7_1_fpd_MainSpectrometer_Gebaeude-Braune-Lueftung.katrix42v7_1_fpd_MainSpectrometer_Gebaeude-Braune-Lueftung
[2019.07.05-08.20.56:211][  0]LogStaticMesh: Building static mesh katrix42v7_1_fpd_MainSpectrometer_Gebaeude-mit-aussenspule...
[2019.07.05-08.20.58:447][  0]LogStaticMesh: Built static mesh [2.24s] /Game/Geometry/katrin_test/katrix42v7_1_fpd_MainSpectrometer_Gebaeude-mit-aussenspule.katrix42v7_1_fpd_MainSpectrometer_Gebaeude-mit-aussenspule
[2019.07.05-08.20.58:451][  0]LogStaticMesh: Building static mesh katrix42v7_1_fpd_MainSpectrometer_Gebaeude-mit-aussenspule_HV-Boxen-keller-tuerk...
[2019.07.05-08.20.58:455][  0]LogStaticMesh: Built static mesh [0.00s] /Game/Geometry/katrin_test/katrix42v7_1_fpd_MainSpectrometer_Gebaeude-mit-aussenspule_HV-Boxen-keller-tuerk.katrix42v7_1_fpd_MainSpectrometer_Gebaeude-mit-aussenspule_HV-Boxen-keller-tuerk
[2019.07.05-08.20.58:455][  0]LogStaticMesh: Building static mesh katrix42v7_1_fpd_MainSpectrometer_Gebaeude-Violette-Lueftung...
[2019.07.05-08.20.59:313][  0]LogStaticMesh: Built static mesh [0.86s] /Game/Geometry/katrin_test/katrix42v7_1_fpd_MainSpectrometer_Gebaeude-Violette-Lueftung.katrix42v7_1_fpd_MainSpectrometer_Gebaeude-Violette-Lueftung
[2019.07.05-08.20.59:314][  0]LogStaticMesh: Building static mesh katrix42v7_1_fpd_MainSpectrometer_Gebaeude-Wände...
[2019.07.05-08.21.00:191][  0]LogStaticMesh: Built static mesh [0.88s] /Game/Geometry/katrin_test/katrix42v7_1_fpd_MainSpectrometer_Gebaeude-Wände.katrix42v7_1_fpd_MainSpectrometer_Gebaeude-Wände
[2019.07.05-08.21.00:192][  0]LogStaticMesh: Building static mesh katrix42v7_1_fpd_MainSpectrometer_Treppe-FPD-Buehne_innen_001...
[2019.07.05-08.21.00:219][  0]LogStaticMesh: Built static mesh [0.03s] /Game/Geometry/katrin_test/katrix42v7_1_fpd_MainSpectrometer_Treppe-FPD-Buehne_innen_001.katrix42v7_1_fpd_MainSpectrometer_Treppe-FPD-Buehne_innen_001
[2019.07.05-08.21.00:219][  0]LogStaticMesh: Building static mesh katrix42v7_1_fpd_MainSpectrometer_Treppe-FPD-Buehne_innen...
[2019.07.05-08.21.00:249][  0]LogStaticMesh: Built static mesh [0.03s] /Game/Geometry/katrin_test/katrix42v7_1_fpd_MainSpectrometer_Treppe-FPD-Buehne_innen.katrix42v7_1_fpd_MainSpectrometer_Treppe-FPD-Buehne_innen
[2019.07.05-08.21.00:249][  0]LogStaticMesh: Building static mesh katrix42v7_1_fpd_MainSpectrometer_ValvePreSpec...
[2019.07.05-08.21.00:275][  0]LogStaticMesh: Built static mesh [0.03s] /Game/Geometry/katrin_test/katrix42v7_1_fpd_MainSpectrometer_ValvePreSpec.katrix42v7_1_fpd_MainSpectrometer_ValvePreSpec
[2019.07.05-08.21.00:275][  0]LogStaticMesh: Building static mesh katrix42v7_1_fpd_MainSpectrometerVessel_Doublesided-holes-win2...
[2019.07.05-08.21.00:276][  0]LogStaticMesh: Built static mesh [0.00s] /Game/Geometry/katrin_test/katrix42v7_1_fpd_MainSpectrometerVessel_Doublesided-holes-win2.katrix42v7_1_fpd_MainSpectrometerVessel_Doublesided-holes-win2
[2019.07.05-08.21.00:276][  0]LogStaticMesh: Building static mesh katrix42v7_1_fpd_MainSpectrometerVessel_Doublesided-holes-win...
[2019.07.05-08.21.00:276][  0]LogStaticMesh: Built static mesh [0.00s] /Game/Geometry/katrin_test/katrix42v7_1_fpd_MainSpectrometerVessel_Doublesided-holes-win.katrix42v7_1_fpd_MainSpectrometerVessel_Doublesided-holes-win
[2019.07.05-08.21.00:277][  0]LogStaticMesh: Building static mesh katrix42v7_1_fpd_MainSpectrometerVessel_Doublesided-holes...
[2019.07.05-08.21.00:315][  0]LogStaticMesh: Built static mesh [0.04s] /Game/Geometry/katrin_test/katrix42v7_1_fpd_MainSpectrometerVessel_Doublesided-holes.katrix42v7_1_fpd_MainSpectrometerVessel_Doublesided-holes
[2019.07.05-08.21.00:316][  0]LogStaticMesh: Building static mesh katrix42v7_1_fpd_MainSpectrometerVessel_Doublesided...
[2019.07.05-08.21.00:389][  0]LogStaticMesh: Built static mesh [0.07s] /Game/Geometry/katrin_test/katrix42v7_1_fpd_MainSpectrometerVessel_Doublesided.katrix42v7_1_fpd_MainSpectrometerVessel_Doublesided
[2019.07.05-08.21.00:389][  0]LogStaticMesh: Building static mesh katrix42v7_1_fpd_MainSpectrometerVessel_Original-one-sided...
[2019.07.05-08.21.00:400][  0]LogStaticMesh: Built static mesh [0.01s] /Game/Geometry/katrin_test/katrix42v7_1_fpd_MainSpectrometerVessel_Original-one-sided.katrix42v7_1_fpd_MainSpectrometerVessel_Original-one-sided
[2019.07.05-08.21.00:401][  0]LogStaticMesh: Building static mesh katrix42v7_1_fpd_No1__valve-CPS-DPS...
[2019.07.05-08.21.00:488][  0]LogStaticMesh: Built static mesh [0.09s] /Game/Geometry/katrin_test/katrix42v7_1_fpd_No1__valve-CPS-DPS.katrix42v7_1_fpd_No1__valve-CPS-DPS
[2019.07.05-08.21.00:489][  0]LogStaticMesh: Building static mesh katrix42v7_1_fpd_Plane_002...
[2019.07.05-08.21.00:489][  0]LogStaticMesh: Built static mesh [0.00s] /Game/Geometry/katrin_test/katrix42v7_1_fpd_Plane_002.katrix42v7_1_fpd_Plane_002
[2019.07.05-08.21.00:489][  0]LogStaticMesh: Building static mesh katrix42v7_1_fpd_Plane_012...
[2019.07.05-08.21.00:489][  0]LogStaticMesh: Built static mesh [0.00s] /Game/Geometry/katrin_test/katrix42v7_1_fpd_Plane_012.katrix42v7_1_fpd_Plane_012
[2019.07.05-08.21.00:489][  0]LogStaticMesh: Building static mesh katrix42v7_1_fpd_PreSpectrometer_001...
[2019.07.05-08.21.01:438][  0]LogStaticMesh: Built static mesh [0.95s] /Game/Geometry/katrin_test/katrix42v7_1_fpd_PreSpectrometer_001.katrix42v7_1_fpd_PreSpectrometer_001
[2019.07.05-08.21.01:440][  0]LogStaticMesh: Building static mesh katrix42v7_1_fpd_PrespecValve2CPS_No2_...
[2019.07.05-08.21.01:455][  0]LogStaticMesh: Built static mesh [0.02s] /Game/Geometry/katrin_test/katrix42v7_1_fpd_PrespecValve2CPS_No2_.katrix42v7_1_fpd_PrespecValve2CPS_No2_
[2019.07.05-08.21.01:455][  0]LogStaticMesh: Building static mesh katrix42v7_1_fpd_Schrank01_001...
[2019.07.05-08.21.01:465][  0]LogStaticMesh: Built static mesh [0.01s] /Game/Geometry/katrin_test/katrix42v7_1_fpd_Schrank01_001.katrix42v7_1_fpd_Schrank01_001
[2019.07.05-08.21.01:465][  0]LogStaticMesh: Building static mesh katrix42v7_1_fpd_Source_001-RearSection...
[2019.07.05-08.21.01:470][  0]LogStaticMesh: Built static mesh [0.00s] /Game/Geometry/katrin_test/katrix42v7_1_fpd_Source_001-RearSection.katrix42v7_1_fpd_Source_001-RearSection
[2019.07.05-08.21.01:470][  0]LogStaticMesh: Building static mesh katrix42v7_1_fpd_spirale_anim_leuchtend_000...
[2019.07.05-08.21.01:473][  0]LogStaticMesh: Built static mesh [0.00s] /Game/Geometry/katrin_test/katrix42v7_1_fpd_spirale_anim_leuchtend_000.katrix42v7_1_fpd_spirale_anim_leuchtend_000
[2019.07.05-08.21.01:474][  0]LogStaticMesh: Building static mesh katrix42v7_1_fpd_strasse2_1_vor_KATRIN_HALLE...
[2019.07.05-08.21.01:478][  0]LogStaticMesh: Built static mesh [0.00s] /Game/Geometry/katrin_test/katrix42v7_1_fpd_strasse2_1_vor_KATRIN_HALLE.katrix42v7_1_fpd_strasse2_1_vor_KATRIN_HALLE
[2019.07.05-08.21.01:478][  0]LogStaticMesh: Building static mesh katrix42v7_1_fpd_strasse2_1...
[2019.07.05-08.21.01:576][  0]LogStaticMesh: Built static mesh [0.10s] /Game/Geometry/katrin_test/katrix42v7_1_fpd_strasse2_1.katrix42v7_1_fpd_strasse2_1
[2019.07.05-08.21.01:576][  0]LogStaticMesh: Building static mesh katrix42v7_1_fpd_TransportSection-GeruestZwischenboden-HR8k...
[2019.07.05-08.21.05:030][  0]LogStaticMesh: Built static mesh [3.45s] /Game/Geometry/katrin_test/katrix42v7_1_fpd_TransportSection-GeruestZwischenboden-HR8k.katrix42v7_1_fpd_TransportSection-GeruestZwischenboden-HR8k
[2019.07.05-08.21.05:032][  0]LogStaticMesh: Building static mesh katrix42v7_1_fpd_TransportSection_CPS_001_transparent...
[2019.07.05-08.21.05:095][  0]LogStaticMesh: Built static mesh [0.06s] /Game/Geometry/katrin_test/katrix42v7_1_fpd_TransportSection_CPS_001_transparent.katrix42v7_1_fpd_TransportSection_CPS_001_transparent
[2019.07.05-08.21.05:096][  0]LogStaticMesh: Building static mesh katrix42v7_1_fpd_TransportSection_CPS...
[2019.07.05-08.21.05:152][  0]LogStaticMesh: Built static mesh [0.06s] /Game/Geometry/katrin_test/katrix42v7_1_fpd_TransportSection_CPS.katrix42v7_1_fpd_TransportSection_CPS
[2019.07.05-08.21.05:152][  0]LogStaticMesh: Building static mesh katrix42v7_1_fpd_TransportSection_CPS_Zwischendecke...
[2019.07.05-08.21.05:157][  0]LogStaticMesh: Built static mesh [0.00s] /Game/Geometry/katrin_test/katrix42v7_1_fpd_TransportSection_CPS_Zwischendecke.katrix42v7_1_fpd_TransportSection_CPS_Zwischendecke
[2019.07.05-08.21.05:158][  0]LogStaticMesh: Building static mesh katrix42v7_1_fpd_TransportSection_DPS_001_transparent...
[2019.07.05-08.21.05:204][  0]LogStaticMesh: Built static mesh [0.05s] /Game/Geometry/katrin_test/katrix42v7_1_fpd_TransportSection_DPS_001_transparent.katrix42v7_1_fpd_TransportSection_DPS_001_transparent
[2019.07.05-08.21.05:205][  0]LogStaticMesh: Building static mesh katrix42v7_1_fpd_TransportSection_DPS...
[2019.07.05-08.21.05:256][  0]LogStaticMesh: Built static mesh [0.05s] /Game/Geometry/katrin_test/katrix42v7_1_fpd_TransportSection_DPS.katrix42v7_1_fpd_TransportSection_DPS
[2019.07.05-08.21.05:257][  0]LogStaticMesh: Building static mesh katrix42v7_1_fpd_TransportSection_DPS_TMPs...
[2019.07.05-08.21.05:263][  0]LogStaticMesh: Built static mesh [0.01s] /Game/Geometry/katrin_test/katrix42v7_1_fpd_TransportSection_DPS_TMPs.katrix42v7_1_fpd_TransportSection_DPS_TMPs
[2019.07.05-08.21.05:264][  0]LogStaticMesh: Building static mesh katrix42v7_1_fpd_TransportSection_Gebaeude...
[2019.07.05-08.21.06:039][  0]LogStaticMesh: Built static mesh [0.78s] /Game/Geometry/katrin_test/katrix42v7_1_fpd_TransportSection_Gebaeude.katrix42v7_1_fpd_TransportSection_Gebaeude
[2019.07.05-08.21.06:040][  0]LogStaticMesh: Building static mesh katrix42v7_1_fpd_TransportSection_Schrank-blau-Layer_0_ncl1_11...
[2019.07.05-08.21.06:062][  0]LogStaticMesh: Built static mesh [0.02s] /Game/Geometry/katrin_test/katrix42v7_1_fpd_TransportSection_Schrank-blau-Layer_0_ncl1_11.katrix42v7_1_fpd_TransportSection_Schrank-blau-Layer_0_ncl1_11
[2019.07.05-08.21.06:063][  0]LogStaticMesh: Building static mesh katrix42v7_1_fpd_Transportsection_Zwischenboden+Luft...
[2019.07.05-08.21.06:475][  0]LogStaticMesh: Built static mesh [0.41s] /Game/Geometry/katrin_test/katrix42v7_1_fpd_Transportsection_Zwischenboden+Luft.katrix42v7_1_fpd_Transportsection_Zwischenboden+Luft
[2019.07.05-08.21.06:476][  0]LogStaticMesh: Building static mesh katrix42v7_1_fpd_TritiumFlow1_Plane_002...
[2019.07.05-08.21.06:478][  0]LogStaticMesh: Built static mesh [0.00s] /Game/Geometry/katrin_test/katrix42v7_1_fpd_TritiumFlow1_Plane_002.katrix42v7_1_fpd_TritiumFlow1_Plane_002
[2019.07.05-08.21.06:478][  0]LogStaticMesh: Building static mesh katrix42v7_1_fpd_TritiumFlow1_Plane_011...
[2019.07.05-08.21.06:479][  0]LogStaticMesh: Built static mesh [0.00s] /Game/Geometry/katrin_test/katrix42v7_1_fpd_TritiumFlow1_Plane_011.katrix42v7_1_fpd_TritiumFlow1_Plane_011
[2019.07.05-08.21.06:480][  0]LogStaticMesh: Building static mesh katrix42v7_1_fpd_TritiumGeb-Bodendeckel...
[2019.07.05-08.21.06:482][  0]LogStaticMesh: Built static mesh [0.00s] /Game/Geometry/katrin_test/katrix42v7_1_fpd_TritiumGeb-Bodendeckel.katrix42v7_1_fpd_TritiumGeb-Bodendeckel
[2019.07.05-08.21.06:482][  0]LogStaticMesh: Building static mesh katrix42v7_1_fpd_TritiumSource_003_Gestell...
[2019.07.05-08.21.06:513][  0]LogStaticMesh: Built static mesh [0.03s] /Game/Geometry/katrin_test/katrix42v7_1_fpd_TritiumSource_003_Gestell.katrix42v7_1_fpd_TritiumSource_003_Gestell
[2019.07.05-08.21.06:514][  0]LogStaticMesh: Building static mesh katrix42v7_1_fpd_TritiumSource_004_Zylinder_EndCaps...
[2019.07.05-08.21.06:586][  0]LogStaticMesh: Built static mesh [0.07s] /Game/Geometry/katrin_test/katrix42v7_1_fpd_TritiumSource_004_Zylinder_EndCaps.katrix42v7_1_fpd_TritiumSource_004_Zylinder_EndCaps
[2019.07.05-08.21.06:586][  0]LogStaticMesh: Building static mesh katrix42v7_1_fpd_TritiumSource_004_Zylinder_ohneGest_Opaque...
[2019.07.05-08.21.06:591][  0]LogStaticMesh: Built static mesh [0.00s] /Game/Geometry/katrin_test/katrix42v7_1_fpd_TritiumSource_004_Zylinder_ohneGest_Opaque.katrix42v7_1_fpd_TritiumSource_004_Zylinder_ohneGest_Opaque
[2019.07.05-08.21.06:591][  0]LogStaticMesh: Building static mesh katrix42v7_1_fpd_TritiumSource_004_Zylinder_ohneGest_Transparent...
[2019.07.05-08.21.06:596][  0]LogStaticMesh: Built static mesh [0.01s] /Game/Geometry/katrin_test/katrix42v7_1_fpd_TritiumSource_004_Zylinder_ohneGest_Transparent.katrix42v7_1_fpd_TritiumSource_004_Zylinder_ohneGest_Transparent
[2019.07.05-08.21.06:597][  0]LogStaticMesh: Building static mesh katrix42v7_1_fpd_TritiumSource_Gebaeude...
[2019.07.05-08.21.06:904][  0]LogStaticMesh: Built static mesh [0.31s] /Game/Geometry/katrin_test/katrix42v7_1_fpd_TritiumSource_Gebaeude.katrix42v7_1_fpd_TritiumSource_Gebaeude
[2019.07.05-08.21.06:905][  0]LogStaticMesh: Building static mesh katrix42v7_1_fpd_Welt-Ebene...
[2019.07.05-08.21.06:905][  0]LogStaticMesh: Built static mesh [0.00s] /Game/Geometry/katrin_test/katrix42v7_1_fpd_Welt-Ebene.katrix42v7_1_fpd_Welt-Ebene
[2019.07.05-08.21.06:908][  0]LogMaterial: Missing cached shader map for material MobSU-DarkGrey-mat, compiling. 
[2019.07.05-08.21.06:946][  0]LogMaterial: Missing cached shader map for material Dark_Green_000, compiling. 
[2019.07.05-08.21.07:038][  0]LogTexture:Display: Building textures: Grass0126_2_S (AutoDXT)
[2019.07.05-08.21.08:110][  0]LogTexture:Display: Building textures: cloud_512_A_TILED (AutoDXT)
[2019.07.05-08.21.08:230][  0]LogMaterial: Missing cached shader map for material Clear___Green_1_000, compiling. 
[2019.07.05-08.21.08:261][  0]LogTexture:Display: Building textures: cloud1_256_TILED (AutoDXT)
[2019.07.05-08.21.08:295][  0]LogMaterial: Missing cached shader map for material BodenGrass-Material, compiling. 
[2019.07.05-08.21.08:296][  0]LogMaterial:Warning: Failed to compile Material /Game/Geometry/katrin_test/BodenGrass-Material.BodenGrass-Material for platform PCD3D_SM5, Default Material will be used in game.
[2019.07.05-08.21.08:296][  0]LogMaterial:Warning: 	(Node TextureSample) TextureSample> Sampler type is Normal, should be Color for /Game/Geometry/katrin_test/Grass0126_2_S.Grass0126_2_S
[2019.07.05-08.21.08:410][  0]LogMaterial: Missing cached shader map for material FPD_neu_HV+Cryo_material_1_transparent, compiling. 
[2019.07.05-08.21.08:434][  0]LogMaterial: Missing cached shader map for material FPD_neu_HV+Cryo_material_1, compiling. 
[2019.07.05-08.21.08:508][  0]LogTexture:Display: Building textures: rayglow3 (AutoDXT)
[2019.07.05-08.21.08:596][  0]LogMaterial: Missing cached shader map for material Mat_electron_tex, compiling. 
[2019.07.05-08.21.08:678][  0]LogTexture:Display: Building textures: lensflares1_MULTI (AutoDXT)
[2019.07.05-08.21.08:899][  0]LogMaterial: Missing cached shader map for material EFeld-Mat-Tex, compiling. 
[2019.07.05-08.21.08:937][  0]LogMaterial: Missing cached shader map for material Blue___Wall_Paint___Glossy_ncl1_2, compiling. 
[2019.07.05-08.21.08:971][  0]LogMaterial: Missing cached shader map for material Sky_Blue_Medium_001, compiling. 
[2019.07.05-08.21.08:995][  0]LogMaterial: Missing cached shader map for material Default, compiling. 
[2019.07.05-08.21.09:022][  0]LogMaterial: Missing cached shader map for material 00-Material_grau-default, compiling. 
[2019.07.05-08.21.09:047][  0]LogMaterial: Missing cached shader map for material Material_012, compiling. 
[2019.07.05-08.21.09:124][  0]LogTexture:Display: Building textures: 20140618_113647_MS_AussenwandGelb_tiles (AutoDXT)
[2019.07.05-08.21.09:216][  0]LogMaterial: Missing cached shader map for material gelb-ms-halle, compiling. 
[2019.07.05-08.21.09:241][  0]LogMaterial: Missing cached shader map for material gelb-ms-halle-oben, compiling. 
[2019.07.05-08.21.09:269][  0]LogMaterial: Missing cached shader map for material boden-ms-material, compiling. 
[2019.07.05-08.21.09:296][  0]LogMaterial: Missing cached shader map for material Violet_000, compiling. 
[2019.07.05-08.21.09:323][  0]LogMaterial: Missing cached shader map for material Cadet_Blue_002, compiling. 
[2019.07.05-08.21.09:347][  0]LogMaterial: Missing cached shader map for material White_000, compiling. 
[2019.07.05-08.21.09:372][  0]LogMaterial: Missing cached shader map for material Wheat_002, compiling. 
[2019.07.05-08.21.09:397][  0]LogMaterial: Missing cached shader map for material Weld___Brass_000, compiling. 
[2019.07.05-08.21.09:421][  0]LogMaterial: Missing cached shader map for material Turquoise_002, compiling. 
[2019.07.05-08.21.09:447][  0]LogMaterial: Missing cached shader map for material Smooth___Yellow_000, compiling. 
[2019.07.05-08.21.09:471][  0]LogMaterial: Missing cached shader map for material Smooth___Purple_002, compiling. 
[2019.07.05-08.21.09:495][  0]LogMaterial: Missing cached shader map for material Smooth___Ivory_000, compiling. 
[2019.07.05-08.21.09:518][  0]LogMaterial: Missing cached shader map for material Smooth___Dark_Sea_Green_000, compiling. 
[2019.07.05-08.21.09:541][  0]LogMaterial: Missing cached shader map for material Rot__hell__000, compiling. 
[2019.07.05-08.21.09:565][  0]LogMaterial: Missing cached shader map for material Red__Flat__000, compiling. 
[2019.07.05-08.21.09:590][  0]LogMaterial: Missing cached shader map for material Red_002, compiling. 
[2019.07.05-08.21.09:616][  0]LogMaterial: Missing cached shader map for material Pink_000, compiling. 
[2019.07.05-08.21.09:641][  0]LogMaterial: Missing cached shader map for material Nylon_6_000, compiling. 
[2019.07.05-08.21.09:668][  0]LogMaterial: Missing cached shader map for material Material_028, compiling. 
[2019.07.05-08.21.09:693][  0]LogMaterial: Missing cached shader map for material Magenta_000, compiling. 
[2019.07.05-08.21.09:719][  0]LogMaterial: Missing cached shader map for material Light_Beige_002, compiling. 
[2019.07.05-08.21.09:743][  0]LogMaterial: Missing cached shader map for material Kolibriblau_000, compiling. 
[2019.07.05-08.21.09:769][  0]LogMaterial: Missing cached shader map for material Gunmetal_000, compiling. 
[2019.07.05-08.21.09:794][  0]LogMaterial: Missing cached shader map for material Grün__kryptonisiert__000, compiling. 
[2019.07.05-08.21.09:820][  0]LogMaterial: Missing cached shader map for material Glossy___Gold_000, compiling. 
[2019.07.05-08.21.09:844][  0]LogMaterial: Missing cached shader map for material Clear___Yellow_000, compiling. 
[2019.07.05-08.21.09:871][  0]LogMaterial: Missing cached shader map for material Clear___Blue_000, compiling. 
[2019.07.05-08.21.09:897][  0]LogMaterial: Missing cached shader map for material Orange__blass__002, compiling. 
[2019.07.05-08.21.09:922][  0]LogMaterial: Missing cached shader map for material Default_004, compiling. 
[2019.07.05-08.21.09:951][  0]LogMaterial: Missing cached shader map for material Light_Red_000, compiling. 
[2019.07.05-08.21.09:979][  0]LogMaterial: Missing cached shader map for material Steel_Blue, compiling. 
[2019.07.05-08.21.10:011][  0]LogMaterial: Missing cached shader map for material Metall_1400F__rot__000, compiling. 
[2019.07.05-08.21.10:040][  0]LogMaterial: Missing cached shader map for material FPD_Wafer-aussenMaterial_033, compiling. 
[2019.07.05-08.21.10:102][  0]LogTexture:Display: Building textures: fpd-a-ohne-rand3 (BGRA8)
[2019.07.05-08.21.10:197][  0]LogMaterial: Missing cached shader map for material fpd-a-ohne-rand2, compiling. 
[2019.07.05-08.21.10:262][  0]LogTexture:Display: Building textures: luftbild-Trees0053_1_S_tile (BGRA8)
[2019.07.05-08.21.10:362][  0]LogMaterial: Missing cached shader map for material Material_033, compiling. 
[2019.07.05-08.21.10:387][  0]LogMaterial: Missing cached shader map for material Default_005, compiling. 
[2019.07.05-08.21.10:414][  0]LogMaterial: Missing cached shader map for material FPD_neu_MagnetSued_material_7, compiling. 
[2019.07.05-08.21.10:439][  0]LogMaterial: Missing cached shader map for material Smooth___Dark_Forest_Green_003, compiling. 
[2019.07.05-08.21.10:476][  0]LogMaterial: Missing cached shader map for material Light_Beige, compiling. 
[2019.07.05-08.21.10:511][  0]LogMaterial: Missing cached shader map for material Material_025_transparent, compiling. 
[2019.07.05-08.21.10:539][  0]LogMaterial: Missing cached shader map for material Material_025, compiling. 
[2019.07.05-08.21.10:567][  0]LogMaterial: Missing cached shader map for material Red_ncl1_2, compiling. 
[2019.07.05-08.21.10:629][  0]LogTexture:Display: Building textures: AsphaltCloseups0050_2_S_512_tiles (AutoDXT)
[2019.07.05-08.21.10:825][  0]LogMaterial: Missing cached shader map for material StrasseMaterial, compiling. 
[2019.07.05-08.21.10:860][  0]LogTexture:Display: Building textures: ANI_AlphaWIPE_6x6 (AutoDXT)
[2019.07.05-08.21.11:115][  0]LogMaterial: Missing cached shader map for material ani_wipe, compiling. 
[2019.07.05-08.21.11:141][  0]LogMaterial: Missing cached shader map for material Material_024, compiling. 
[2019.07.05-08.21.11:166][  0]LogMaterial: Missing cached shader map for material Material_023, compiling. 
[2019.07.05-08.21.11:191][  0]LogMaterial: Missing cached shader map for material Material_032, compiling. 
[2019.07.05-08.21.11:234][  0]LogTexture:Display: Building textures: ConcreteNew0047_2_S-tiled (AutoDXT)
[2019.07.05-08.21.11:668][  0]LogMaterial: Missing cached shader map for material Material_037, compiling. 
[2019.07.05-08.21.11:760][  0]LogTexture:Display: Building textures: BuildingsHighRise0522_13_S-tiled (AutoDXT)
[2019.07.05-08.21.12:241][  0]LogMaterial: Missing cached shader map for material Material_038, compiling. 
[2019.07.05-08.21.12:267][  0]LogMaterial: Missing cached shader map for material Material_042, compiling. 
[2019.07.05-08.21.12:293][  0]LogMaterial: Missing cached shader map for material Material_041, compiling. 
[2019.07.05-08.21.12:317][  0]LogMaterial: Missing cached shader map for material Blau__Chrom_, compiling. 
[2019.07.05-08.21.12:348][  0]LogMaterial: Missing cached shader map for material M_Basic_Wall, compiling. 
[2019.07.05-08.21.12:410][  0]LogMaterial: Missing cached shader map for material Welt-Ebene-Material, compiling. 
[2019.07.05-08.21.12:434][  0]LogMaterial: Missing cached shader map for material Mat_TritSource_ZylinderTransparent, compiling. 
[2019.07.05-08.21.12:463][  0]LogMaterial: Missing cached shader map for material Mat_TritSource_Zylinder, compiling. 
[2019.07.05-08.21.12:489][  0]LogMaterial: Missing cached shader map for material Material_026, compiling. 
[2019.07.05-08.21.12:588][  0]LogTexture:Display: Building textures: ANI_MagicflowSoft_8x8 (AutoDXT)
[2019.07.05-08.21.13:308][  0]LogMaterial: Missing cached shader map for material Mat_TritiumFlow, compiling. 
[2019.07.05-08.21.13:345][  0]LogMaterial: Missing cached shader map for material Dark_Gray, compiling. 
[2019.07.05-08.21.13:374][  0]LogMaterial: Missing cached shader map for material Glossy___Black, compiling. 
[2019.07.05-08.21.13:410][  0]LogMaterial: Missing cached shader map for material Machined___Aluminum_mit_Textur, compiling. 
[2019.07.05-08.21.13:441][  0]LogMaterial: Missing cached shader map for material Machined___Aluminum, compiling. 
[2019.07.05-08.21.13:470][  0]LogAIModule: Creating AISystem for world HMDLocomotionMap
[2019.07.05-08.21.13:553][  0]LogEditorServer: Finished looking for orphan Actors (0.000 secs)
[2019.07.05-08.21.13:554][  0]Cmd: MAP CHECKDEP NOCLEARLOG
[2019.07.05-08.21.13:740][  0]MapCheck: Info Map check complete: 0 Error(s), 0 Warning(s), took 185.598ms to complete.
[2019.07.05-08.21.13:740][  0]LogFileHelpers: Loading map 'HMDLocomotionMap' took 34.341
[2019.07.05-08.21.13:960][  0]LogCollectionManager: Loaded 0 collections in 0.003484 seconds
[2019.07.05-08.21.14:006][  0]LogFileCache: Scanning file cache for directory 'D:/UnrealProjects/vrkatrix4smlCtrl2tst/Saved/Collections/' took 0.01s
[2019.07.05-08.21.14:006][  0]LogFileCache: Scanning file cache for directory 'D:/UnrealProjects/vrkatrix4smlCtrl2tst/Content/Developers/PDV/Collections/' took 0.01s
[2019.07.05-08.21.14:006][  0]LogFileCache: Scanning file cache for directory 'D:/UnrealProjects/vrkatrix4smlCtrl2tst/Content/Collections/' took 0.01s
[2019.07.05-08.21.14:006][  0]LogCollectionManager: Rebuilt the GUID cache for 0 collections in 0.000009 seconds
[2019.07.05-08.21.14:020][  0]LogContentBrowser: Native class hierarchy populated in 0.0135 seconds. Added 2141 classes and 415 folders.
[2019.07.05-08.21.14:028][  0]LogStats: UGameplayTagsManager::ConstructGameplayTagTree: Construct from data asset -  0.000 s
[2019.07.05-08.21.14:028][  0]LogStats: UGameplayTagsManager::ConstructGameplayTagTree: GameplayTagTreeChangedEvent.Broadcast -  0.000 s
[2019.07.05-08.21.14:029][  0]LogContentBrowser: Native class hierarchy updated for 'GameplayTags' in 0.0008 seconds. Added 12 classes and 0 folders.
[2019.07.05-08.21.14:036][  0]LogContentBrowser: Native class hierarchy updated for 'WidgetCarousel' in 0.0007 seconds. Added 0 classes and 0 folders.
[2019.07.05-08.21.14:617][  0]LogContentBrowser: Native class hierarchy updated for 'AddContentDialog' in 0.0008 seconds. Added 0 classes and 0 folders.
[2019.07.05-08.21.14:627][  0]LogContentBrowser: Native class hierarchy updated for 'SceneOutliner' in 0.0010 seconds. Added 1 classes and 2 folders.
[2019.07.05-08.21.14:659][  0]LogCrashTracker: Crashtracker disabled due to settings.
[2019.07.05-08.21.14:668][  0]LogUObjectGlobals:Warning: Failed to find object 'Class None.'
[2019.07.05-08.21.14:702][  0]LogContentBrowser: Native class hierarchy updated for 'HierarchicalLODOutliner' in 0.0008 seconds. Added 1 classes and 2 folders.
[2019.07.05-08.21.14:703][  0]LogLoad: (Engine Initialization) Total time: 55.41 seconds
[2019.07.05-08.21.14:703][  0]LogLoad: (Engine Initialization) Total Blueprint compile time: 0.15 seconds
[2019.07.05-08.21.14:703][  0]LogExternalProfiler: No external profilers were discovered.  External profiling features will not be available.
[2019.07.05-08.21.14:712][  0]LogOcInput: OculusInput pre-init called
[2019.07.05-08.21.14:741][  0]LogContentStreaming: Texture pool size now 1000 MB
[2019.07.05-08.21.15:139][  1]LogRenderer: Reallocating scene render targets to support 1220x376 (Frame:2).
[2019.07.05-08.21.15:576][  3]LogAssetRegistry: Asset discovery search completed in 44.6822 seconds
[2019.07.05-08.21.15:576][  3]LogCollectionManager: Rebuilt the object cache for 0 collections in 0.000001 seconds (found 0 objects)
[2019.07.05-08.21.15:576][  3]LogCollectionManager: Fixed up redirectors for 0 collections in 0.000050 seconds (updated 0 objects)
[2019.07.05-08.21.28:235][951]LogRenderer: Reallocating scene render targets to support 1380x396 (Frame:948).
[2019.07.05-08.21.39:401][761]LogRenderer: Reallocating scene render targets to support 1380x400 (Frame:1842).
[2019.07.05-08.21.39:452][762]LogRenderer: Reallocating scene render targets to support 1380x416 (Frame:1844).
[2019.07.05-08.21.39:501][763]LogRenderer: Reallocating scene render targets to support 1380x432 (Frame:1846).
[2019.07.05-08.21.39:558][764]LogRenderer: Reallocating scene render targets to support 1380x444 (Frame:1848).
[2019.07.05-08.21.39:608][765]LogRenderer: Reallocating scene render targets to support 1380x456 (Frame:1850).
[2019.07.05-08.21.39:658][766]LogRenderer: Reallocating scene render targets to support 1380x472 (Frame:1852).
[2019.07.05-08.21.39:704][767]LogRenderer: Reallocating scene render targets to support 1380x492 (Frame:1854).
[2019.07.05-08.21.39:748][768]LogRenderer: Reallocating scene render targets to support 1380x516 (Frame:1856).
[2019.07.05-08.21.39:797][769]LogRenderer: Reallocating scene render targets to support 1380x556 (Frame:1858).
[2019.07.05-08.21.39:853][770]LogRenderer: Reallocating scene render targets to support 1380x596 (Frame:1860).
[2019.07.05-08.21.39:902][771]LogRenderer: Reallocating scene render targets to support 1380x636 (Frame:1862).
[2019.07.05-08.21.39:949][772]LogRenderer: Reallocating scene render targets to support 1380x668 (Frame:1864).
[2019.07.05-08.21.39:998][773]LogRenderer: Reallocating scene render targets to support 1380x704 (Frame:1866).
[2019.07.05-08.21.40:045][774]LogRenderer: Reallocating scene render targets to support 1380x740 (Frame:1868).
[2019.07.05-08.21.40:096][775]LogRenderer: Reallocating scene render targets to support 1380x776 (Frame:1870).
[2019.07.05-08.21.40:143][776]LogRenderer: Reallocating scene render targets to support 1380x804 (Frame:1872).
[2019.07.05-08.21.40:189][777]LogRenderer: Reallocating scene render targets to support 1380x816 (Frame:1874).
[2019.07.05-08.21.40:236][778]LogRenderer: Reallocating scene render targets to support 1380x820 (Frame:1876).
[2019.07.05-08.21.40:283][779]LogRenderer: Reallocating scene render targets to support 1380x824 (Frame:1878).
[2019.07.05-08.42.45:861][237]Cmd: QUIT_EDITOR
[2019.07.05-08.42.45:909][237]LogWindowsTextInputMethodSystem:Display: IME system now deactivated.
[2019.07.05-08.42.45:951][237]LogExit: Preparing to exit.
[2019.07.05-08.42.47:181][237]LogExit: Editor shut down
[2019.07.05-08.42.47:182][237]LogExit: Transaction tracking system shut down
[2019.07.05-08.42.47:450][237]LogObj: Freed 0b from 0 cluster array pools.
[2019.07.05-08.42.47:451][237]LogExit: Object subsystem successfully closed.
[2019.07.05-08.42.47:481][237]LogD3D11RHI: Shutdown
[2019.07.05-08.42.47:481][237]LogD3D11RHI: CleanupD3DDevice
[2019.07.05-08.42.47:618][237]LogD3D11RHI: ~FD3D11DynamicRHI
[2019.07.05-08.42.47:655][237]LogModuleManager: Shutting down and abandoning module HierarchicalLODOutliner (233)
[2019.07.05-08.42.47:655][237]LogModuleManager: Shutting down and abandoning module CrashTracker (232)
[2019.07.05-08.42.47:655][237]LogModuleManager: Shutting down and abandoning module SceneOutliner (231)
[2019.07.05-08.42.47:655][237]LogModuleManager: Shutting down and abandoning module WidgetCarousel (230)
[2019.07.05-08.42.47:655][237]LogModuleManager: Shutting down and abandoning module AddContentDialog (229)
[2019.07.05-08.42.47:655][237]LogDirectoryWatcher: A directory notification for 'C:/Program Files/Epic Games/UE_4.13/FeaturePacks/' was aborted.
[2019.07.05-08.42.47:657][237]LogModuleManager: Shutting down and abandoning module GameplayTags (228)
[2019.07.05-08.42.47:657][237]LogModuleManager: Shutting down and abandoning module EditorWidgets (227)
[2019.07.05-08.42.47:657][237]LogModuleManager: Shutting down and abandoning module CollectionManager (226)
[2019.07.05-08.42.47:657][237]LogDirectoryWatcher: A directory notification for 'D:/UnrealProjects/vrkatrix4smlCtrl2tst/Content/Collections/' was aborted.
[2019.07.05-08.42.47:658][237]LogDirectoryWatcher: A directory notification for 'D:/UnrealProjects/vrkatrix4smlCtrl2tst/Content/Developers/PDV/Collections/' was aborted.
[2019.07.05-08.42.47:658][237]LogDirectoryWatcher: A directory notification for 'D:/UnrealProjects/vrkatrix4smlCtrl2tst/Saved/Collections/' was aborted.
[2019.07.05-08.42.47:658][237]LogModuleManager: Shutting down and abandoning module StatsViewer (225)
[2019.07.05-08.42.47:658][237]LogModuleManager: Shutting down and abandoning module FoliageEdit (224)
[2019.07.05-08.42.47:658][237]LogModuleManager: Shutting down and abandoning module LandscapeEditor (223)
[2019.07.05-08.42.47:658][237]LogModuleManager: Shutting down and abandoning module SceneDepthPickerMode (222)
[2019.07.05-08.42.47:658][237]LogModuleManager: Shutting down and abandoning module ActorPickerMode (221)
[2019.07.05-08.42.47:658][237]LogModuleManager: Shutting down and abandoning module GeometryMode (220)
[2019.07.05-08.42.47:658][237]LogModuleManager: Shutting down and abandoning module TextureAlignMode (219)
[2019.07.05-08.42.47:658][237]LogModuleManager: Shutting down and abandoning module BspMode (218)
[2019.07.05-08.42.47:658][237]LogModuleManager: Shutting down and abandoning module HardwareSurvey (217)
[2019.07.05-08.42.47:658][237]LogModuleManager: Shutting down and abandoning module SequenceRecorderSections (216)
[2019.07.05-08.42.47:658][237]LogModuleManager: Shutting down and abandoning module SequenceRecorder (215)
[2019.07.05-08.42.47:658][237]LogModuleManager: Shutting down and abandoning module AutomationWorker (214)
[2019.07.05-08.42.47:658][237]LogModuleManager: Shutting down and abandoning module MatineeToLevelSequence (213)
[2019.07.05-08.42.47:658][237]LogModuleManager: Shutting down and abandoning module PlacementMode (212)
[2019.07.05-08.42.47:659][237]LogModuleManager: Shutting down and abandoning module LevelSequenceEditor (211)
[2019.07.05-08.42.47:659][237]LogModuleManager: Shutting down and abandoning module WmfMediaFactory (210)
[2019.07.05-08.42.47:659][237]LogModuleManager: Shutting down and abandoning module WmfMediaEditor (209)
[2019.07.05-08.42.47:659][237]LogModuleManager: Shutting down and abandoning module AvfMediaFactory (208)
[2019.07.05-08.42.47:659][237]LogModuleManager: Shutting down and abandoning module AvfMediaEditor (207)
[2019.07.05-08.42.47:659][237]LogModuleManager: Shutting down and abandoning module Media (206)
[2019.07.05-08.42.47:659][237]LogModuleManager: Shutting down and abandoning module AndroidMediaFactory (205)
[2019.07.05-08.42.47:659][237]LogModuleManager: Shutting down and abandoning module AndroidMediaEditor (204)
[2019.07.05-08.42.47:659][237]LogModuleManager: Shutting down and abandoning module CharacterAI (203)
[2019.07.05-08.42.47:659][237]LogModuleManager: Shutting down and abandoning module SmartSnapping (202)
[2019.07.05-08.42.47:659][237]LogModuleManager: Shutting down and abandoning module SessionServices (201)
[2019.07.05-08.42.47:659][237]LogModuleManager: Shutting down and abandoning module ViewportSnapping (200)
[2019.07.05-08.42.47:659][237]LogModuleManager: Shutting down and abandoning module ViewportInteraction (199)
[2019.07.05-08.42.47:659][237]LogModuleManager: Shutting down and abandoning module LogVisualizer (198)
[2019.07.05-08.42.47:659][237]LogModuleManager: Shutting down and abandoning module GameProjectGeneration (197)
[2019.07.05-08.42.47:660][237]LogModuleManager: Shutting down and abandoning module IntroTutorials (196)
[2019.07.05-08.42.47:660][237]LogModuleManager: Shutting down and abandoning module EditorLiveStreaming (195)
[2019.07.05-08.42.47:660][237]LogModuleManager: Shutting down and abandoning module IOSPlatformEditor (194)
[2019.07.05-08.42.47:660][237]LogModuleManager: Shutting down and abandoning module HTML5PlatformEditor (193)
[2019.07.05-08.42.47:660][237]LogModuleManager: Shutting down and abandoning module AndroidDeviceDetection (192)
[2019.07.05-08.42.47:817][237]LogModuleManager: Shutting down and abandoning module AndroidPlatformEditor (191)
[2019.07.05-08.42.47:817][237]LogModuleManager: Shutting down and abandoning module IOSRuntimeSettings (190)
[2019.07.05-08.42.47:817][237]LogModuleManager: Shutting down and abandoning module AndroidRuntimeSettings (189)
[2019.07.05-08.42.47:817][237]LogModuleManager: Shutting down and abandoning module NiagaraEditor (188)
[2019.07.05-08.42.47:817][237]LogModuleManager: Shutting down and abandoning module MergeActors (187)
[2019.07.05-08.42.47:818][237]LogModuleManager: Shutting down and abandoning module SizeMap (186)
[2019.07.05-08.42.47:818][237]LogModuleManager: Shutting down and abandoning module TreeMap (185)
[2019.07.05-08.42.47:818][237]LogModuleManager: Shutting down and abandoning module ReferenceViewer (184)
[2019.07.05-08.42.47:818][237]LogModuleManager: Shutting down and abandoning module LocalizationService (183)
[2019.07.05-08.42.47:818][237]LogModuleManager: Shutting down and abandoning module LocalizationDashboard (182)
[2019.07.05-08.42.47:818][237]LogModuleManager: Shutting down and abandoning module HardwareTargeting (181)
[2019.07.05-08.42.47:818][237]LogModuleManager: Shutting down and abandoning module DeviceProfileEditor (180)
[2019.07.05-08.42.47:818][237]LogModuleManager: Shutting down and abandoning module UndoHistory (179)
[2019.07.05-08.42.47:818][237]LogModuleManager: Shutting down and abandoning module UserFeedback (178)
[2019.07.05-08.42.47:818][237]LogModuleManager: Shutting down and abandoning module XmlParser (177)
[2019.07.05-08.42.47:818][237]LogModuleManager: Shutting down and abandoning module Blutility (176)
[2019.07.05-08.42.47:818][237]LogModuleManager: Shutting down and abandoning module ProjectTargetPlatformEditor (175)
[2019.07.05-08.42.47:818][237]LogModuleManager: Shutting down and abandoning module ProjectSettingsViewer (174)
[2019.07.05-08.42.47:818][237]LogModuleManager: Shutting down and abandoning module InputBindingEditor (173)
[2019.07.05-08.42.47:819][237]LogModuleManager: Shutting down and abandoning module EditorSettingsViewer (172)
[2019.07.05-08.42.47:819][237]LogModuleManager: Shutting down and abandoning module SettingsEditor (171)
[2019.07.05-08.42.47:819][237]LogModuleManager: Shutting down and abandoning module ProjectLauncher (170)
[2019.07.05-08.42.47:819][237]LogModuleManager: Shutting down and abandoning module SessionFrontend (169)
[2019.07.05-08.42.47:819][237]LogModuleManager: Shutting down and abandoning module ProfilerClient (168)
[2019.07.05-08.42.47:819][237]LogModuleManager: Shutting down and abandoning module TargetDeviceServices (167)
[2019.07.05-08.42.47:819][237]LogModuleManager: Shutting down and abandoning module DeviceManager (166)
[2019.07.05-08.42.47:861][237]LogModuleManager: Shutting down and abandoning module AutomationController (165)
[2019.07.05-08.42.47:861][237]LogModuleManager: Shutting down and abandoning module AutomationWindow (164)
[2019.07.05-08.42.47:861][237]LogModuleManager: Shutting down and abandoning module Layers (163)
[2019.07.05-08.42.47:861][237]LogModuleManager: Shutting down and abandoning module ComponentVisualizers (162)
[2019.07.05-08.42.47:861][237]LogModuleManager: Shutting down and abandoning module DetailCustomizations (161)
[2019.07.05-08.42.47:861][237]LogModuleManager: Shutting down and abandoning module PackagesDialog (160)
[2019.07.05-08.42.47:861][237]LogModuleManager: Shutting down and abandoning module AnimGraph (159)
[2019.07.05-08.42.47:861][237]LogModuleManager: Shutting down and abandoning module Persona (158)
[2019.07.05-08.42.47:861][237]LogModuleManager: Shutting down and abandoning module Kismet (157)
[2019.07.05-08.42.47:862][237]LogModuleManager: Shutting down and abandoning module GraphEditor (156)
[2019.07.05-08.42.47:862][237]LogModuleManager: Shutting down and abandoning module ClassViewer (155)
[2019.07.05-08.42.47:862][237]LogModuleManager: Shutting down and abandoning module Toolbox (154)
[2019.07.05-08.42.47:862][237]LogModuleManager: Shutting down and abandoning module ModuleUI (153)
[2019.07.05-08.42.47:862][237]LogModuleManager: Shutting down and abandoning module MovieSceneTools (152)
[2019.07.05-08.42.47:862][237]LogModuleManager: Shutting down and abandoning module OutputLog (151)
[2019.07.05-08.42.47:862][237]LogModuleManager: Shutting down and abandoning module GammaUI (150)
[2019.07.05-08.42.47:862][237]LogModuleManager: Shutting down and abandoning module Documentation (149)
[2019.07.05-08.42.47:862][237]LogModuleManager: Shutting down and abandoning module Niagara (148)
[2019.07.05-08.42.47:862][237]LogModuleManager: Shutting down and abandoning module StreamingPauseRendering (147)
[2019.07.05-08.42.47:862][237]LogModuleManager: Shutting down and abandoning module AnalyticsET (146)
[2019.07.05-08.42.47:862][237]LogModuleManager: Shutting down and abandoning module PortalServices (145)
[2019.07.05-08.42.47:862][237]LogModuleManager: Shutting down and abandoning module PortalRpc (144)
[2019.07.05-08.42.47:862][237]LogModuleManager: Shutting down and abandoning module MessagingRpc (143)
[2019.07.05-08.42.47:862][237]LogModuleManager: Shutting down and abandoning module GameplayDebugger (142)
[2019.07.05-08.42.47:862][237]LogModuleManager: Shutting down and abandoning module AITestSuite (141)
[2019.07.05-08.42.47:862][237]LogModuleManager: Shutting down and abandoning module AIModule (140)
[2019.07.05-08.42.47:862][237]LogModuleManager: Shutting down and abandoning module ProfilerService (139)
[2019.07.05-08.42.47:900][237]LogModuleManager: Shutting down and abandoning module TaskGraph (138)
[2019.07.05-08.42.47:900][237]LogModuleManager: Shutting down and abandoning module SlateRemote (137)
[2019.07.05-08.42.47:901][237]LogModuleManager: Shutting down and abandoning module SteamVRController (136)
[2019.07.05-08.42.47:901][237]LogModuleManager: Shutting down and abandoning module SteamVR (135)
[2019.07.05-08.42.47:901][237]LogModuleManager: Shutting down and abandoning module ProceduralMeshComponentEditor (134)
[2019.07.05-08.42.47:901][237]LogModuleManager: Shutting down and abandoning module ProceduralMeshComponent (133)
[2019.07.05-08.42.47:901][237]LogModuleManager: Shutting down and abandoning module OculusLibrary (132)
[2019.07.05-08.42.47:901][237]LogModuleManager: Shutting down and abandoning module OculusInput (131)
[2019.07.05-08.42.47:901][237]LogModuleManager: Shutting down and abandoning module CustomMeshComponent (130)
[2019.07.05-08.42.47:901][237]LogModuleManager: Shutting down and abandoning module CableComponent (129)
[2019.07.05-08.42.47:901][237]LogModuleManager: Shutting down and abandoning module ArchVisCharacter (128)
[2019.07.05-08.42.47:901][237]LogModuleManager: Shutting down and abandoning module MediaPlayerEditor (126)
[2019.07.05-08.42.47:901][237]LogModuleManager: Shutting down and abandoning module HTML5Networking (125)
[2019.07.05-08.42.47:901][237]LogModuleManager: Shutting down and abandoning module GeometryCacheEd (124)
[2019.07.05-08.42.47:901][237]LogModuleManager: Shutting down and abandoning module GeometryCache (123)
[2019.07.05-08.42.47:901][237]LogModuleManager: Shutting down and abandoning module AlembicLibrary (122)
[2019.07.05-08.42.47:901][237]LogModuleManager: Shutting down and abandoning module AlembicImporter (121)
[2019.07.05-08.42.47:901][237]LogModuleManager: Shutting down and abandoning module SuperSearch (120)
[2019.07.05-08.42.47:901][237]LogModuleManager: Shutting down and abandoning module SuperSearchEditor (119)
[2019.07.05-08.42.47:901][237]LogModuleManager: Shutting down and abandoning module SpeedTreeImporter (118)
[2019.07.05-08.42.47:901][237]LogModuleManager: Shutting down and abandoning module PluginBrowser (117)
[2019.07.05-08.42.47:901][237]LogModuleManager: Shutting down and abandoning module MobileLauncherProfileWizard (116)
[2019.07.05-08.42.47:901][237]LogModuleManager: Shutting down and abandoning module EpicSurvey (115)
[2019.07.05-08.42.47:901][237]LogModuleManager: Shutting down and abandoning module DesktopPlatform (114)
[2019.07.05-08.42.47:901][237]LogModuleManager: Shutting down and abandoning module VisualStudioSourceCodeAccess (113)
[2019.07.05-08.42.47:901][237]LogModuleManager: Shutting down and abandoning module UObjectPlugin (112)
[2019.07.05-08.42.47:901][237]LogModuleManager: Shutting down and abandoning module SubversionSourceControl (111)
[2019.07.05-08.42.47:901][237]LogModuleManager: Shutting down and abandoning module PerforceSourceControl (110)
[2019.07.05-08.42.47:901][237]LogModuleManager: Shutting down and abandoning module SourceControl (109)
[2019.07.05-08.42.47:901][237]LogModuleManager: Shutting down and abandoning module GitSourceControl (108)
[2019.07.05-08.42.47:901][237]LogModuleManager: Shutting down and abandoning module LightPropagationVolumeEditor (107)
[2019.07.05-08.42.47:901][237]LogModuleManager: Shutting down and abandoning module PaperTiledImporter (106)
[2019.07.05-08.42.47:901][237]LogModuleManager: Shutting down and abandoning module PaperSpriteSheetImporter (105)
[2019.07.05-08.42.47:901][237]LogModuleManager: Shutting down and abandoning module MeshPaint (104)
[2019.07.05-08.42.47:902][237]LogModuleManager: Shutting down and abandoning module FbxAutomationBuilderModule (103)
[2019.07.05-08.42.47:902][237]LogModuleManager: Shutting down and abandoning module PixelInspectorModule (102)
[2019.07.05-08.42.47:902][237]LogModuleManager: Shutting down and abandoning module HotReload (101)
[2019.07.05-08.42.47:903][237]LogModuleManager: Shutting down and abandoning module MainFrame (100)
[2019.07.05-08.42.47:903][237]LogModuleManager: Shutting down and abandoning module LevelEditor (99)
[2019.07.05-08.42.47:904][237]LogModuleManager: Shutting down and abandoning module ContentBrowser (98)
[2019.07.05-08.42.47:906][237]LogModuleManager: Shutting down and abandoning module Paper2DEditor (97)
[2019.07.05-08.42.47:906][237]LogModuleManager: Shutting down and abandoning module UdpMessaging (96)
[2019.07.05-08.42.48:007][237]LogModuleManager: Shutting down and abandoning module TcpMessaging (95)
[2019.07.05-08.42.48:107][237]LogModuleManager: Shutting down and abandoning module LightPropagationVolumeRuntime (94)
[2019.07.05-08.42.48:107][237]LogModuleManager: Shutting down and abandoning module Paper2D (93)
[2019.07.05-08.42.48:107][237]LogModuleManager: Shutting down and abandoning module WindowsMoviePlayer (92)
[2019.07.05-08.42.48:107][237]LogModuleManager: Shutting down and abandoning module WmfMedia (91)
[2019.07.05-08.42.48:112][237]LogModuleManager: Shutting down and abandoning module MediaAssets (90)
[2019.07.05-08.42.48:112][237]LogModuleManager: Shutting down and abandoning module GameLiveStreaming (89)
[2019.07.05-08.42.48:112][237]LogModuleManager: Shutting down and abandoning module GameplayTagsEditor (88)
[2019.07.05-08.42.48:112][237]LogModuleManager: Shutting down and abandoning module VREditor (87)
[2019.07.05-08.42.48:112][237]LogModuleManager: Shutting down and abandoning module GameplayTasksEditor (86)
[2019.07.05-08.42.48:112][237]LogModuleManager: Shutting down and abandoning module PropertyEditor (85)
[2019.07.05-08.42.48:112][237]LogModuleManager: Shutting down and abandoning module BehaviorTreeEditor (84)
[2019.07.05-08.42.48:112][237]LogModuleManager: Shutting down and abandoning module FunctionalTesting (83)
[2019.07.05-08.42.48:112][237]LogModuleManager: Shutting down and abandoning module CollisionAnalyzer (82)
[2019.07.05-08.42.48:112][237]LogModuleManager: Shutting down and abandoning module Sequencer (81)
[2019.07.05-08.42.48:113][237]LogModuleManager: Shutting down and abandoning module WorkspaceMenuStructure (80)
[2019.07.05-08.42.48:113][237]LogModuleManager: Shutting down and abandoning module MessageLog (79)
[2019.07.05-08.42.48:113][237]LogModuleManager: Shutting down and abandoning module AssetTools (78)
[2019.07.05-08.42.48:113][237]LogModuleManager: Shutting down and abandoning module UMGEditor (77)
[2019.07.05-08.42.48:113][237]LogModuleManager: Shutting down and abandoning module UMG (76)
[2019.07.05-08.42.48:113][237]LogModuleManager: Shutting down and abandoning module SlateReflector (75)
[2019.07.05-08.42.48:113][237]LogModuleManager: Shutting down and abandoning module Slate (74)
[2019.07.05-08.42.48:113][237]LogModuleManager: Shutting down and abandoning module EditorStyle (73)
[2019.07.05-08.42.48:117][237]LogModuleManager: Shutting down and abandoning module SourceCodeAccess (72)
[2019.07.05-08.42.48:117][237]LogModuleManager: Shutting down and abandoning module HeadMountedDisplay (71)
[2019.07.05-08.42.48:117][237]LogModuleManager: Shutting down and abandoning module XAudio2 (70)
[2019.07.05-08.42.48:117][237]LogModuleManager: Shutting down and abandoning module Networking (68)
[2019.07.05-08.42.48:117][237]LogModuleManager: Shutting down and abandoning module Core (67)
[2019.07.05-08.42.48:117][237]LogModuleManager: Shutting down and abandoning module DirectoryWatcher (66)
[2019.07.05-08.42.48:117][237]LogDirectoryWatcher: A directory notification for '../../../Engine/Content/' was aborted.
[2019.07.05-08.42.48:118][237]LogDirectoryWatcher: A directory notification for 'D:/UnrealProjects/vrkatrix4smlCtrl2tst/Content/' was aborted.
[2019.07.05-08.42.48:118][237]LogDirectoryWatcher: A directory notification for '../../../Engine/Plugins/2D/Paper2D/Content/' was aborted.
[2019.07.05-08.42.48:118][237]LogModuleManager: Shutting down and abandoning module AssetRegistry (65)
[2019.07.05-08.42.48:353][237]LogModuleManager: Shutting down and abandoning module KismetCompiler (64)
[2019.07.05-08.42.48:353][237]LogModuleManager: Shutting down and abandoning module PhysXFormats (63)
[2019.07.05-08.42.48:353][237]LogModuleManager: Shutting down and abandoning module MeshUtilities (62)
[2019.07.05-08.42.48:353][237]LogModuleManager: Shutting down and abandoning module DerivedDataCache (61)
[2019.07.05-08.42.48:365][237]LogDerivedDataCache: Shutdown
[2019.07.05-08.42.48:365][237]LogModuleManager: Shutting down and abandoning module VulkanShaderFormat (60)
[2019.07.05-08.42.48:365][237]LogModuleManager: Shutting down and abandoning module ShaderFormatOpenGL (59)
[2019.07.05-08.42.48:365][237]LogModuleManager: Shutting down and abandoning module ShaderFormatD3D (58)
[2019.07.05-08.42.48:365][237]LogModuleManager: Shutting down and abandoning module MetalShaderFormat (57)
[2019.07.05-08.42.48:365][237]LogModuleManager: Shutting down and abandoning module TextureFormatUncompressed (56)
[2019.07.05-08.42.48:365][237]LogModuleManager: Shutting down and abandoning module TextureFormatPVR (55)
[2019.07.05-08.42.48:365][237]LogModuleManager: Shutting down and abandoning module TextureFormatDXT (54)
[2019.07.05-08.42.48:365][237]LogModuleManager: Shutting down and abandoning module TextureFormatIntelISPCTexComp (53)
[2019.07.05-08.42.48:365][237]LogModuleManager: Shutting down and abandoning module ImageWrapper (52)
[2019.07.05-08.42.48:365][237]LogModuleManager: Shutting down and abandoning module TextureFormatASTC (51)
[2019.07.05-08.42.48:365][237]LogModuleManager: Shutting down and abandoning module TextureFormatAndroid (50)
[2019.07.05-08.42.48:365][237]LogModuleManager: Shutting down and abandoning module AudioFormatOpus (49)
[2019.07.05-08.42.48:365][237]LogModuleManager: Shutting down and abandoning module AudioFormatOgg (48)
[2019.07.05-08.42.48:365][237]LogModuleManager: Shutting down and abandoning module AudioFormatADPCM (47)
[2019.07.05-08.42.48:365][237]LogModuleManager: Shutting down and abandoning module LinuxTargetPlatform (46)
[2019.07.05-08.42.48:366][237]LogModuleManager: Shutting down and abandoning module LinuxServerTargetPlatform (45)
[2019.07.05-08.42.48:366][237]LogModuleManager: Shutting down and abandoning module LinuxNoEditorTargetPlatform (44)
[2019.07.05-08.42.48:366][237]LogModuleManager: Shutting down and abandoning module LinuxClientTargetPlatform (43)
[2019.07.05-08.42.48:366][237]LogModuleManager: Shutting down and abandoning module TVOSTargetPlatform (42)
[2019.07.05-08.42.48:366][237]LogModuleManager: Shutting down and abandoning module Messaging (41)
[2019.07.05-08.42.48:366][237]LogModuleManager: Shutting down and abandoning module IOSTargetPlatform (40)
[2019.07.05-08.42.48:366][237]LogModuleManager: Shutting down and abandoning module HTML5TargetPlatform (39)
[2019.07.05-08.42.48:366][237]LogModuleManager: Shutting down and abandoning module Android_PVRTCTargetPlatform (38)
[2019.07.05-08.42.48:366][237]LogModuleManager: Shutting down and abandoning module Android_MultiTargetPlatform (37)
[2019.07.05-08.42.48:366][237]LogModuleManager: Shutting down and abandoning module Android_ETC2TargetPlatform (36)
[2019.07.05-08.42.48:366][237]LogModuleManager: Shutting down and abandoning module Android_ETC1TargetPlatform (35)
[2019.07.05-08.42.48:366][237]LogModuleManager: Shutting down and abandoning module Android_DXTTargetPlatform (34)
[2019.07.05-08.42.48:366][237]LogModuleManager: Shutting down and abandoning module Android_ATCTargetPlatform (33)
[2019.07.05-08.42.48:366][237]LogModuleManager: Shutting down and abandoning module Android_ASTCTargetPlatform (32)
[2019.07.05-08.42.48:366][237]LogModuleManager: Shutting down and abandoning module AndroidTargetPlatform (31)
[2019.07.05-08.42.48:366][237]LogModuleManager: Shutting down and abandoning module WindowsTargetPlatform (30)
[2019.07.05-08.42.48:366][237]LogModuleManager: Shutting down and abandoning module WindowsServerTargetPlatform (29)
[2019.07.05-08.42.48:366][237]LogModuleManager: Shutting down and abandoning module WindowsNoEditorTargetPlatform (28)
[2019.07.05-08.42.48:366][237]LogModuleManager: Shutting down and abandoning module WindowsClientTargetPlatform (27)
[2019.07.05-08.42.48:366][237]LogModuleManager: Shutting down and abandoning module AllDesktopTargetPlatform (26)
[2019.07.05-08.42.48:366][237]LogModuleManager: Shutting down and abandoning module TargetPlatform (25)
[2019.07.05-08.42.48:366][237]LogModuleManager: Shutting down and abandoning module InputCore (24)
[2019.07.05-08.42.48:366][237]LogModuleManager: Shutting down and abandoning module Settings (23)
[2019.07.05-08.42.48:366][237]LogModuleManager: Shutting down and abandoning module OculusRift (22)
[2019.07.05-08.42.48:366][237]LogModuleManager: Shutting down and abandoning module GearVR (21)
[2019.07.05-08.42.48:366][237]LogModuleManager: Shutting down and abandoning module ExampleDeviceProfileSelector (20)
[2019.07.05-08.42.48:366][237]LogModuleManager: Shutting down and abandoning module OnlineBlueprintSupport (19)
[2019.07.05-08.42.48:366][237]LogModuleManager: Shutting down and abandoning module OnlineSubsystem (17)
[2019.07.05-08.42.48:366][237]LogOnline:Display: Unloading online subsystem: NULL
[2019.07.05-08.42.48:366][237]LogModuleManager: Shutting down and abandoning module HTTP (16)
[2019.07.05-08.42.48:366][237]LogHttp:Display: Http module shutting down, but needs to wait on 1 outstanding Http requests:
[2019.07.05-08.42.48:366][237]LogHttp:Display: 	verb=[POST] url=[https://datarouter.ol.epicgames.com/datarouter/api/v1/public/data?SessionID=%7B9115F05D-465D-2B03-1976-F6A86F2BBB2D%7D&AppID=UEEditor.Rocket.Release&AppVersion=4.13.2-3172292%2B%2B%2BUE4%2BRelease-4.13&UserID=48a559c1457afdc1d0993ca787c5572b%7C526c3015292f412191fd915cb8510c16%7C23ec979f-9cca-4e97-b38a-3935e3d085fa&AppEnvironment=datacollector-binary&UploadType=eteventstream] status=Processing
[2019.07.05-08.42.48:392][237]LogModuleManager: Shutting down and abandoning module XMPP (15)
[2019.07.05-08.42.48:392][237]LogModuleManager: Shutting down and abandoning module TextureCompressor (14)
[2019.07.05-08.42.48:392][237]LogModuleManager: Shutting down and abandoning module ShaderCore (13)
[2019.07.05-08.42.48:392][237]LogModuleManager: Shutting down and abandoning module Landscape (12)
[2019.07.05-08.42.48:392][237]LogModuleManager: Shutting down and abandoning module SlateRHIRenderer (11)
[2019.07.05-08.42.48:394][237]LogModuleManager: Shutting down and abandoning module OpenGLDrv (10)
[2019.07.05-08.42.48:394][237]LogModuleManager: Shutting down and abandoning module D3D11RHI (9)
[2019.07.05-08.42.48:394][237]LogModuleManager: Shutting down and abandoning module AnimGraphRuntime (8)
[2019.07.05-08.42.48:394][237]LogModuleManager: Shutting down and abandoning module Renderer (7)
[2019.07.05-08.42.48:394][237]LogModuleManager: Shutting down and abandoning module Engine (6)
[2019.07.05-08.42.48:394][237]LogModuleManager: Shutting down and abandoning module CoreUObject (5)
[2019.07.05-08.42.48:394][237]LogModuleManager: Shutting down and abandoning module NetworkFile (4)
[2019.07.05-08.42.48:394][237]LogModuleManager: Shutting down and abandoning module StreamingFile (3)
[2019.07.05-08.42.48:394][237]LogModuleManager: Shutting down and abandoning module SandboxFile (2)
[2019.07.05-08.42.48:394][237]LogModuleManager: Shutting down and abandoning module PakFile (1)
[2019.07.05-08.42.48:399][237]LogExit: Exiting.
[2019.07.05-08.42.48:401][237]Log file closed, 07/05/19 10:42:48
