Log file open, 12/21/17 16:13:35
LogInit:Display: Running engine for game: vrkatrix4smlCtrl2tst
LogPlatformFile: Not using cached read wrapper
LogInit:Display: RandInit(-812647697) SRandInit(-812647697).
LogTaskGraph: Started task graph with 5 named threads and 8 total threads with 1 sets of task threads.
LogStats: Stats thread started at 0.106557
LogPluginManager: Loaded Plugin Paper2D, From C:/Program Files/Epic Games/UE_4.13/Engine/Plugins/2D/Paper2D/Paper2D.uplugin
LogPluginManager: Loaded Plugin LightPropagationVolume, From C:/Program Files/Epic Games/UE_4.13/Engine/Plugins/Blendables/LightPropagationVolume/LightPropagationVolume.uplugin
LogPluginManager: Loaded Plugin BlankPlugin, From C:/Program Files/Epic Games/UE_4.13/Engine/Plugins/Developer/BlankPlugin/BlankPlugin.uplugin
LogPluginManager: Loaded Plugin CodeLiteSourceCodeAccess, From C:/Program Files/Epic Games/UE_4.13/Engine/Plugins/Developer/CodeLiteSourceCodeAccess/CodeLiteSourceCodeAccess.uplugin
LogPluginManager: Loaded Plugin GitSourceControl, From C:/Program Files/Epic Games/UE_4.13/Engine/Plugins/Developer/GitSourceControl/GitSourceControl.uplugin
LogPluginManager: Loaded Plugin KDevelopSourceCodeAccess, From C:/Program Files/Epic Games/UE_4.13/Engine/Plugins/Developer/KDevelopSourceCodeAccess/KDevelopSourceCodeAccess.uplugin
LogPluginManager: Loaded Plugin NullSourceCodeAccess, From C:/Program Files/Epic Games/UE_4.13/Engine/Plugins/Developer/NullSourceCodeAccess/NullSourceCodeAccess.uplugin
LogPluginManager: Loaded Plugin OneSkyLocalizationService, From C:/Program Files/Epic Games/UE_4.13/Engine/Plugins/Developer/OneSkyLocalizationService/OneSkyLocalizationService.uplugin
LogPluginManager: Loaded Plugin PerforceSourceControl, From C:/Program Files/Epic Games/UE_4.13/Engine/Plugins/Developer/PerforceSourceControl/PerforceSourceControl.uplugin
LogPluginManager: Loaded Plugin SubversionSourceControl, From C:/Program Files/Epic Games/UE_4.13/Engine/Plugins/Developer/SubversionSourceControl/SubversionSourceControl.uplugin
LogPluginManager: Loaded Plugin UObjectPlugin, From C:/Program Files/Epic Games/UE_4.13/Engine/Plugins/Developer/UObjectPlugin/UObjectPlugin.uplugin
LogPluginManager: Loaded Plugin VisualStudioSourceCodeAccess, From C:/Program Files/Epic Games/UE_4.13/Engine/Plugins/Developer/VisualStudioSourceCodeAccess/VisualStudioSourceCodeAccess.uplugin
LogPluginManager: Loaded Plugin XCodeSourceCodeAccess, From C:/Program Files/Epic Games/UE_4.13/Engine/Plugins/Developer/XCodeSourceCodeAccess/XCodeSourceCodeAccess.uplugin
LogPluginManager: Loaded Plugin EpicSurvey, From C:/Program Files/Epic Games/UE_4.13/Engine/Plugins/Editor/EpicSurvey/EpicSurvey.uplugin
LogPluginManager: Loaded Plugin MacGraphicsSwitching, From C:/Program Files/Epic Games/UE_4.13/Engine/Plugins/Editor/MacGraphicsSwitching/MacGraphicsSwitching.uplugin
LogPluginManager: Loaded Plugin MobileLauncherProfileWizard, From C:/Program Files/Epic Games/UE_4.13/Engine/Plugins/Editor/MobileLauncherProfileWizard/MobileLauncherProfileWizard.uplugin
LogPluginManager: Loaded Plugin PluginBrowser, From C:/Program Files/Epic Games/UE_4.13/Engine/Plugins/Editor/PluginBrowser/PluginBrowser.uplugin
LogPluginManager: Loaded Plugin SpeedTreeImporter, From C:/Program Files/Epic Games/UE_4.13/Engine/Plugins/Editor/SpeedTreeImporter/SpeedTreeImporter.uplugin
LogPluginManager: Loaded Plugin SuperSearchEditor, From C:/Program Files/Epic Games/UE_4.13/Engine/Plugins/Editor/SuperSearchEditor/SuperSearchEditor.uplugin
LogPluginManager: Loaded Plugin AlembicImporter, From C:/Program Files/Epic Games/UE_4.13/Engine/Plugins/Experimental/AlembicImporter/AlembicImporter.uplugin
LogPluginManager: Loaded Plugin BlueprintStats, From C:/Program Files/Epic Games/UE_4.13/Engine/Plugins/Experimental/BlueprintStats/BlueprintStats.uplugin
LogPluginManager: Loaded Plugin CharacterAI, From C:/Program Files/Epic Games/UE_4.13/Engine/Plugins/Experimental/CharacterAI/CharacterAI.uplugin
LogPluginManager: Loaded Plugin CodeEditor, From C:/Program Files/Epic Games/UE_4.13/Engine/Plugins/Experimental/CodeEditor/CodeEditor.uplugin
LogPluginManager: Loaded Plugin CodeView, From C:/Program Files/Epic Games/UE_4.13/Engine/Plugins/Experimental/CodeView/CodeView.uplugin
LogPluginManager: Loaded Plugin HTML5Networking, From C:/Program Files/Epic Games/UE_4.13/Engine/Plugins/Experimental/HTML5Networking/HTML5Networking.uplugin
LogPluginManager: Loaded Plugin LiveEditor, From C:/Program Files/Epic Games/UE_4.13/Engine/Plugins/Experimental/LiveEditor/LiveEditor.uplugin
LogPluginManager: Loaded Plugin OSVR, From C:/Program Files/Epic Games/UE_4.13/Engine/Plugins/Experimental/OSVR/OSVR.uplugin
LogPluginManager: Loaded Plugin Phya, From C:/Program Files/Epic Games/UE_4.13/Engine/Plugins/Experimental/Phya/Phya.uplugin
LogPluginManager: Loaded Plugin SignificanceManager, From C:/Program Files/Epic Games/UE_4.13/Engine/Plugins/Experimental/SignificanceManager/SignificanceManager.uplugin
LogPluginManager: Loaded Plugin SimpleHMD, From C:/Program Files/Epic Games/UE_4.13/Engine/Plugins/Experimental/SimpleHMD/SimpleHMD.uplugin
LogPluginManager: Loaded Plugin StereoPanorama, From C:/Program Files/Epic Games/UE_4.13/Engine/Plugins/Experimental/StereoPanorama/StereoPanorama.uplugin
LogPluginManager: Loaded Plugin StructBox, From C:/Program Files/Epic Games/UE_4.13/Engine/Plugins/Experimental/StructBox/StructBox.uplugin
LogPluginManager: Loaded Plugin AndroidMedia, From C:/Program Files/Epic Games/UE_4.13/Engine/Plugins/Media/AndroidMedia/AndroidMedia.uplugin
LogPluginManager: Loaded Plugin AvfMedia, From C:/Program Files/Epic Games/UE_4.13/Engine/Plugins/Media/AvfMedia/AvfMedia.uplugin
LogPluginManager: Loaded Plugin MediaPlayerEditor, From C:/Program Files/Epic Games/UE_4.13/Engine/Plugins/Media/MediaPlayerEditor/MediaPlayerEditor.uplugin
LogPluginManager: Loaded Plugin WmfMedia, From C:/Program Files/Epic Games/UE_4.13/Engine/Plugins/Media/WmfMedia/WmfMedia.uplugin
LogPluginManager: Loaded Plugin MessagingDebugger, From C:/Program Files/Epic Games/UE_4.13/Engine/Plugins/Messaging/MessagingDebugger/MessagingDebugger.uplugin
LogPluginManager: Loaded Plugin TcpMessaging, From C:/Program Files/Epic Games/UE_4.13/Engine/Plugins/Messaging/TcpMessaging/TcpMessaging.uplugin
LogPluginManager: Loaded Plugin UdpMessaging, From C:/Program Files/Epic Games/UE_4.13/Engine/Plugins/Messaging/UdpMessaging/UdpMessaging.uplugin
LogPluginManager: Loaded Plugin LevelSequenceEditor, From C:/Program Files/Epic Games/UE_4.13/Engine/Plugins/MovieScene/LevelSequenceEditor/LevelSequenceEditor.uplugin
LogPluginManager: Loaded Plugin MatineeToLevelSequence, From C:/Program Files/Epic Games/UE_4.13/Engine/Plugins/MovieScene/MatineeToLevelSequence/MatineeToLevelSequence.uplugin
LogPluginManager: Loaded Plugin NetcodeUnitTest, From C:/Program Files/Epic Games/UE_4.13/Engine/Plugins/NetcodeUnitTest/NetcodeUnitTest/NetcodeUnitTest.uplugin
LogPluginManager: Loaded Plugin NUTUnrealEngine4, From C:/Program Files/Epic Games/UE_4.13/Engine/Plugins/NetcodeUnitTest/NUTUnrealEngine4/NUTUnrealEngine4.uplugin
LogPluginManager: Loaded Plugin OnlineSubsystemGooglePlay, From C:/Program Files/Epic Games/UE_4.13/Engine/Plugins/Online/Android/OnlineSubsystemGooglePlay/OnlineSubsystemGooglePlay.uplugin
LogPluginManager: Loaded Plugin OnlineSubsystemIOS, From C:/Program Files/Epic Games/UE_4.13/Engine/Plugins/Online/IOS/OnlineSubsystemIOS/OnlineSubsystemIOS.uplugin
LogPluginManager: Loaded Plugin OnlineFramework, From C:/Program Files/Epic Games/UE_4.13/Engine/Plugins/Online/OnlineFramework/OnlineFramework.uplugin
LogPluginManager: Loaded Plugin OnlineSubsystem, From C:/Program Files/Epic Games/UE_4.13/Engine/Plugins/Online/OnlineSubsystem/OnlineSubsystem.uplugin
LogPluginManager: Loaded Plugin OnlineSubsystemAmazon, From C:/Program Files/Epic Games/UE_4.13/Engine/Plugins/Online/OnlineSubsystemAmazon/OnlineSubsystemAmazon.uplugin
LogPluginManager: Loaded Plugin OnlineSubsystemFacebook, From C:/Program Files/Epic Games/UE_4.13/Engine/Plugins/Online/OnlineSubsystemFacebook/OnlineSubsystemFacebook.uplugin
LogPluginManager: Loaded Plugin OnlineSubsystemNull, From C:/Program Files/Epic Games/UE_4.13/Engine/Plugins/Online/OnlineSubsystemNull/OnlineSubsystemNull.uplugin
LogPluginManager: Loaded Plugin OnlineSubsystemOculus, From C:/Program Files/Epic Games/UE_4.13/Engine/Plugins/Online/OnlineSubsystemOculus/OnlineSubsystemOculus.uplugin
LogPluginManager: Loaded Plugin OnlineSubsystemSteam, From C:/Program Files/Epic Games/UE_4.13/Engine/Plugins/Online/OnlineSubsystemSteam/OnlineSubsystemSteam.uplugin
LogPluginManager: Loaded Plugin OnlineSubsystemUtils, From C:/Program Files/Epic Games/UE_4.13/Engine/Plugins/Online/OnlineSubsystemUtils/OnlineSubsystemUtils.uplugin
LogPluginManager: Loaded Plugin IOSTapJoy, From C:/Program Files/Epic Games/UE_4.13/Engine/Plugins/Runtime/Advertising/IOSTapJoy/IOSTapJoy.uplugin
LogPluginManager: Loaded Plugin AnalyticsBlueprintLibrary, From C:/Program Files/Epic Games/UE_4.13/Engine/Plugins/Runtime/Analytics/AnalyticsBlueprintLibrary/AnalyticsBlueprintLibrary.uplugin
LogPluginManager: Loaded Plugin AnalyticsMulticast, From C:/Program Files/Epic Games/UE_4.13/Engine/Plugins/Runtime/Analytics/AnalyticsMulticast/AnalyticsMulticast.uplugin
LogPluginManager: Loaded Plugin Apsalar, From C:/Program Files/Epic Games/UE_4.13/Engine/Plugins/Runtime/Analytics/Apsalar/Apsalar.uplugin
LogPluginManager: Loaded Plugin FileLogging, From C:/Program Files/Epic Games/UE_4.13/Engine/Plugins/Runtime/Analytics/FileLogging/FileLogging.uplugin
LogPluginManager: Loaded Plugin Flurry, From C:/Program Files/Epic Games/UE_4.13/Engine/Plugins/Runtime/Analytics/Flurry/Flurry.uplugin
LogPluginManager: Loaded Plugin AndroidDeviceProfileSelector, From C:/Program Files/Epic Games/UE_4.13/Engine/Plugins/Runtime/AndroidDeviceProfileSelector/AndroidDeviceProfileSelector.uplugin
LogPluginManager: Loaded Plugin AndroidMoviePlayer, From C:/Program Files/Epic Games/UE_4.13/Engine/Plugins/Runtime/AndroidMoviePlayer/AndroidMoviePlayer.uplugin
LogPluginManager: Loaded Plugin AppleMoviePlayer, From C:/Program Files/Epic Games/UE_4.13/Engine/Plugins/Runtime/AppleMoviePlayer/AppleMoviePlayer.uplugin
LogPluginManager: Loaded Plugin ArchVisCharacter, From C:/Program Files/Epic Games/UE_4.13/Engine/Plugins/Runtime/ArchVisCharacter/ArchVisCharacter.uplugin
LogPluginManager: Loaded Plugin CableComponent, From C:/Program Files/Epic Games/UE_4.13/Engine/Plugins/Runtime/CableComponent/CableComponent.uplugin
LogPluginManager: Loaded Plugin CustomMeshComponent, From C:/Program Files/Epic Games/UE_4.13/Engine/Plugins/Runtime/CustomMeshComponent/CustomMeshComponent.uplugin
LogPluginManager: Loaded Plugin ExampleDeviceProfileSelector, From C:/Program Files/Epic Games/UE_4.13/Engine/Plugins/Runtime/ExampleDeviceProfileSelector/ExampleDeviceProfileSelector.uplugin
LogPluginManager: Loaded Plugin GearVR, From C:/Program Files/Epic Games/UE_4.13/Engine/Plugins/Runtime/GearVR/GearVR.uplugin
LogPluginManager: Loaded Plugin GoogleVRController, From C:/Program Files/Epic Games/UE_4.13/Engine/Plugins/Runtime/GoogleVR/GoogleVRController/GoogleVRController.uplugin
LogPluginManager: Loaded Plugin GoogleVRHMD, From C:/Program Files/Epic Games/UE_4.13/Engine/Plugins/Runtime/GoogleVR/GoogleVRHMD/GoogleVRHMD.uplugin
LogPluginManager: Loaded Plugin IOSDeviceProfileSelector, From C:/Program Files/Epic Games/UE_4.13/Engine/Plugins/Runtime/IOSDeviceProfileSelector/IOSDeviceProfileSelector.uplugin
LogPluginManager: Loaded Plugin LeapMotion, From C:/Program Files/Epic Games/UE_4.13/Engine/Plugins/Runtime/LeapMotion/LeapMotion.uplugin
LogPluginManager: Loaded Plugin LinuxDeviceProfileSelector, From C:/Program Files/Epic Games/UE_4.13/Engine/Plugins/Runtime/LinuxDeviceProfileSelector/LinuxDeviceProfileSelector.uplugin
LogPluginManager: Loaded Plugin LiveEditorListenServer, From C:/Program Files/Epic Games/UE_4.13/Engine/Plugins/Runtime/LiveEditorListenServer/LiveEditorListenServer.uplugin
LogPluginManager: Loaded Plugin OculusAudio, From C:/Program Files/Epic Games/UE_4.13/Engine/Plugins/Runtime/OculusAudio/OculusAudio.uplugin
LogPluginManager: Loaded Plugin OculusInput, From C:/Program Files/Epic Games/UE_4.13/Engine/Plugins/Runtime/OculusInput/OculusInput.uplugin
LogPluginManager: Loaded Plugin OculusLibrary, From C:/Program Files/Epic Games/UE_4.13/Engine/Plugins/Runtime/OculusLibrary/OculusLibrary.uplugin
LogPluginManager: Loaded Plugin OculusRift, From C:/Program Files/Epic Games/UE_4.13/Engine/Plugins/Runtime/OculusRift/OculusRift.uplugin
LogPluginManager: Loaded Plugin Oodle, From C:/Program Files/Epic Games/UE_4.13/Engine/Plugins/Runtime/PacketHandlers/CompressionComponents/Oodle/Oodle.uplugin
LogPluginManager: Loaded Plugin ProceduralMeshComponent, From C:/Program Files/Epic Games/UE_4.13/Engine/Plugins/Runtime/ProceduralMeshComponent/ProceduralMeshComponent.uplugin
LogPluginManager: Loaded Plugin SoundMod, From C:/Program Files/Epic Games/UE_4.13/Engine/Plugins/Runtime/SoundMod/SoundMod.uplugin
LogPluginManager: Loaded Plugin SoundVisualizations, From C:/Program Files/Epic Games/UE_4.13/Engine/Plugins/Runtime/SoundVisualizations/SoundVisualizations.uplugin
LogPluginManager: Loaded Plugin SteamController, From C:/Program Files/Epic Games/UE_4.13/Engine/Plugins/Runtime/Steam/SteamController/SteamController.uplugin
LogPluginManager: Loaded Plugin SteamVR, From C:/Program Files/Epic Games/UE_4.13/Engine/Plugins/Runtime/Steam/SteamVR/SteamVR.uplugin
LogPluginManager: Loaded Plugin WebBrowserWidget, From C:/Program Files/Epic Games/UE_4.13/Engine/Plugins/Runtime/WebBrowserWidget/WebBrowserWidget.uplugin
LogPluginManager: Loaded Plugin WindowsDeviceProfileSelector, From C:/Program Files/Epic Games/UE_4.13/Engine/Plugins/Runtime/WindowsDeviceProfileSelector/WindowsDeviceProfileSelector.uplugin
LogPluginManager: Loaded Plugin WindowsMoviePlayer, From C:/Program Files/Epic Games/UE_4.13/Engine/Plugins/Runtime/WindowsMoviePlayer/WindowsMoviePlayer.uplugin
LogPluginManager: Loaded Plugin ScriptPlugin, From C:/Program Files/Epic Games/UE_4.13/Engine/Plugins/ScriptPlugin/ScriptPlugin.uplugin
LogPluginManager: Loaded Plugin SlateRemote, From C:/Program Files/Epic Games/UE_4.13/Engine/Plugins/Slate/SlateRemote/SlateRemote.uplugin
LogInit: Using libcurl 7.47.1
LogInit:  - built for x86_64-pc-win32
LogInit:  - supports SSL with WinSSL
LogInit:  - other features:
LogInit:      CURL_VERSION_SSL
LogInit:      CURL_VERSION_IPV6
LogInit:      CURL_VERSION_ASYNCHDNS
LogInit:      CURL_VERSION_LARGEFILE
LogInit:      CURL_VERSION_IDN
LogInit:  CurlRequestOptions (configurable via config and command line):
LogInit:  - bVerifyPeer = false  - Libcurl will NOT verify peer certificate
LogInit:  - bUseHttpProxy = false  - Libcurl will NOT use HTTP proxy
LogInit:  - bDontReuseConnections = false  - Libcurl will reuse connections
LogInit:  - CertBundlePath = nullptr  - Libcurl will use whatever was configured at build time.
LogInit: Build: ++UE4+Release-4.13-CL-3172292
LogInit: Engine Version: 4.13.2-3172292+++UE4+Release-4.13
LogInit: Compatible Engine Version: 4.13.0-3106830+++UE4+Release-4.13
LogInit: Net CL: 3172292
LogDevObjectVersion: Number of dev versions registered: 13
LogDevObjectVersion:   Dev-Blueprints (B0D832E4-1F89-4F0D-ACCF-7EB736FD4AA2): 5
LogDevObjectVersion:   Dev-Build (E1C64328-A22C-4D53-A36C-8E866417BD8C): 0
LogDevObjectVersion:   Dev-Core (375EC13C-06E4-48FB-B500-84F0262A717E): 1
LogDevObjectVersion:   Dev-Editor (E4B068ED-F494-42E9-A231-DA0B2E46BB41): 6
LogDevObjectVersion:   Dev-Framework (CFFC743F-43B0-4480-9391-14DF171D2073): 12
LogDevObjectVersion:   Dev-Mobile (B02B49B5-BB20-44E9-A304-32B752E40360): 0
LogDevObjectVersion:   Dev-Networking (A4E4105C-59A1-49B5-A7C5-40C4547EDFEE): 0
LogDevObjectVersion:   Dev-Online (39C831C9-5AE6-47DC-9A44-9C173E1C8E7C): 0
LogDevObjectVersion:   Dev-Physics (78F01B33-EBEA-4F98-B9B4-84EACCB95AA2): 0
LogDevObjectVersion:   Dev-Platform (6631380F-2D4D-43E0-8009-CF276956A95A): 0
LogDevObjectVersion:   Dev-Rendering (12F88B9F-8875-4AFC-A67C-D90C383ABD29): 4
LogDevObjectVersion:   Dev-Sequencer (7B5AE74C-D270-4C10-A958-57980B212A5A): 0
LogDevObjectVersion:   Dev-VR (D7296918-1DD6-4BDD-9DE2-64A83CC13884): 0
LogInit: Compiled (64-bit): Oct 24 2016 14:29:06
LogInit: Compiled with Visual C++: 19.00.23026.00
LogInit: Build Configuration: Development
LogInit: Branch Name: ++UE4+Release-4.13
LogInit: Command line:  
LogInit: Base directory: C:/Program Files/Epic Games/UE_4.13/Engine/Binaries/Win64/
LogInit: Installed Engine Build: 1
LogInit: Presizing for max 8388607 objects, including 0 objects not considered by GC, pre-allocating 0 bytes for permanent pool.
LogInit: Object subsystem initialized
[2017.12.21-15.13.36:086][  0]LogInit: Selected Device Profile: [Windows]
[2017.12.21-15.13.36:086][  0]LogInit: Applying CVar settings loaded from the selected device profile: [Windows]
[2017.12.21-15.13.36:112][  0]LogInit: Computer: IPE-VR-G752VS
[2017.12.21-15.13.36:112][  0]LogInit: User: PDV
[2017.12.21-15.13.36:112][  0]LogInit: CPU Page size=65536, Cores=4
[2017.12.21-15.13.36:112][  0]LogInit: High frequency timer resolution =2.531254 MHz
[2017.12.21-15.13.36:112][  0]LogMemory: Memory total: Physical=15.9GB (16GB approx)
[2017.12.21-15.13.36:112][  0]LogMemory: Platform Memory Stats for Windows
[2017.12.21-15.13.36:112][  0]LogMemory: Process Physical Memory: 259.17 MB used, 259.17 MB peak
[2017.12.21-15.13.36:112][  0]LogMemory: Process Virtual Memory: 260.11 MB used, 260.11 MB peak
[2017.12.21-15.13.36:112][  0]LogMemory: Physical Memory: 4810.74 MB used, 16319.74 MB total
[2017.12.21-15.13.36:112][  0]LogMemory: Virtual Memory: 624.35 MB used, 134217728.00 MB total
[2017.12.21-15.13.36:791][  0]LogTextLocalizationManager: No translations for ('de-DE') exist, falling back to 'en' for localization and internationalization data.
[2017.12.21-15.13.38:077][  0]LogD3D11RHI: D3D11 adapters:
[2017.12.21-15.13.38:138][  0]LogD3D11RHI:    0. 'NVIDIA GeForce GTX 1070' (Feature Level 11_0)
[2017.12.21-15.13.38:138][  0]LogD3D11RHI:       8093/0/8159 MB DedicatedVideo/DedicatedSystem/SharedSystem, Outputs:2, VendorId:0x10de
[2017.12.21-15.13.38:142][  0]LogD3D11RHI:    1. 'Microsoft Basic Render Driver' (Feature Level 11_0)
[2017.12.21-15.13.38:142][  0]LogD3D11RHI:       0/0/8159 MB DedicatedVideo/DedicatedSystem/SharedSystem, Outputs:0, VendorId:0x1414
[2017.12.21-15.13.38:142][  0]LogD3D11RHI: Chosen D3D11 Adapter: 0
[2017.12.21-15.13.38:151][  0]LogD3D11RHI: Creating new Direct3DDevice
[2017.12.21-15.13.38:151][  0]LogD3D11RHI:     GPU DeviceId: 0x1be1 (for the marketing name, search the web for "GPU Device Id")
[2017.12.21-15.13.38:151][  0]LogWindows: EnumDisplayDevices:
[2017.12.21-15.13.38:152][  0]LogWindows:    0. 'NVIDIA GeForce GTX 1070' (P:1 D:1)
[2017.12.21-15.13.38:152][  0]LogWindows:    1. 'NVIDIA GeForce GTX 1070' (P:0 D:1)
[2017.12.21-15.13.38:153][  0]LogWindows:    2. 'NVIDIA GeForce GTX 1070' (P:0 D:0)
[2017.12.21-15.13.38:153][  0]LogWindows:    3. 'NVIDIA GeForce GTX 1070' (P:0 D:0)
[2017.12.21-15.13.38:153][  0]LogWindows: DebugString: FoundDriverCount:4 
[2017.12.21-15.13.38:153][  0]LogD3D11RHI:     Adapter Name: NVIDIA GeForce GTX 1070
[2017.12.21-15.13.38:153][  0]LogD3D11RHI:   Driver Version: 388.31 (internal:23.21.13.8831, unified:388.31)
[2017.12.21-15.13.38:153][  0]LogD3D11RHI:      Driver Date: 11-14-2017
[2017.12.21-15.13.38:153][  0]LogRHI: Texture pool is 1361 MB (70% of 1945 MB)
[2017.12.21-15.13.38:187][  0]LogD3D11RHI: Async texture creation enabled
[2017.12.21-15.13.38:207][  0]LogD3D11RHI: GPU Timing Frequency: 1000.000000 (Debug: 2 2)
[2017.12.21-15.13.38:207][  0]LogShaderCompilers: Guid format shader working directory is 5 characters bigger than the processId version (D:/UnrealProjects/vrkatrix4smlCtrl2tst/Intermediate/Shaders/WorkingDirectory/20656/).
[2017.12.21-15.13.38:207][  0]LogShaderCompilers: Cleaned the shader compiler working directory 'C:/Users/PDV/AppData/Local/Temp/UnrealShaderWorkingDir/F20DB2B54DBC5CF751EC1FBB0A6271A1/'.
[2017.12.21-15.13.38:207][  0]LogShaderCompilers:Display: Using Local Shader Compiler.
[2017.12.21-15.13.39:513][  0]LogTemp:Display: Loaded TP AllDesktopTargetPlatform
[2017.12.21-15.13.39:523][  0]LogTemp:Display: Loaded TP WindowsClientTargetPlatform
[2017.12.21-15.13.39:533][  0]LogTemp:Display: Loaded TP WindowsNoEditorTargetPlatform
[2017.12.21-15.13.39:544][  0]LogTemp:Display: Loaded TP WindowsServerTargetPlatform
[2017.12.21-15.13.39:552][  0]LogTemp:Display: Loaded TP WindowsTargetPlatform
[2017.12.21-15.13.39:561][  0]LogTemp:Display: Loaded TP AndroidTargetPlatform
[2017.12.21-15.13.39:570][  0]LogTemp:Display: Loaded TP Android_ASTCTargetPlatform
[2017.12.21-15.13.39:578][  0]LogTemp:Display: Loaded TP Android_ATCTargetPlatform
[2017.12.21-15.13.39:585][  0]LogTemp:Display: Loaded TP Android_DXTTargetPlatform
[2017.12.21-15.13.39:593][  0]LogTemp:Display: Loaded TP Android_ETC1TargetPlatform
[2017.12.21-15.13.39:601][  0]LogTemp:Display: Loaded TP Android_ETC2TargetPlatform
[2017.12.21-15.13.39:619][  0]LogTemp:Display: Loaded TP Android_MultiTargetPlatform
[2017.12.21-15.13.39:619][  0]LogTemp:Display: Loaded TP Android_PVRTCTargetPlatform
[2017.12.21-15.13.39:621][  0]LogTemp:Display: Loaded TP HTML5TargetPlatform
[2017.12.21-15.13.39:648][  0]LogTemp:Display: Loaded TP IOSTargetPlatform
[2017.12.21-15.13.39:656][  0]LogTemp:Display: Loaded TP TVOSTargetPlatform
[2017.12.21-15.13.39:664][  0]LogTemp:Display: Loaded TP LinuxClientTargetPlatform
[2017.12.21-15.13.39:673][  0]LogTemp:Display: Loaded TP LinuxNoEditorTargetPlatform
[2017.12.21-15.13.39:682][  0]LogTemp:Display: Loaded TP LinuxServerTargetPlatform
[2017.12.21-15.13.39:690][  0]LogTemp:Display: Loaded TP LinuxTargetPlatform
[2017.12.21-15.13.39:691][  0]LogTargetPlatformManager:Display: Building Assets For Windows
[2017.12.21-15.13.39:790][  0]LogDerivedDataCache:Display: Max Cache Size: 512 MB
[2017.12.21-15.13.39:892][  0]LogDerivedDataCache: Loaded boot cache 0.10s 88MB C:/Users/PDV/AppData/Local/UnrealEngine/4.13/DerivedDataCache/Boot.ddc.
[2017.12.21-15.13.39:892][  0]LogDerivedDataCache:Display: Loaded Boot cache: C:/Users/PDV/AppData/Local/UnrealEngine/4.13/DerivedDataCache/Boot.ddc
[2017.12.21-15.13.39:892][  0]LogDerivedDataCache: FDerivedDataBackendGraph:  Pak pak cache file D:/UnrealProjects/vrkatrix4smlCtrl2tst/DerivedDataCache/DDC.ddp not found, will not use a pak cache.
[2017.12.21-15.13.39:892][  0]LogDerivedDataCache: Unable to find inner node Pak for hierarchical cache Hierarchy.
[2017.12.21-15.13.39:893][  0]LogDerivedDataCache: FDerivedDataBackendGraph:  CompressedPak pak cache file D:/UnrealProjects/vrkatrix4smlCtrl2tst/DerivedDataCache/Compressed.ddp not found, will not use a pak cache.
[2017.12.21-15.13.39:893][  0]LogDerivedDataCache: Unable to find inner node CompressedPak for hierarchical cache Hierarchy.
[2017.12.21-15.13.39:915][  0]LogDerivedDataCache:Display: Pak cache opened for reading ../../../Engine/DerivedDataCache/Compressed.ddp.
[2017.12.21-15.13.39:928][  0]LogDerivedDataCache: Using Local data cache path C:/Users/PDV/AppData/Local/UnrealEngine/Common/DerivedDataCache: Writable
[2017.12.21-15.13.40:203][  0]LogInit: Selected Device Profile: [Windows]
[2017.12.21-15.13.40:206][  0]LogContentStreaming: Texture pool size is 0.00 MB
[2017.12.21-15.13.40:321][  0]LogMeshUtilities: No automatic mesh reduction module available
[2017.12.21-15.13.40:321][  0]LogMeshUtilities: No automatic mesh merging module available
[2017.12.21-15.13.40:321][  0]LogMeshUtilities: No distributed automatic mesh merging module available
[2017.12.21-15.13.40:455][  0]LogMaterial: Uniform references updated for custom material expression Custom.
[2017.12.21-15.13.40:840][  0]LogNetVersion: GetLocalNetworkVersion: CL: 3106830, ProjectName: vrkatrix4smlctrl2tst, ProjectVersion: , EngineNetworkVersion: 1, GameNetworkVersion: 0, NetworkChecksum: 3061662331
[2017.12.21-15.13.40:882][  0]LogAssetRegistry: FAssetRegistry took 0.0217 seconds to start up
[2017.12.21-15.13.40:972][  0]LogPackageLocalizationCache: Processed 3 localized package path(s) for 1 prioritized culture(s) in 0.087141 seconds
[2017.12.21-15.13.40:979][  0]LogUObjectArray: 29778 objects as part of root set at end of initial load.
[2017.12.21-15.13.40:979][  0]LogUObjectAllocator: 6125456 out of 0 bytes used by permanent object pool.
[2017.12.21-15.13.40:979][  0]LogUObjectArray: CloseDisregardForGC: 0/0 objects in disregard for GC pool
[2017.12.21-15.13.40:987][  0]LogInit: WinSock: version 1.1 (2.2), MaxSocks=32767, MaxUdp=65467
[2017.12.21-15.13.41:269][  0]LogSlate: SlateFontCache - WITH_FREETYPE: 1, WITH_HARFBUZZ: 1
[2017.12.21-15.13.41:269][  0]LogSlate: SlateFontCache - WITH_FREETYPE: 1, WITH_HARFBUZZ: 1
[2017.12.21-15.13.42:367][  0]LogTcpMessaging: Initializing TcpMessaging bridge
[2017.12.21-15.13.42:390][  0]LogUdpMessaging: Initializing bridge on interface 0.0.0.0:0 to multicast group 230.0.0.1:6666.
[2017.12.21-15.13.42:824][  0]SourceControl: Info Source control is disabled
[2017.12.21-15.13.42:826][  0]SourceControl: Info Source control is disabled
[2017.12.21-15.13.42:836][  0]SourceControl: Info Source control is disabled
[2017.12.21-15.13.42:860][  0]SourceControl: Info Source control is disabled
[2017.12.21-15.13.43:327][  0]LogEngine: Initializing Engine...
[2017.12.21-15.13.44:509][  0]LogHMD: SteamVR initialized.  Driver: lighthouse  Display: LHR-93B68B81
[2017.12.21-15.13.44:720][  0]LogAIModule: Creating AISystem for world Untitled
[2017.12.21-15.13.44:809][  0]LogInit: XAudio2 using 'HTC-VIVE-C (NVIDIA High Definition Audio)' : 2 channels at 48 kHz using 16 bits per sample (channel mask 0x3)
[2017.12.21-15.13.44:824][  0]LogInit: FAudioDevice initialized.
[2017.12.21-15.13.44:878][  0]LogDerivedDataCache: Saved boot cache 0.05s 88MB C:/Users/PDV/AppData/Local/UnrealEngine/4.13/DerivedDataCache/Boot.ddc.
[2017.12.21-15.13.44:891][  0]LogInit: Texture streaming: Enabled
[2017.12.21-15.13.44:923][  0]LogInit: Transaction tracking system initialized
[2017.12.21-15.13.44:961][  0]BlueprintLog: New page: Editor Load
[2017.12.21-15.13.45:047][  0]LocalizationService: Info Localization service is disabled
[2017.12.21-15.13.45:158][  0]LogConsoleResponse:Display: 
[2017.12.21-15.13.45:373][  0]LogCook:Display: Max memory allowance for cook 16384mb min free memory 0mb
[2017.12.21-15.13.45:373][  0]LogCook:Display: Mobile HDR setting 0
[2017.12.21-15.13.45:546][  0]LogFileCache: Scanning file cache for directory 'D:/UnrealProjects/vrkatrix4smlCtrl2tst/Content/' took 0.02s
[2017.12.21-15.13.45:559][  0]SourceControl: Info Source control is disabled
[2017.12.21-15.13.45:559][  0]Cmd: MAP LOAD FILE="D:/UnrealProjects/vrkatrix4smlCtrl2tst/Content/VirtualRealityBP/Maps/HMDLocomotionMap.umap" TEMPLATE=0 SHOWPROGRESS=1 FEATURELEVEL=3
[2017.12.21-15.13.45:583][  0]LightingResults: New page: Lighting Build
[2017.12.21-15.13.45:616][  0]MapCheck: New page: Map Check
[2017.12.21-15.13.45:616][  0]LightingResults: New page: Lighting Build
[2017.12.21-15.13.47:595][  0]LogMaterial: Missing cached shader map for material Metall_1400F__rot__000, compiling. 
[2017.12.21-15.13.47:623][  0]LogStaticMesh: Building static mesh katrix42v7_1_fpd_Haupttor-Ost-Layer_0_ncl1_1...
[2017.12.21-15.13.47:629][  0]LogStaticMesh: Built static mesh [0.01s] /Game/Geometry/katrin_test/katrix42v7_1_fpd_Haupttor-Ost-Layer_0_ncl1_1.katrix42v7_1_fpd_Haupttor-Ost-Layer_0_ncl1_1
[2017.12.21-15.13.47:630][  0]LogStaticMesh: Building static mesh katrix42v7_1_fpd_FPD_WaferAussen_gross-unused...
[2017.12.21-15.13.47:630][  0]LogStaticMesh: Built static mesh [0.00s] /Game/Geometry/katrin_test/katrix42v7_1_fpd_FPD_WaferAussen_gross-unused.katrix42v7_1_fpd_FPD_WaferAussen_gross-unused
[2017.12.21-15.13.47:633][  0]LogMaterial: Missing cached shader map for material FPD_Wafer-aussenMaterial_033, compiling. 
[2017.12.21-15.13.47:649][  0]LogStaticMesh: Building static mesh katrix42v7_1_fpd_FPD_WaferAussen...
[2017.12.21-15.13.47:649][  0]LogStaticMesh: Built static mesh [0.00s] /Game/Geometry/katrin_test/katrix42v7_1_fpd_FPD_WaferAussen.katrix42v7_1_fpd_FPD_WaferAussen
[2017.12.21-15.13.47:660][  0]LogTexture:Display: Building textures: fpd-a-ohne-rand3 (BGRA8)
[2017.12.21-15.13.47:734][  0]LogMaterial: Missing cached shader map for material fpd-a-ohne-rand2, compiling. 
[2017.12.21-15.13.47:751][  0]LogStaticMesh: Building static mesh katrix42v7_1_fpd_FPD_Wafer-Texture...
[2017.12.21-15.13.47:753][  0]LogStaticMesh: Built static mesh [0.00s] /Game/Geometry/katrin_test/katrix42v7_1_fpd_FPD_Wafer-Texture.katrix42v7_1_fpd_FPD_Wafer-Texture
[2017.12.21-15.13.47:755][  0]LogMaterial: Missing cached shader map for material Material_033, compiling. 
[2017.12.21-15.13.47:775][  0]LogStaticMesh: Building static mesh katrix42v7_1_fpd_FPD_Wafer-ohne-Rand...
[2017.12.21-15.13.48:343][  0]LogStaticMesh: Built static mesh [0.57s] /Game/Geometry/katrin_test/katrix42v7_1_fpd_FPD_Wafer-ohne-Rand.katrix42v7_1_fpd_FPD_Wafer-ohne-Rand
[2017.12.21-15.13.48:365][  0]LogMaterial: Missing cached shader map for material Default_005, compiling. 
[2017.12.21-15.13.48:385][  0]LogStaticMesh: Building static mesh katrix42v7_1_fpd_FPD_schienen...
[2017.12.21-15.13.48:480][  0]LogStaticMesh: Built static mesh [0.09s] /Game/Geometry/katrin_test/katrix42v7_1_fpd_FPD_schienen.katrix42v7_1_fpd_FPD_schienen
[2017.12.21-15.13.48:484][  0]LogMaterial: Missing cached shader map for material FPD_neu_MagnetSued_material_7, compiling. 
[2017.12.21-15.13.48:505][  0]LogStaticMesh: Building static mesh katrix42v7_1_fpd_FPD_neu-MagnetSued...
[2017.12.21-15.13.48:680][  0]LogStaticMesh: Built static mesh [0.17s] /Game/Geometry/katrin_test/katrix42v7_1_fpd_FPD_neu-MagnetSued.katrix42v7_1_fpd_FPD_neu-MagnetSued
[2017.12.21-15.13.48:690][  0]LogMaterial: Missing cached shader map for material Smooth___Dark_Forest_Green_003, compiling. 
[2017.12.21-15.13.48:711][  0]LogStaticMesh: Building static mesh katrix42v7_1_fpd_FPD_neu-MagnetNord...
[2017.12.21-15.13.48:801][  0]LogStaticMesh: Built static mesh [0.09s] /Game/Geometry/katrin_test/katrix42v7_1_fpd_FPD_neu-MagnetNord.katrix42v7_1_fpd_FPD_neu-MagnetNord
[2017.12.21-15.13.48:802][  0]LogStaticMesh: Building static mesh katrix42v7_1_fpd_FPD_neu-HV-Box...
[2017.12.21-15.13.49:085][  0]LogStaticMesh: Built static mesh [0.28s] /Game/Geometry/katrin_test/katrix42v7_1_fpd_FPD_neu-HV-Box.katrix42v7_1_fpd_FPD_neu-HV-Box
[2017.12.21-15.13.49:132][  0]LogMaterial: Missing cached shader map for material Light_Beige, compiling. 
[2017.12.21-15.13.49:153][  0]LogStaticMesh: Building static mesh katrix42v7_1_fpd_FPD_neu-Gestell...
[2017.12.21-15.13.50:246][  0]LogStaticMesh: Built static mesh [1.09s] /Game/Geometry/katrin_test/katrix42v7_1_fpd_FPD_neu-Gestell.katrix42v7_1_fpd_FPD_neu-Gestell
[2017.12.21-15.13.50:271][  0]LogStaticMesh: Building static mesh katrix42v7_1_fpd_FPD_neu-CryoPartBig-T_Zyl-rm-nachmodelliert...
[2017.12.21-15.13.50:486][  0]LogStaticMesh: Built static mesh [0.22s] /Game/Geometry/katrin_test/katrix42v7_1_fpd_FPD_neu-CryoPartBig-T_Zyl-rm-nachmodelliert.katrix42v7_1_fpd_FPD_neu-CryoPartBig-T_Zyl-rm-nachmodelliert
[2017.12.21-15.13.50:513][  0]LogStaticMesh: Building static mesh katrix42v7_1_fpd_FPD_neu-CryoPartBig-T...
[2017.12.21-15.13.51:251][  0]LogStaticMesh: Built static mesh [0.74s] /Game/Geometry/katrin_test/katrix42v7_1_fpd_FPD_neu-CryoPartBig-T.katrix42v7_1_fpd_FPD_neu-CryoPartBig-T
[2017.12.21-15.13.51:255][  0]LogStaticMesh: Building static mesh katrix42v7_1_fpd_FPD_neu-Cryo-Part_Zyl+Rings-rm-nachmodelliert...
[2017.12.21-15.13.52:071][  0]LogStaticMesh: Built static mesh [0.82s] /Game/Geometry/katrin_test/katrix42v7_1_fpd_FPD_neu-Cryo-Part_Zyl+Rings-rm-nachmodelliert.katrix42v7_1_fpd_FPD_neu-Cryo-Part_Zyl+Rings-rm-nachmodelliert
[2017.12.21-15.13.52:104][  0]LogMaterial: Missing cached shader map for material FPD_neu_HV+Cryo_material_1_transparent, compiling. 
[2017.12.21-15.13.52:125][  0]LogStaticMesh: Building static mesh katrix42v7_1_fpd_FPD_neu-Cryo-Part-Zylinder_long_transparent_x-ray...
[2017.12.21-15.13.52:137][  0]LogStaticMesh: Built static mesh [0.01s] /Game/Geometry/katrin_test/katrix42v7_1_fpd_FPD_neu-Cryo-Part-Zylinder_long_transparent_x-ray.katrix42v7_1_fpd_FPD_neu-Cryo-Part-Zylinder_long_transparent_x-ray
[2017.12.21-15.13.52:138][  0]LogStaticMesh: Building static mesh katrix42v7_1_fpd_FPD_neu-Cryo-Part-Zylinder_long...
[2017.12.21-15.13.52:150][  0]LogStaticMesh: Built static mesh [0.01s] /Game/Geometry/katrin_test/katrix42v7_1_fpd_FPD_neu-Cryo-Part-Zylinder_long.katrix42v7_1_fpd_FPD_neu-Cryo-Part-Zylinder_long
[2017.12.21-15.13.52:151][  0]LogStaticMesh: Building static mesh katrix42v7_1_fpd_FPD_neu-Cryo-Part-Zylinder...
[2017.12.21-15.13.52:162][  0]LogStaticMesh: Built static mesh [0.01s] /Game/Geometry/katrin_test/katrix42v7_1_fpd_FPD_neu-Cryo-Part-Zylinder.katrix42v7_1_fpd_FPD_neu-Cryo-Part-Zylinder
[2017.12.21-15.13.52:162][  0]LogStaticMesh: Building static mesh katrix42v7_1_fpd_FPD_neu-Cryo-Part-Zilynder-neu...
[2017.12.21-15.13.52:169][  0]LogStaticMesh: Built static mesh [0.01s] /Game/Geometry/katrin_test/katrix42v7_1_fpd_FPD_neu-Cryo-Part-Zilynder-neu.katrix42v7_1_fpd_FPD_neu-Cryo-Part-Zilynder-neu
[2017.12.21-15.13.52:172][  0]LogMaterial: Missing cached shader map for material FPD_neu_HV+Cryo_material_1, compiling. 
[2017.12.21-15.13.52:193][  0]LogStaticMesh: Building static mesh katrix42v7_1_fpd_FPD_neu-Cryo-Part...
[2017.12.21-15.13.53:227][  0]LogStaticMesh: Built static mesh [1.03s] /Game/Geometry/katrin_test/katrix42v7_1_fpd_FPD_neu-Cryo-Part.katrix42v7_1_fpd_FPD_neu-Cryo-Part
[2017.12.21-15.13.53:311][  0]LogTexture:Display: Building textures: rayglow3 (AutoDXT)
[2017.12.21-15.13.53:391][  0]LogMaterial: Missing cached shader map for material Mat_electron_tex, compiling. 
[2017.12.21-15.13.53:413][  0]LogStaticMesh: Building static mesh katrix42v7_1_fpd_electron_tex...
[2017.12.21-15.13.53:415][  0]LogStaticMesh: Built static mesh [0.00s] /Game/Geometry/katrin_test/katrix42v7_1_fpd_electron_tex.katrix42v7_1_fpd_electron_tex
[2017.12.21-15.13.53:416][  0]LogStaticMesh: Building static mesh katrix42v7_1_fpd_electron...
[2017.12.21-15.13.53:417][  0]LogStaticMesh: Built static mesh [0.00s] /Game/Geometry/katrin_test/katrix42v7_1_fpd_electron.katrix42v7_1_fpd_electron
[2017.12.21-15.13.53:418][  0]LogStaticMesh: Building static mesh katrix42v7_1_fpd_efeld_tex-plane_001...
[2017.12.21-15.13.53:420][  0]LogStaticMesh: Built static mesh [0.00s] /Game/Geometry/katrin_test/katrix42v7_1_fpd_efeld_tex-plane_001.katrix42v7_1_fpd_efeld_tex-plane_001
[2017.12.21-15.13.53:496][  0]LogTexture:Display: Building textures: lensflares1_MULTI (AutoDXT)
[2017.12.21-15.13.53:725][  0]LogMaterial: Missing cached shader map for material EFeld-Mat-Tex, compiling. 
[2017.12.21-15.13.53:748][  0]LogStaticMesh: Building static mesh katrix42v7_1_fpd_efeld_tex-plane...
[2017.12.21-15.13.53:750][  0]LogStaticMesh: Built static mesh [0.00s] /Game/Geometry/katrin_test/katrix42v7_1_fpd_efeld_tex-plane.katrix42v7_1_fpd_efeld_tex-plane
[2017.12.21-15.13.53:751][  0]LogStaticMesh: Building static mesh katrix42v7_1_fpd_Cylinder...
[2017.12.21-15.13.53:752][  0]LogStaticMesh: Built static mesh [0.00s] /Game/Geometry/katrin_test/katrix42v7_1_fpd_Cylinder.katrix42v7_1_fpd_Cylinder
[2017.12.21-15.13.53:753][  0]LogStaticMesh: Building static mesh katrix42v7_1_fpd_Cube_027...
[2017.12.21-15.13.53:753][  0]LogStaticMesh: Built static mesh [0.00s] /Game/Geometry/katrin_test/katrix42v7_1_fpd_Cube_027.katrix42v7_1_fpd_Cube_027
[2017.12.21-15.13.53:753][  0]LogStaticMesh: Building static mesh katrix42v7_1_fpd_Cube_013...
[2017.12.21-15.13.53:755][  0]LogStaticMesh: Built static mesh [0.00s] /Game/Geometry/katrin_test/katrix42v7_1_fpd_Cube_013.katrix42v7_1_fpd_Cube_013
[2017.12.21-15.13.53:756][  0]LogStaticMesh: Building static mesh katrix42v7_1_fpd_Cube_012...
[2017.12.21-15.13.53:758][  0]LogStaticMesh: Built static mesh [0.00s] /Game/Geometry/katrin_test/katrix42v7_1_fpd_Cube_012.katrix42v7_1_fpd_Cube_012
[2017.12.21-15.13.53:758][  0]LogStaticMesh: Building static mesh katrix42v7_1_fpd_Cube_009...
[2017.12.21-15.13.53:759][  0]LogStaticMesh: Built static mesh [0.00s] /Game/Geometry/katrin_test/katrix42v7_1_fpd_Cube_009.katrix42v7_1_fpd_Cube_009
[2017.12.21-15.13.53:762][  0]LogMaterial: Missing cached shader map for material Blue___Wall_Paint___Glossy_ncl1_2, compiling. 
[2017.12.21-15.13.53:784][  0]LogStaticMesh: Building static mesh katrix42v7_1_fpd_CPS-PS-Torgeruest-Layer_0_ncl1_27...
[2017.12.21-15.13.54:448][  0]LogStaticMesh: Built static mesh [0.67s] /Game/Geometry/katrin_test/katrix42v7_1_fpd_CPS-PS-Torgeruest-Layer_0_ncl1_27.katrix42v7_1_fpd_CPS-PS-Torgeruest-Layer_0_ncl1_27
[2017.12.21-15.13.54:454][  0]LogMaterial: Missing cached shader map for material Sky_Blue_Medium_001, compiling. 
[2017.12.21-15.13.54:476][  0]LogStaticMesh: Building static mesh katrix42v7_1_fpd_CPS-PS-Torgeruest-Layer_0_006...
[2017.12.21-15.13.56:243][  0]LogStaticMesh: Built static mesh [1.77s] /Game/Geometry/katrin_test/katrix42v7_1_fpd_CPS-PS-Torgeruest-Layer_0_006.katrix42v7_1_fpd_CPS-PS-Torgeruest-Layer_0_006
[2017.12.21-15.13.56:308][  0]LogMaterial: Missing cached shader map for material Default, compiling. 
[2017.12.21-15.13.56:330][  0]LogStaticMesh: Building static mesh katrix42v7_1_fpd_CPS-Bau-Leiter-Layer_0_ncl1_20_003...
[2017.12.21-15.13.56:357][  0]LogStaticMesh: Built static mesh [0.03s] /Game/Geometry/katrin_test/katrix42v7_1_fpd_CPS-Bau-Leiter-Layer_0_ncl1_20_003.katrix42v7_1_fpd_CPS-Bau-Leiter-Layer_0_ncl1_20_003
[2017.12.21-15.13.56:394][  0]LogTexture:Display: Building textures: BuildingsHighRise0522_13_S-tiled (AutoDXT)
[2017.12.21-15.13.56:918][  0]LogMaterial: Missing cached shader map for material Material_042, compiling. 
[2017.12.21-15.13.56:938][  0]LogStaticMesh: Building static mesh katrix42v7_1_fpd_campus-geb-462...
[2017.12.21-15.13.56:941][  0]LogStaticMesh: Built static mesh [0.00s] /Game/Geometry/katrin_test/katrix42v7_1_fpd_campus-geb-462.katrix42v7_1_fpd_campus-geb-462
[2017.12.21-15.13.56:945][  0]LogMaterial: Missing cached shader map for material Material_041, compiling. 
[2017.12.21-15.13.56:968][  0]LogStaticMesh: Building static mesh katrix42v7_1_fpd_campus-geb-461...
[2017.12.21-15.13.56:971][  0]LogStaticMesh: Built static mesh [0.00s] /Game/Geometry/katrin_test/katrix42v7_1_fpd_campus-geb-461.katrix42v7_1_fpd_campus-geb-461
[2017.12.21-15.13.56:975][  0]LogMaterial: Missing cached shader map for material Blau__Chrom_, compiling. 
[2017.12.21-15.13.56:997][  0]LogStaticMesh: Building static mesh katrix42v7_1_fpd_campus-geb-460verbindung462...
[2017.12.21-15.13.56:998][  0]LogStaticMesh: Built static mesh [0.00s] /Game/Geometry/katrin_test/katrix42v7_1_fpd_campus-geb-460verbindung462.katrix42v7_1_fpd_campus-geb-460verbindung462
[2017.12.21-15.13.57:020][  0]LogTexture:Display: Building textures: ConcreteNew0047_2_S-tiled (AutoDXT)
[2017.12.21-15.13.57:467][  0]LogMaterial: Missing cached shader map for material Material_037, compiling. 
[2017.12.21-15.13.57:490][  0]LogStaticMesh: Building static mesh katrix42v7_1_fpd_campus-GEB-457-1...
[2017.12.21-15.13.57:507][  0]LogStaticMesh: Built static mesh [0.02s] /Game/Geometry/katrin_test/katrix42v7_1_fpd_campus-GEB-457-1.katrix42v7_1_fpd_campus-GEB-457-1
[2017.12.21-15.13.57:510][  0]LogMaterial: Missing cached shader map for material Material_038, compiling. 
[2017.12.21-15.13.57:532][  0]LogStaticMesh: Building static mesh katrix42v7_1_fpd_campus-geb-457...
[2017.12.21-15.14.01:386][  0]LogStaticMesh: Built static mesh [3.85s] /Game/Geometry/katrin_test/katrix42v7_1_fpd_campus-geb-457.katrix42v7_1_fpd_campus-geb-457
[2017.12.21-15.14.01:413][  0]LogMaterial: Missing cached shader map for material MobSU-DarkGrey-mat, compiling. 
[2017.12.21-15.14.01:436][  0]LogStaticMesh: Building static mesh katrix42v7_1_fpd_boden_1_um_katrin_halle...
[2017.12.21-15.14.01:451][  0]LogStaticMesh: Built static mesh [0.02s] /Game/Geometry/katrin_test/katrix42v7_1_fpd_boden_1_um_katrin_halle.katrix42v7_1_fpd_boden_1_um_katrin_halle
[2017.12.21-15.14.01:455][  0]LogMaterial: Missing cached shader map for material Dark_Green_000, compiling. 
[2017.12.21-15.14.01:513][  0]LogTexture:Display: Building textures: Grass0126_2_S (AutoDXT)
[2017.12.21-15.14.02:635][  0]LogTexture:Display: Building textures: cloud_512_A_TILED (AutoDXT)
[2017.12.21-15.14.02:758][  0]LogTexture:Display: Building textures: cloud1_256_TILED (AutoDXT)
[2017.12.21-15.14.02:793][  0]LogMaterial: Missing cached shader map for material BodenGrass-Material, compiling. 
[2017.12.21-15.14.02:794][  0]LogMaterial:Warning: Failed to compile Material /Game/Geometry/katrin_test/BodenGrass-Material.BodenGrass-Material for platform PCD3D_SM5, Default Material will be used in game.
[2017.12.21-15.14.02:794][  0]LogMaterial:Warning: 	(Node TextureSample) TextureSample> Sampler type is Normal, should be Color for /Game/Geometry/katrin_test/Grass0126_2_S.Grass0126_2_S
[2017.12.21-15.14.02:806][  0]LogMaterial: Missing cached shader map for material Clear___Green_1_000, compiling. 
[2017.12.21-15.14.02:838][  0]LogStaticMesh: Building static mesh Boden-Box_Brush12_StaticMesh...
[2017.12.21-15.14.02:838][  0]LogMeshUtilities: Invalid vertex normals found for mesh. Forcing recomputation of vertex normals for MikkTSpace. Fix mesh or disable "Use MikkTSpace Tangent Space" to avoid forced recomputation of normals.
[2017.12.21-15.14.02:842][  0]LogStaticMesh: Built static mesh [0.00s] /Game/Geometry/katrin_test/Boden-Box_Brush12_StaticMesh.Boden-Box_Brush12_StaticMesh
[2017.12.21-15.14.02:843][  0]LogStaticMesh: Building static mesh katrix42v7_1_fpd_boden_1...
[2017.12.21-15.14.02:885][  0]LogStaticMesh: Built static mesh [0.04s] /Game/Geometry/katrin_test/katrix42v7_1_fpd_boden_1.katrix42v7_1_fpd_boden_1
[2017.12.21-15.14.02:889][  0]LogMaterial: Missing cached shader map for material Smooth___Purple_002, compiling. 
[2017.12.21-15.14.02:912][  0]LogMaterial: Missing cached shader map for material Smooth___Ivory_000, compiling. 
[2017.12.21-15.14.02:936][  0]LogMaterial: Missing cached shader map for material Smooth___Dark_Sea_Green_000, compiling. 
[2017.12.21-15.14.02:960][  0]LogMaterial: Missing cached shader map for material Rot__hell__000, compiling. 
[2017.12.21-15.14.02:985][  0]LogMaterial: Missing cached shader map for material Red__Flat__000, compiling. 
[2017.12.21-15.14.03:029][  0]LogMaterial: Missing cached shader map for material Red_002, compiling. 
[2017.12.21-15.14.03:053][  0]LogMaterial: Missing cached shader map for material Pink_000, compiling. 
[2017.12.21-15.14.03:079][  0]LogMaterial: Missing cached shader map for material Nylon_6_000, compiling. 
[2017.12.21-15.14.03:103][  0]LogMaterial: Missing cached shader map for material Material_028, compiling. 
[2017.12.21-15.14.03:128][  0]LogMaterial: Missing cached shader map for material Magenta_000, compiling. 
[2017.12.21-15.14.03:153][  0]LogMaterial: Missing cached shader map for material Light_Beige_002, compiling. 
[2017.12.21-15.14.03:179][  0]LogMaterial: Missing cached shader map for material Kolibriblau_000, compiling. 
[2017.12.21-15.14.03:206][  0]LogMaterial: Missing cached shader map for material Gunmetal_000, compiling. 
[2017.12.21-15.14.03:237][  0]LogMaterial: Missing cached shader map for material Grün__kryptonisiert__000, compiling. 
[2017.12.21-15.14.03:263][  0]LogMaterial: Missing cached shader map for material Glossy___Gold_000, compiling. 
[2017.12.21-15.14.03:289][  0]LogMaterial: Missing cached shader map for material Clear___Yellow_000, compiling. 
[2017.12.21-15.14.03:316][  0]LogMaterial: Missing cached shader map for material Clear___Blue_000, compiling. 
[2017.12.21-15.14.03:339][  0]LogStaticMesh: Building static mesh katrix42v7_1_fpd_MainSpectrometer_Gebaeude-mit-aussenspule...
[2017.12.21-15.14.06:171][  0]LogStaticMesh: Built static mesh [2.83s] /Game/Geometry/katrin_test/katrix42v7_1_fpd_MainSpectrometer_Gebaeude-mit-aussenspule.katrix42v7_1_fpd_MainSpectrometer_Gebaeude-mit-aussenspule
[2017.12.21-15.14.06:201][  0]LogMaterial: Missing cached shader map for material Orange__blass__002, compiling. 
[2017.12.21-15.14.06:224][  0]LogStaticMesh: Building static mesh katrix42v7_1_fpd_MainSpectrometer_Gebaeude-Braune-Lueftung...
[2017.12.21-15.14.06:584][  0]LogStaticMesh: Built static mesh [0.36s] /Game/Geometry/katrin_test/katrix42v7_1_fpd_MainSpectrometer_Gebaeude-Braune-Lueftung.katrix42v7_1_fpd_MainSpectrometer_Gebaeude-Braune-Lueftung
[2017.12.21-15.14.06:611][  0]LogMaterial: Missing cached shader map for material Default_004, compiling. 
[2017.12.21-15.14.06:633][  0]LogStaticMesh: Building static mesh katrix42v7_1_fpd_MainSpectrometer_Aussenspule_Aircoils_Gestell...
[2017.12.21-15.14.07:056][  0]LogStaticMesh: Built static mesh [0.42s] /Game/Geometry/katrin_test/katrix42v7_1_fpd_MainSpectrometer_Aussenspule_Aircoils_Gestell.katrix42v7_1_fpd_MainSpectrometer_Aussenspule_Aircoils_Gestell
[2017.12.21-15.14.07:095][  0]LogMaterial: Missing cached shader map for material Light_Red_000, compiling. 
[2017.12.21-15.14.07:117][  0]LogStaticMesh: Building static mesh katrix42v7_1_fpd_MainSpectrometer_Aussenspule_Aircoils...
[2017.12.21-15.14.14:149][  0]LogStaticMesh: Built static mesh [7.03s] /Game/Geometry/katrin_test/katrix42v7_1_fpd_MainSpectrometer_Aussenspule_Aircoils.katrix42v7_1_fpd_MainSpectrometer_Aussenspule_Aircoils
[2017.12.21-15.14.14:186][  0]LogMaterial: Missing cached shader map for material Steel_Blue, compiling. 
[2017.12.21-15.14.14:210][  0]LogStaticMesh: Building static mesh katrix42v7_1_fpd_Layer_0_ncl1_4...
[2017.12.21-15.14.14:247][  0]LogStaticMesh: Built static mesh [0.04s] /Game/Geometry/katrin_test/katrix42v7_1_fpd_Layer_0_ncl1_4.katrix42v7_1_fpd_Layer_0_ncl1_4
[2017.12.21-15.14.14:248][  0]LogStaticMesh: Building static mesh katrix42v7_1_fpd_Layer_0_ncl1_21...
[2017.12.21-15.14.14:532][  0]LogStaticMesh: Built static mesh [0.28s] /Game/Geometry/katrin_test/katrix42v7_1_fpd_Layer_0_ncl1_21.katrix42v7_1_fpd_Layer_0_ncl1_21
[2017.12.21-15.14.14:812][  0]LogStaticMesh: Building static mesh katrix42v7_1_fpd_FPD_Wafer-Texture_gross-unused...
[2017.12.21-15.14.14:813][  0]LogStaticMesh: Built static mesh [0.00s] /Game/Geometry/katrin_test/katrix42v7_1_fpd_FPD_Wafer-Texture_gross-unused.katrix42v7_1_fpd_FPD_Wafer-Texture_gross-unused
[2017.12.21-15.14.14:814][  0]LogStaticMesh: Building static mesh katrix42v7_1_fpd_MainSpectrometer_Gebaeude-mit-aussenspule_HV-Boxen-keller-tuerk...
[2017.12.21-15.14.14:818][  0]LogStaticMesh: Built static mesh [0.00s] /Game/Geometry/katrin_test/katrix42v7_1_fpd_MainSpectrometer_Gebaeude-mit-aussenspule_HV-Boxen-keller-tuerk.katrix42v7_1_fpd_MainSpectrometer_Gebaeude-mit-aussenspule_HV-Boxen-keller-tuerk
[2017.12.21-15.14.14:819][  0]LogStaticMesh: Building static mesh katrix42v7_1_fpd_MainSpectrometer_Gebaeude-Violette-Lueftung...
[2017.12.21-15.14.15:974][  0]LogStaticMesh: Built static mesh [1.16s] /Game/Geometry/katrin_test/katrix42v7_1_fpd_MainSpectrometer_Gebaeude-Violette-Lueftung.katrix42v7_1_fpd_MainSpectrometer_Gebaeude-Violette-Lueftung
[2017.12.21-15.14.16:021][  0]LogStaticMesh: Building static mesh katrix42v7_1_fpd_MainSpectrometer_Gebaeude-Wände...
[2017.12.21-15.14.17:144][  0]LogStaticMesh: Built static mesh [1.12s] /Game/Geometry/katrin_test/katrix42v7_1_fpd_MainSpectrometer_Gebaeude-Wände.katrix42v7_1_fpd_MainSpectrometer_Gebaeude-Wände
[2017.12.21-15.14.17:178][  0]LogStaticMesh: Building static mesh katrix42v7_1_fpd_MainSpectrometer_Treppe-FPD-Buehne_innen_001...
[2017.12.21-15.14.17:213][  0]LogStaticMesh: Built static mesh [0.04s] /Game/Geometry/katrin_test/katrix42v7_1_fpd_MainSpectrometer_Treppe-FPD-Buehne_innen_001.katrix42v7_1_fpd_MainSpectrometer_Treppe-FPD-Buehne_innen_001
[2017.12.21-15.14.17:213][  0]LogStaticMesh: Building static mesh katrix42v7_1_fpd_MainSpectrometer_Treppe-FPD-Buehne_innen...
[2017.12.21-15.14.17:249][  0]LogStaticMesh: Built static mesh [0.04s] /Game/Geometry/katrin_test/katrix42v7_1_fpd_MainSpectrometer_Treppe-FPD-Buehne_innen.katrix42v7_1_fpd_MainSpectrometer_Treppe-FPD-Buehne_innen
[2017.12.21-15.14.17:249][  0]LogStaticMesh: Building static mesh katrix42v7_1_fpd_MainSpectrometer_ValvePreSpec...
[2017.12.21-15.14.17:289][  0]LogStaticMesh: Built static mesh [0.04s] /Game/Geometry/katrin_test/katrix42v7_1_fpd_MainSpectrometer_ValvePreSpec.katrix42v7_1_fpd_MainSpectrometer_ValvePreSpec
[2017.12.21-15.14.17:290][  0]LogStaticMesh: Building static mesh katrix42v7_1_fpd_MainSpectrometerVessel_Doublesided-holes-win2...
[2017.12.21-15.14.17:290][  0]LogStaticMesh: Built static mesh [0.00s] /Game/Geometry/katrin_test/katrix42v7_1_fpd_MainSpectrometerVessel_Doublesided-holes-win2.katrix42v7_1_fpd_MainSpectrometerVessel_Doublesided-holes-win2
[2017.12.21-15.14.17:291][  0]LogStaticMesh: Building static mesh katrix42v7_1_fpd_MainSpectrometerVessel_Doublesided-holes-win...
[2017.12.21-15.14.17:292][  0]LogStaticMesh: Built static mesh [0.00s] /Game/Geometry/katrin_test/katrix42v7_1_fpd_MainSpectrometerVessel_Doublesided-holes-win.katrix42v7_1_fpd_MainSpectrometerVessel_Doublesided-holes-win
[2017.12.21-15.14.17:292][  0]LogStaticMesh: Building static mesh katrix42v7_1_fpd_MainSpectrometerVessel_Doublesided-holes...
[2017.12.21-15.14.17:376][  0]LogStaticMesh: Built static mesh [0.08s] /Game/Geometry/katrin_test/katrix42v7_1_fpd_MainSpectrometerVessel_Doublesided-holes.katrix42v7_1_fpd_MainSpectrometerVessel_Doublesided-holes
[2017.12.21-15.14.17:376][  0]LogStaticMesh: Building static mesh katrix42v7_1_fpd_MainSpectrometerVessel_Doublesided...
[2017.12.21-15.14.17:424][  0]LogStaticMesh: Built static mesh [0.05s] /Game/Geometry/katrin_test/katrix42v7_1_fpd_MainSpectrometerVessel_Doublesided.katrix42v7_1_fpd_MainSpectrometerVessel_Doublesided
[2017.12.21-15.14.17:425][  0]LogStaticMesh: Building static mesh katrix42v7_1_fpd_MainSpectrometerVessel_Original-one-sided...
[2017.12.21-15.14.17:440][  0]LogStaticMesh: Built static mesh [0.01s] /Game/Geometry/katrin_test/katrix42v7_1_fpd_MainSpectrometerVessel_Original-one-sided.katrix42v7_1_fpd_MainSpectrometerVessel_Original-one-sided
[2017.12.21-15.14.17:440][  0]LogStaticMesh: Building static mesh katrix42v7_1_fpd_No1__valve-CPS-DPS...
[2017.12.21-15.14.17:546][  0]LogStaticMesh: Built static mesh [0.11s] /Game/Geometry/katrin_test/katrix42v7_1_fpd_No1__valve-CPS-DPS.katrix42v7_1_fpd_No1__valve-CPS-DPS
[2017.12.21-15.14.17:546][  0]LogStaticMesh: Building static mesh katrix42v7_1_fpd_Plane_002...
[2017.12.21-15.14.17:547][  0]LogStaticMesh: Built static mesh [0.00s] /Game/Geometry/katrin_test/katrix42v7_1_fpd_Plane_002.katrix42v7_1_fpd_Plane_002
[2017.12.21-15.14.17:547][  0]LogStaticMesh: Building static mesh katrix42v7_1_fpd_Plane_012...
[2017.12.21-15.14.17:547][  0]LogStaticMesh: Built static mesh [0.00s] /Game/Geometry/katrin_test/katrix42v7_1_fpd_Plane_012.katrix42v7_1_fpd_Plane_012
[2017.12.21-15.14.17:549][  0]LogStaticMesh: Building static mesh katrix42v7_1_fpd_PreSpectrometer_001...
[2017.12.21-15.14.18:767][  0]LogStaticMesh: Built static mesh [1.22s] /Game/Geometry/katrin_test/katrix42v7_1_fpd_PreSpectrometer_001.katrix42v7_1_fpd_PreSpectrometer_001
[2017.12.21-15.14.18:835][  0]LogStaticMesh: Building static mesh katrix42v7_1_fpd_PrespecValve2CPS_No2_...
[2017.12.21-15.14.18:853][  0]LogStaticMesh: Built static mesh [0.02s] /Game/Geometry/katrin_test/katrix42v7_1_fpd_PrespecValve2CPS_No2_.katrix42v7_1_fpd_PrespecValve2CPS_No2_
[2017.12.21-15.14.18:854][  0]LogStaticMesh: Building static mesh katrix42v7_1_fpd_Schrank01_001...
[2017.12.21-15.14.18:866][  0]LogStaticMesh: Built static mesh [0.01s] /Game/Geometry/katrin_test/katrix42v7_1_fpd_Schrank01_001.katrix42v7_1_fpd_Schrank01_001
[2017.12.21-15.14.18:866][  0]LogStaticMesh: Building static mesh katrix42v7_1_fpd_Source_001-RearSection...
[2017.12.21-15.14.18:870][  0]LogStaticMesh: Built static mesh [0.00s] /Game/Geometry/katrin_test/katrix42v7_1_fpd_Source_001-RearSection.katrix42v7_1_fpd_Source_001-RearSection
[2017.12.21-15.14.18:871][  0]LogStaticMesh: Building static mesh katrix42v7_1_fpd_spirale_anim_leuchtend_000...
[2017.12.21-15.14.18:876][  0]LogStaticMesh: Built static mesh [0.01s] /Game/Geometry/katrin_test/katrix42v7_1_fpd_spirale_anim_leuchtend_000.katrix42v7_1_fpd_spirale_anim_leuchtend_000
[2017.12.21-15.14.18:876][  0]LogStaticMesh: Building static mesh katrix42v7_1_fpd_strasse2_1_vor_KATRIN_HALLE...
[2017.12.21-15.14.18:880][  0]LogStaticMesh: Built static mesh [0.00s] /Game/Geometry/katrin_test/katrix42v7_1_fpd_strasse2_1_vor_KATRIN_HALLE.katrix42v7_1_fpd_strasse2_1_vor_KATRIN_HALLE
[2017.12.21-15.14.18:881][  0]LogStaticMesh: Building static mesh katrix42v7_1_fpd_strasse2_1...
[2017.12.21-15.14.19:018][  0]LogStaticMesh: Built static mesh [0.14s] /Game/Geometry/katrin_test/katrix42v7_1_fpd_strasse2_1.katrix42v7_1_fpd_strasse2_1
[2017.12.21-15.14.19:041][  0]LogStaticMesh: Building static mesh katrix42v7_1_fpd_TransportSection-GeruestZwischenboden-HR8k...
[2017.12.21-15.14.23:985][  0]LogStaticMesh: Built static mesh [4.94s] /Game/Geometry/katrin_test/katrix42v7_1_fpd_TransportSection-GeruestZwischenboden-HR8k.katrix42v7_1_fpd_TransportSection-GeruestZwischenboden-HR8k
[2017.12.21-15.14.24:049][  0]LogStaticMesh: Building static mesh katrix42v7_1_fpd_TransportSection_CPS_001_transparent...
[2017.12.21-15.14.24:128][  0]LogStaticMesh: Built static mesh [0.08s] /Game/Geometry/katrin_test/katrix42v7_1_fpd_TransportSection_CPS_001_transparent.katrix42v7_1_fpd_TransportSection_CPS_001_transparent
[2017.12.21-15.14.24:129][  0]LogStaticMesh: Building static mesh katrix42v7_1_fpd_TransportSection_CPS...
[2017.12.21-15.14.24:204][  0]LogStaticMesh: Built static mesh [0.08s] /Game/Geometry/katrin_test/katrix42v7_1_fpd_TransportSection_CPS.katrix42v7_1_fpd_TransportSection_CPS
[2017.12.21-15.14.24:205][  0]LogStaticMesh: Building static mesh katrix42v7_1_fpd_TransportSection_CPS_Zwischendecke...
[2017.12.21-15.14.24:211][  0]LogStaticMesh: Built static mesh [0.01s] /Game/Geometry/katrin_test/katrix42v7_1_fpd_TransportSection_CPS_Zwischendecke.katrix42v7_1_fpd_TransportSection_CPS_Zwischendecke
[2017.12.21-15.14.24:212][  0]LogStaticMesh: Building static mesh katrix42v7_1_fpd_TransportSection_DPS_001_transparent...
[2017.12.21-15.14.24:274][  0]LogStaticMesh: Built static mesh [0.06s] /Game/Geometry/katrin_test/katrix42v7_1_fpd_TransportSection_DPS_001_transparent.katrix42v7_1_fpd_TransportSection_DPS_001_transparent
[2017.12.21-15.14.24:275][  0]LogStaticMesh: Building static mesh katrix42v7_1_fpd_TransportSection_DPS...
[2017.12.21-15.14.24:337][  0]LogStaticMesh: Built static mesh [0.06s] /Game/Geometry/katrin_test/katrix42v7_1_fpd_TransportSection_DPS.katrix42v7_1_fpd_TransportSection_DPS
[2017.12.21-15.14.24:337][  0]LogStaticMesh: Building static mesh katrix42v7_1_fpd_TransportSection_DPS_TMPs...
[2017.12.21-15.14.24:344][  0]LogStaticMesh: Built static mesh [0.01s] /Game/Geometry/katrin_test/katrix42v7_1_fpd_TransportSection_DPS_TMPs.katrix42v7_1_fpd_TransportSection_DPS_TMPs
[2017.12.21-15.14.24:345][  0]LogStaticMesh: Building static mesh katrix42v7_1_fpd_TransportSection_Gebaeude...
[2017.12.21-15.14.25:341][  0]LogStaticMesh: Built static mesh [1.00s] /Game/Geometry/katrin_test/katrix42v7_1_fpd_TransportSection_Gebaeude.katrix42v7_1_fpd_TransportSection_Gebaeude
[2017.12.21-15.14.25:405][  0]LogStaticMesh: Building static mesh katrix42v7_1_fpd_TransportSection_Schrank-blau-Layer_0_ncl1_11...
[2017.12.21-15.14.25:435][  0]LogStaticMesh: Built static mesh [0.03s] /Game/Geometry/katrin_test/katrix42v7_1_fpd_TransportSection_Schrank-blau-Layer_0_ncl1_11.katrix42v7_1_fpd_TransportSection_Schrank-blau-Layer_0_ncl1_11
[2017.12.21-15.14.25:436][  0]LogStaticMesh: Building static mesh katrix42v7_1_fpd_Transportsection_Zwischenboden+Luft...
[2017.12.21-15.14.25:978][  0]LogStaticMesh: Built static mesh [0.54s] /Game/Geometry/katrin_test/katrix42v7_1_fpd_Transportsection_Zwischenboden+Luft.katrix42v7_1_fpd_Transportsection_Zwischenboden+Luft
[2017.12.21-15.14.25:990][  0]LogStaticMesh: Building static mesh katrix42v7_1_fpd_TritiumFlow1_Plane_002...
[2017.12.21-15.14.25:992][  0]LogStaticMesh: Built static mesh [0.00s] /Game/Geometry/katrin_test/katrix42v7_1_fpd_TritiumFlow1_Plane_002.katrix42v7_1_fpd_TritiumFlow1_Plane_002
[2017.12.21-15.14.25:993][  0]LogStaticMesh: Building static mesh katrix42v7_1_fpd_TritiumFlow1_Plane_011...
[2017.12.21-15.14.25:995][  0]LogStaticMesh: Built static mesh [0.00s] /Game/Geometry/katrin_test/katrix42v7_1_fpd_TritiumFlow1_Plane_011.katrix42v7_1_fpd_TritiumFlow1_Plane_011
[2017.12.21-15.14.25:995][  0]LogStaticMesh: Building static mesh katrix42v7_1_fpd_TritiumGeb-Bodendeckel...
[2017.12.21-15.14.25:997][  0]LogStaticMesh: Built static mesh [0.00s] /Game/Geometry/katrin_test/katrix42v7_1_fpd_TritiumGeb-Bodendeckel.katrix42v7_1_fpd_TritiumGeb-Bodendeckel
[2017.12.21-15.14.25:997][  0]LogStaticMesh: Building static mesh katrix42v7_1_fpd_TritiumSource_003_Gestell...
[2017.12.21-15.14.26:044][  0]LogStaticMesh: Built static mesh [0.05s] /Game/Geometry/katrin_test/katrix42v7_1_fpd_TritiumSource_003_Gestell.katrix42v7_1_fpd_TritiumSource_003_Gestell
[2017.12.21-15.14.26:044][  0]LogStaticMesh: Building static mesh katrix42v7_1_fpd_TritiumSource_004_Zylinder_EndCaps...
[2017.12.21-15.14.26:134][  0]LogStaticMesh: Built static mesh [0.09s] /Game/Geometry/katrin_test/katrix42v7_1_fpd_TritiumSource_004_Zylinder_EndCaps.katrix42v7_1_fpd_TritiumSource_004_Zylinder_EndCaps
[2017.12.21-15.14.26:134][  0]LogStaticMesh: Building static mesh katrix42v7_1_fpd_TritiumSource_004_Zylinder_ohneGest_Opaque...
[2017.12.21-15.14.26:140][  0]LogStaticMesh: Built static mesh [0.01s] /Game/Geometry/katrin_test/katrix42v7_1_fpd_TritiumSource_004_Zylinder_ohneGest_Opaque.katrix42v7_1_fpd_TritiumSource_004_Zylinder_ohneGest_Opaque
[2017.12.21-15.14.26:140][  0]LogStaticMesh: Building static mesh katrix42v7_1_fpd_TritiumSource_004_Zylinder_ohneGest_Transparent...
[2017.12.21-15.14.26:147][  0]LogStaticMesh: Built static mesh [0.01s] /Game/Geometry/katrin_test/katrix42v7_1_fpd_TritiumSource_004_Zylinder_ohneGest_Transparent.katrix42v7_1_fpd_TritiumSource_004_Zylinder_ohneGest_Transparent
[2017.12.21-15.14.26:148][  0]LogStaticMesh: Building static mesh katrix42v7_1_fpd_TritiumSource_Gebaeude...
[2017.12.21-15.14.26:531][  0]LogStaticMesh: Built static mesh [0.38s] /Game/Geometry/katrin_test/katrix42v7_1_fpd_TritiumSource_Gebaeude.katrix42v7_1_fpd_TritiumSource_Gebaeude
[2017.12.21-15.14.26:609][  0]LogStaticMesh: Building static mesh katrix42v7_1_fpd_Welt-Ebene...
[2017.12.21-15.14.26:610][  0]LogStaticMesh: Built static mesh [0.00s] /Game/Geometry/katrin_test/katrix42v7_1_fpd_Welt-Ebene.katrix42v7_1_fpd_Welt-Ebene
[2017.12.21-15.14.26:680][  0]LogTexture:Display: Building textures: luftbild-Trees0053_1_S_tile (BGRA8)
[2017.12.21-15.14.26:822][  0]LogMaterial: Missing cached shader map for material Welt-Ebene-Material, compiling. 
[2017.12.21-15.14.26:847][  0]LogMaterial: Missing cached shader map for material Mat_TritSource_ZylinderTransparent, compiling. 
[2017.12.21-15.14.26:874][  0]LogMaterial: Missing cached shader map for material Mat_TritSource_Zylinder, compiling. 
[2017.12.21-15.14.26:900][  0]LogMaterial: Missing cached shader map for material Material_026, compiling. 
[2017.12.21-15.14.27:015][  0]LogTexture:Display: Building textures: ANI_MagicflowSoft_8x8 (AutoDXT)
[2017.12.21-15.14.27:693][  0]LogMaterial: Missing cached shader map for material Mat_TritiumFlow, compiling. 
[2017.12.21-15.14.27:719][  0]LogMaterial: Missing cached shader map for material Dark_Gray, compiling. 
[2017.12.21-15.14.27:744][  0]LogMaterial: Missing cached shader map for material Glossy___Black, compiling. 
[2017.12.21-15.14.27:817][  0]LogTexture:Display: Building textures: 20140618_113647_MS_AussenwandGelb_tiles (AutoDXT)
[2017.12.21-15.14.27:942][  0]LogMaterial: Missing cached shader map for material Machined___Aluminum_mit_Textur, compiling. 
[2017.12.21-15.14.27:966][  0]LogMaterial: Missing cached shader map for material Machined___Aluminum, compiling. 
[2017.12.21-15.14.27:992][  0]LogMaterial: Missing cached shader map for material Material_025_transparent, compiling. 
[2017.12.21-15.14.28:019][  0]LogMaterial: Missing cached shader map for material Material_025, compiling. 
[2017.12.21-15.14.28:047][  0]LogMaterial: Missing cached shader map for material Red_ncl1_2, compiling. 
[2017.12.21-15.14.28:083][  0]LogTexture:Display: Building textures: AsphaltCloseups0050_2_S_512_tiles (AutoDXT)
[2017.12.21-15.14.28:305][  0]LogMaterial: Missing cached shader map for material StrasseMaterial, compiling. 
[2017.12.21-15.14.28:334][  0]LogTexture:Display: Building textures: ANI_AlphaWIPE_6x6 (AutoDXT)
[2017.12.21-15.14.28:641][  0]LogMaterial: Missing cached shader map for material ani_wipe, compiling. 
[2017.12.21-15.14.28:668][  0]LogMaterial: Missing cached shader map for material Material_024, compiling. 
[2017.12.21-15.14.28:693][  0]LogMaterial: Missing cached shader map for material Material_023, compiling. 
[2017.12.21-15.14.28:717][  0]LogMaterial: Missing cached shader map for material Material_032, compiling. 
[2017.12.21-15.14.28:756][  0]LogMaterial: Missing cached shader map for material M_Basic_Wall, compiling. 
[2017.12.21-15.14.28:846][  0]LogMaterial: Missing cached shader map for material 00-Material_grau-default, compiling. 
[2017.12.21-15.14.28:873][  0]LogMaterial: Missing cached shader map for material Material_012, compiling. 
[2017.12.21-15.14.28:901][  0]LogMaterial: Missing cached shader map for material gelb-ms-halle, compiling. 
[2017.12.21-15.14.28:924][  0]LogMaterial: Missing cached shader map for material gelb-ms-halle-oben, compiling. 
[2017.12.21-15.14.28:951][  0]LogMaterial: Missing cached shader map for material boden-ms-material, compiling. 
[2017.12.21-15.14.28:977][  0]LogMaterial: Missing cached shader map for material Violet_000, compiling. 
[2017.12.21-15.14.29:022][  0]LogMaterial: Missing cached shader map for material Cadet_Blue_002, compiling. 
[2017.12.21-15.14.29:050][  0]LogMaterial: Missing cached shader map for material White_000, compiling. 
[2017.12.21-15.14.29:075][  0]LogMaterial: Missing cached shader map for material Wheat_002, compiling. 
[2017.12.21-15.14.29:101][  0]LogMaterial: Missing cached shader map for material Weld___Brass_000, compiling. 
[2017.12.21-15.14.29:127][  0]LogMaterial: Missing cached shader map for material Turquoise_002, compiling. 
[2017.12.21-15.14.29:152][  0]LogMaterial: Missing cached shader map for material Smooth___Yellow_000, compiling. 
[2017.12.21-15.14.29:178][  0]LogAIModule: Creating AISystem for world HMDLocomotionMap
[2017.12.21-15.14.29:422][  0]LogEditorServer: Finished looking for orphan Actors (0.000 secs)
[2017.12.21-15.14.29:464][  0]Cmd: MAP CHECKDEP NOCLEARLOG
[2017.12.21-15.14.29:669][  0]MapCheck: Info Map check complete: 0 Error(s), 0 Warning(s), took 205.657ms to complete.
[2017.12.21-15.14.29:674][  0]LogFileHelpers: Loading map 'HMDLocomotionMap' took 44.116
[2017.12.21-15.14.31:036][  0]LogCollectionManager: Loaded 0 collections in 0.003215 seconds
[2017.12.21-15.14.31:129][  0]LogFileCache: Scanning file cache for directory 'D:/UnrealProjects/vrkatrix4smlCtrl2tst/Saved/Collections/' took 0.01s
[2017.12.21-15.14.31:129][  0]LogFileCache: Scanning file cache for directory 'D:/UnrealProjects/vrkatrix4smlCtrl2tst/Content/Developers/PDV/Collections/' took 0.01s
[2017.12.21-15.14.31:129][  0]LogFileCache: Scanning file cache for directory 'D:/UnrealProjects/vrkatrix4smlCtrl2tst/Content/Collections/' took 0.01s
[2017.12.21-15.14.31:129][  0]LogCollectionManager: Rebuilt the GUID cache for 0 collections in 0.000004 seconds
[2017.12.21-15.14.31:144][  0]LogContentBrowser: Native class hierarchy populated in 0.0151 seconds. Added 2141 classes and 415 folders.
[2017.12.21-15.14.31:151][  0]LogStats: UGameplayTagsManager::ConstructGameplayTagTree: Construct from data asset -  0.000 s
[2017.12.21-15.14.31:151][  0]LogStats: UGameplayTagsManager::ConstructGameplayTagTree: GameplayTagTreeChangedEvent.Broadcast -  0.000 s
[2017.12.21-15.14.31:152][  0]LogContentBrowser: Native class hierarchy updated for 'GameplayTags' in 0.0007 seconds. Added 12 classes and 0 folders.
[2017.12.21-15.14.31:159][  0]LogContentBrowser: Native class hierarchy updated for 'WidgetCarousel' in 0.0007 seconds. Added 0 classes and 0 folders.
[2017.12.21-15.14.31:260][  0]LogContentBrowser: Native class hierarchy updated for 'AddContentDialog' in 0.0010 seconds. Added 0 classes and 0 folders.
[2017.12.21-15.14.31:270][  0]LogContentBrowser: Native class hierarchy updated for 'SceneOutliner' in 0.0008 seconds. Added 1 classes and 2 folders.
[2017.12.21-15.14.31:299][  0]LogCrashTracker: Crashtracker disabled due to settings.
[2017.12.21-15.14.31:454][  0]LogUObjectGlobals:Warning: Failed to find object 'Class None.'
[2017.12.21-15.14.31:486][  0]LogContentBrowser: Native class hierarchy updated for 'HierarchicalLODOutliner' in 0.0008 seconds. Added 1 classes and 2 folders.
[2017.12.21-15.14.31:486][  0]LogLoad: (Engine Initialization) Total time: 56.85 seconds
[2017.12.21-15.14.31:486][  0]LogLoad: (Engine Initialization) Total Blueprint compile time: 0.12 seconds
[2017.12.21-15.14.31:486][  0]LogExternalProfiler: No external profilers were discovered.  External profiling features will not be available.
[2017.12.21-15.14.31:496][  0]LogOcInput: OculusInput pre-init called
[2017.12.21-15.14.31:521][  0]LogContentStreaming: Texture pool size now 1000 MB
[2017.12.21-15.14.31:827][  1]LogRenderer: Reallocating scene render targets to support 956x540 (Frame:2).
[2017.12.21-15.14.32:283][  2]LogAssetRegistry: Asset discovery search completed in 51.4230 seconds
[2017.12.21-15.14.32:284][  2]LogCollectionManager: Rebuilt the object cache for 0 collections in 0.000002 seconds (found 0 objects)
[2017.12.21-15.14.32:284][  2]LogCollectionManager: Fixed up redirectors for 0 collections in 0.000044 seconds (updated 0 objects)
[2017.12.21-15.16.14:472][553]LogWindowsTextInputMethodSystem:Display: IME system now deactivated.
[2017.12.21-15.16.14:641][554]Cmd: QUIT_EDITOR
[2017.12.21-15.16.14:688][554]LogExit: Preparing to exit.
[2017.12.21-15.16.15:578][554]LogExit: Editor shut down
[2017.12.21-15.16.15:578][554]LogExit: Transaction tracking system shut down
[2017.12.21-15.16.15:697][554]LogObj: Freed 0b from 0 cluster array pools.
[2017.12.21-15.16.15:697][554]LogExit: Object subsystem successfully closed.
[2017.12.21-15.16.15:717][554]LogD3D11RHI: Shutdown
[2017.12.21-15.16.15:717][554]LogD3D11RHI: CleanupD3DDevice
[2017.12.21-15.16.15:795][554]LogD3D11RHI: ~FD3D11DynamicRHI
[2017.12.21-15.16.15:814][554]LogModuleManager: Shutting down and abandoning module HierarchicalLODOutliner (233)
[2017.12.21-15.16.15:814][554]LogModuleManager: Shutting down and abandoning module CrashTracker (232)
[2017.12.21-15.16.15:814][554]LogModuleManager: Shutting down and abandoning module SceneOutliner (231)
[2017.12.21-15.16.15:814][554]LogModuleManager: Shutting down and abandoning module WidgetCarousel (230)
[2017.12.21-15.16.15:814][554]LogModuleManager: Shutting down and abandoning module AddContentDialog (229)
[2017.12.21-15.16.15:814][554]LogDirectoryWatcher: A directory notification for 'C:/Program Files/Epic Games/UE_4.13/FeaturePacks/' was aborted.
[2017.12.21-15.16.15:815][554]LogModuleManager: Shutting down and abandoning module GameplayTags (228)
[2017.12.21-15.16.15:815][554]LogModuleManager: Shutting down and abandoning module EditorWidgets (227)
[2017.12.21-15.16.15:815][554]LogModuleManager: Shutting down and abandoning module CollectionManager (226)
[2017.12.21-15.16.15:815][554]LogDirectoryWatcher: A directory notification for 'D:/UnrealProjects/vrkatrix4smlCtrl2tst/Content/Collections/' was aborted.
[2017.12.21-15.16.15:816][554]LogDirectoryWatcher: A directory notification for 'D:/UnrealProjects/vrkatrix4smlCtrl2tst/Content/Developers/PDV/Collections/' was aborted.
[2017.12.21-15.16.15:816][554]LogDirectoryWatcher: A directory notification for 'D:/UnrealProjects/vrkatrix4smlCtrl2tst/Saved/Collections/' was aborted.
[2017.12.21-15.16.15:816][554]LogModuleManager: Shutting down and abandoning module StatsViewer (225)
[2017.12.21-15.16.15:816][554]LogModuleManager: Shutting down and abandoning module FoliageEdit (224)
[2017.12.21-15.16.15:816][554]LogModuleManager: Shutting down and abandoning module LandscapeEditor (223)
[2017.12.21-15.16.15:816][554]LogModuleManager: Shutting down and abandoning module SceneDepthPickerMode (222)
[2017.12.21-15.16.15:816][554]LogModuleManager: Shutting down and abandoning module ActorPickerMode (221)
[2017.12.21-15.16.15:816][554]LogModuleManager: Shutting down and abandoning module GeometryMode (220)
[2017.12.21-15.16.15:816][554]LogModuleManager: Shutting down and abandoning module TextureAlignMode (219)
[2017.12.21-15.16.15:816][554]LogModuleManager: Shutting down and abandoning module BspMode (218)
[2017.12.21-15.16.15:816][554]LogModuleManager: Shutting down and abandoning module HardwareSurvey (217)
[2017.12.21-15.16.15:816][554]LogModuleManager: Shutting down and abandoning module SequenceRecorderSections (216)
[2017.12.21-15.16.15:816][554]LogModuleManager: Shutting down and abandoning module SequenceRecorder (215)
[2017.12.21-15.16.15:816][554]LogModuleManager: Shutting down and abandoning module AutomationWorker (214)
[2017.12.21-15.16.15:816][554]LogModuleManager: Shutting down and abandoning module MatineeToLevelSequence (213)
[2017.12.21-15.16.15:816][554]LogModuleManager: Shutting down and abandoning module PlacementMode (212)
[2017.12.21-15.16.15:816][554]LogModuleManager: Shutting down and abandoning module LevelSequenceEditor (211)
[2017.12.21-15.16.15:816][554]LogModuleManager: Shutting down and abandoning module WmfMediaFactory (210)
[2017.12.21-15.16.15:816][554]LogModuleManager: Shutting down and abandoning module WmfMediaEditor (209)
[2017.12.21-15.16.15:816][554]LogModuleManager: Shutting down and abandoning module AvfMediaFactory (208)
[2017.12.21-15.16.15:816][554]LogModuleManager: Shutting down and abandoning module AvfMediaEditor (207)
[2017.12.21-15.16.15:816][554]LogModuleManager: Shutting down and abandoning module Media (206)
[2017.12.21-15.16.15:816][554]LogModuleManager: Shutting down and abandoning module AndroidMediaFactory (205)
[2017.12.21-15.16.15:816][554]LogModuleManager: Shutting down and abandoning module AndroidMediaEditor (204)
[2017.12.21-15.16.15:816][554]LogModuleManager: Shutting down and abandoning module CharacterAI (203)
[2017.12.21-15.16.15:816][554]LogModuleManager: Shutting down and abandoning module SmartSnapping (202)
[2017.12.21-15.16.15:816][554]LogModuleManager: Shutting down and abandoning module SessionServices (201)
[2017.12.21-15.16.15:816][554]LogModuleManager: Shutting down and abandoning module ViewportSnapping (200)
[2017.12.21-15.16.15:816][554]LogModuleManager: Shutting down and abandoning module ViewportInteraction (199)
[2017.12.21-15.16.15:816][554]LogModuleManager: Shutting down and abandoning module LogVisualizer (198)
[2017.12.21-15.16.15:817][554]LogModuleManager: Shutting down and abandoning module GameProjectGeneration (197)
[2017.12.21-15.16.15:817][554]LogModuleManager: Shutting down and abandoning module IntroTutorials (196)
[2017.12.21-15.16.15:817][554]LogModuleManager: Shutting down and abandoning module EditorLiveStreaming (195)
[2017.12.21-15.16.15:817][554]LogModuleManager: Shutting down and abandoning module IOSPlatformEditor (194)
[2017.12.21-15.16.15:817][554]LogModuleManager: Shutting down and abandoning module HTML5PlatformEditor (193)
[2017.12.21-15.16.15:817][554]LogModuleManager: Shutting down and abandoning module AndroidDeviceDetection (192)
[2017.12.21-15.16.16:134][554]LogModuleManager: Shutting down and abandoning module AndroidPlatformEditor (191)
[2017.12.21-15.16.16:134][554]LogModuleManager: Shutting down and abandoning module IOSRuntimeSettings (190)
[2017.12.21-15.16.16:134][554]LogModuleManager: Shutting down and abandoning module AndroidRuntimeSettings (189)
[2017.12.21-15.16.16:134][554]LogModuleManager: Shutting down and abandoning module NiagaraEditor (188)
[2017.12.21-15.16.16:134][554]LogModuleManager: Shutting down and abandoning module MergeActors (187)
[2017.12.21-15.16.16:134][554]LogModuleManager: Shutting down and abandoning module SizeMap (186)
[2017.12.21-15.16.16:134][554]LogModuleManager: Shutting down and abandoning module TreeMap (185)
[2017.12.21-15.16.16:134][554]LogModuleManager: Shutting down and abandoning module ReferenceViewer (184)
[2017.12.21-15.16.16:134][554]LogModuleManager: Shutting down and abandoning module LocalizationService (183)
[2017.12.21-15.16.16:134][554]LogModuleManager: Shutting down and abandoning module LocalizationDashboard (182)
[2017.12.21-15.16.16:134][554]LogModuleManager: Shutting down and abandoning module HardwareTargeting (181)
[2017.12.21-15.16.16:134][554]LogModuleManager: Shutting down and abandoning module DeviceProfileEditor (180)
[2017.12.21-15.16.16:134][554]LogModuleManager: Shutting down and abandoning module UndoHistory (179)
[2017.12.21-15.16.16:134][554]LogModuleManager: Shutting down and abandoning module UserFeedback (178)
[2017.12.21-15.16.16:134][554]LogModuleManager: Shutting down and abandoning module XmlParser (177)
[2017.12.21-15.16.16:134][554]LogModuleManager: Shutting down and abandoning module Blutility (176)
[2017.12.21-15.16.16:134][554]LogModuleManager: Shutting down and abandoning module ProjectTargetPlatformEditor (175)
[2017.12.21-15.16.16:134][554]LogModuleManager: Shutting down and abandoning module ProjectSettingsViewer (174)
[2017.12.21-15.16.16:134][554]LogModuleManager: Shutting down and abandoning module InputBindingEditor (173)
[2017.12.21-15.16.16:134][554]LogModuleManager: Shutting down and abandoning module EditorSettingsViewer (172)
[2017.12.21-15.16.16:134][554]LogModuleManager: Shutting down and abandoning module SettingsEditor (171)
[2017.12.21-15.16.16:134][554]LogModuleManager: Shutting down and abandoning module ProjectLauncher (170)
[2017.12.21-15.16.16:134][554]LogModuleManager: Shutting down and abandoning module SessionFrontend (169)
[2017.12.21-15.16.16:134][554]LogModuleManager: Shutting down and abandoning module ProfilerClient (168)
[2017.12.21-15.16.16:134][554]LogModuleManager: Shutting down and abandoning module TargetDeviceServices (167)
[2017.12.21-15.16.16:134][554]LogModuleManager: Shutting down and abandoning module DeviceManager (166)
[2017.12.21-15.16.16:176][554]LogModuleManager: Shutting down and abandoning module AutomationController (165)
[2017.12.21-15.16.16:176][554]LogModuleManager: Shutting down and abandoning module AutomationWindow (164)
[2017.12.21-15.16.16:176][554]LogModuleManager: Shutting down and abandoning module Layers (163)
[2017.12.21-15.16.16:176][554]LogModuleManager: Shutting down and abandoning module ComponentVisualizers (162)
[2017.12.21-15.16.16:176][554]LogModuleManager: Shutting down and abandoning module DetailCustomizations (161)
[2017.12.21-15.16.16:176][554]LogModuleManager: Shutting down and abandoning module PackagesDialog (160)
[2017.12.21-15.16.16:176][554]LogModuleManager: Shutting down and abandoning module AnimGraph (159)
[2017.12.21-15.16.16:176][554]LogModuleManager: Shutting down and abandoning module Persona (158)
[2017.12.21-15.16.16:176][554]LogModuleManager: Shutting down and abandoning module Kismet (157)
[2017.12.21-15.16.16:176][554]LogModuleManager: Shutting down and abandoning module GraphEditor (156)
[2017.12.21-15.16.16:176][554]LogModuleManager: Shutting down and abandoning module ClassViewer (155)
[2017.12.21-15.16.16:176][554]LogModuleManager: Shutting down and abandoning module Toolbox (154)
[2017.12.21-15.16.16:176][554]LogModuleManager: Shutting down and abandoning module ModuleUI (153)
[2017.12.21-15.16.16:176][554]LogModuleManager: Shutting down and abandoning module MovieSceneTools (152)
[2017.12.21-15.16.16:176][554]LogModuleManager: Shutting down and abandoning module OutputLog (151)
[2017.12.21-15.16.16:176][554]LogModuleManager: Shutting down and abandoning module GammaUI (150)
[2017.12.21-15.16.16:176][554]LogModuleManager: Shutting down and abandoning module Documentation (149)
[2017.12.21-15.16.16:176][554]LogModuleManager: Shutting down and abandoning module Niagara (148)
[2017.12.21-15.16.16:176][554]LogModuleManager: Shutting down and abandoning module StreamingPauseRendering (147)
[2017.12.21-15.16.16:176][554]LogModuleManager: Shutting down and abandoning module AnalyticsET (146)
[2017.12.21-15.16.16:176][554]LogModuleManager: Shutting down and abandoning module PortalServices (145)
[2017.12.21-15.16.16:176][554]LogModuleManager: Shutting down and abandoning module PortalRpc (144)
[2017.12.21-15.16.16:176][554]LogModuleManager: Shutting down and abandoning module MessagingRpc (143)
[2017.12.21-15.16.16:176][554]LogModuleManager: Shutting down and abandoning module GameplayDebugger (142)
[2017.12.21-15.16.16:176][554]LogModuleManager: Shutting down and abandoning module AITestSuite (141)
[2017.12.21-15.16.16:176][554]LogModuleManager: Shutting down and abandoning module AIModule (140)
[2017.12.21-15.16.16:176][554]LogModuleManager: Shutting down and abandoning module ProfilerService (139)
[2017.12.21-15.16.16:342][554]LogModuleManager: Shutting down and abandoning module TaskGraph (138)
[2017.12.21-15.16.16:342][554]LogModuleManager: Shutting down and abandoning module SlateRemote (137)
[2017.12.21-15.16.16:342][554]LogModuleManager: Shutting down and abandoning module SteamVRController (136)
[2017.12.21-15.16.16:342][554]LogModuleManager: Shutting down and abandoning module SteamVR (135)
[2017.12.21-15.16.16:342][554]LogModuleManager: Shutting down and abandoning module ProceduralMeshComponentEditor (134)
[2017.12.21-15.16.16:342][554]LogModuleManager: Shutting down and abandoning module ProceduralMeshComponent (133)
[2017.12.21-15.16.16:342][554]LogModuleManager: Shutting down and abandoning module OculusLibrary (132)
[2017.12.21-15.16.16:342][554]LogModuleManager: Shutting down and abandoning module OculusInput (131)
[2017.12.21-15.16.16:342][554]LogModuleManager: Shutting down and abandoning module CustomMeshComponent (130)
[2017.12.21-15.16.16:342][554]LogModuleManager: Shutting down and abandoning module CableComponent (129)
[2017.12.21-15.16.16:342][554]LogModuleManager: Shutting down and abandoning module ArchVisCharacter (128)
[2017.12.21-15.16.16:342][554]LogModuleManager: Shutting down and abandoning module MediaPlayerEditor (126)
[2017.12.21-15.16.16:342][554]LogModuleManager: Shutting down and abandoning module HTML5Networking (125)
[2017.12.21-15.16.16:342][554]LogModuleManager: Shutting down and abandoning module GeometryCacheEd (124)
[2017.12.21-15.16.16:342][554]LogModuleManager: Shutting down and abandoning module GeometryCache (123)
[2017.12.21-15.16.16:342][554]LogModuleManager: Shutting down and abandoning module AlembicLibrary (122)
[2017.12.21-15.16.16:342][554]LogModuleManager: Shutting down and abandoning module AlembicImporter (121)
[2017.12.21-15.16.16:342][554]LogModuleManager: Shutting down and abandoning module SuperSearch (120)
[2017.12.21-15.16.16:342][554]LogModuleManager: Shutting down and abandoning module SuperSearchEditor (119)
[2017.12.21-15.16.16:343][554]LogModuleManager: Shutting down and abandoning module SpeedTreeImporter (118)
[2017.12.21-15.16.16:343][554]LogModuleManager: Shutting down and abandoning module PluginBrowser (117)
[2017.12.21-15.16.16:343][554]LogModuleManager: Shutting down and abandoning module MobileLauncherProfileWizard (116)
[2017.12.21-15.16.16:343][554]LogModuleManager: Shutting down and abandoning module EpicSurvey (115)
[2017.12.21-15.16.16:343][554]LogModuleManager: Shutting down and abandoning module DesktopPlatform (114)
[2017.12.21-15.16.16:343][554]LogModuleManager: Shutting down and abandoning module VisualStudioSourceCodeAccess (113)
[2017.12.21-15.16.16:343][554]LogModuleManager: Shutting down and abandoning module UObjectPlugin (112)
[2017.12.21-15.16.16:343][554]LogModuleManager: Shutting down and abandoning module SubversionSourceControl (111)
[2017.12.21-15.16.16:343][554]LogModuleManager: Shutting down and abandoning module PerforceSourceControl (110)
[2017.12.21-15.16.16:343][554]LogModuleManager: Shutting down and abandoning module SourceControl (109)
[2017.12.21-15.16.16:343][554]LogModuleManager: Shutting down and abandoning module GitSourceControl (108)
[2017.12.21-15.16.16:343][554]LogModuleManager: Shutting down and abandoning module LightPropagationVolumeEditor (107)
[2017.12.21-15.16.16:343][554]LogModuleManager: Shutting down and abandoning module PaperTiledImporter (106)
[2017.12.21-15.16.16:343][554]LogModuleManager: Shutting down and abandoning module PaperSpriteSheetImporter (105)
[2017.12.21-15.16.16:343][554]LogModuleManager: Shutting down and abandoning module MeshPaint (104)
[2017.12.21-15.16.16:343][554]LogModuleManager: Shutting down and abandoning module FbxAutomationBuilderModule (103)
[2017.12.21-15.16.16:343][554]LogModuleManager: Shutting down and abandoning module PixelInspectorModule (102)
[2017.12.21-15.16.16:343][554]LogModuleManager: Shutting down and abandoning module HotReload (101)
[2017.12.21-15.16.16:343][554]LogModuleManager: Shutting down and abandoning module MainFrame (100)
[2017.12.21-15.16.16:343][554]LogModuleManager: Shutting down and abandoning module LevelEditor (99)
[2017.12.21-15.16.16:344][554]LogModuleManager: Shutting down and abandoning module ContentBrowser (98)
[2017.12.21-15.16.16:345][554]LogModuleManager: Shutting down and abandoning module Paper2DEditor (97)
[2017.12.21-15.16.16:345][554]LogModuleManager: Shutting down and abandoning module UdpMessaging (96)
[2017.12.21-15.16.16:446][554]LogModuleManager: Shutting down and abandoning module TcpMessaging (95)
[2017.12.21-15.16.16:546][554]LogModuleManager: Shutting down and abandoning module LightPropagationVolumeRuntime (94)
[2017.12.21-15.16.16:546][554]LogModuleManager: Shutting down and abandoning module Paper2D (93)
[2017.12.21-15.16.16:546][554]LogModuleManager: Shutting down and abandoning module WindowsMoviePlayer (92)
[2017.12.21-15.16.16:546][554]LogModuleManager: Shutting down and abandoning module WmfMedia (91)
[2017.12.21-15.16.16:546][554]LogModuleManager: Shutting down and abandoning module MediaAssets (90)
[2017.12.21-15.16.16:546][554]LogModuleManager: Shutting down and abandoning module GameLiveStreaming (89)
[2017.12.21-15.16.16:546][554]LogModuleManager: Shutting down and abandoning module GameplayTagsEditor (88)
[2017.12.21-15.16.16:546][554]LogModuleManager: Shutting down and abandoning module VREditor (87)
[2017.12.21-15.16.16:546][554]LogModuleManager: Shutting down and abandoning module GameplayTasksEditor (86)
[2017.12.21-15.16.16:546][554]LogModuleManager: Shutting down and abandoning module PropertyEditor (85)
[2017.12.21-15.16.16:546][554]LogModuleManager: Shutting down and abandoning module BehaviorTreeEditor (84)
[2017.12.21-15.16.16:546][554]LogModuleManager: Shutting down and abandoning module FunctionalTesting (83)
[2017.12.21-15.16.16:546][554]LogModuleManager: Shutting down and abandoning module CollisionAnalyzer (82)
[2017.12.21-15.16.16:546][554]LogModuleManager: Shutting down and abandoning module Sequencer (81)
[2017.12.21-15.16.16:546][554]LogModuleManager: Shutting down and abandoning module WorkspaceMenuStructure (80)
[2017.12.21-15.16.16:546][554]LogModuleManager: Shutting down and abandoning module MessageLog (79)
[2017.12.21-15.16.16:546][554]LogModuleManager: Shutting down and abandoning module AssetTools (78)
[2017.12.21-15.16.16:546][554]LogModuleManager: Shutting down and abandoning module UMGEditor (77)
[2017.12.21-15.16.16:547][554]LogModuleManager: Shutting down and abandoning module UMG (76)
[2017.12.21-15.16.16:547][554]LogModuleManager: Shutting down and abandoning module SlateReflector (75)
[2017.12.21-15.16.16:547][554]LogModuleManager: Shutting down and abandoning module Slate (74)
[2017.12.21-15.16.16:547][554]LogModuleManager: Shutting down and abandoning module EditorStyle (73)
[2017.12.21-15.16.16:549][554]LogModuleManager: Shutting down and abandoning module SourceCodeAccess (72)
[2017.12.21-15.16.16:549][554]LogModuleManager: Shutting down and abandoning module HeadMountedDisplay (71)
[2017.12.21-15.16.16:549][554]LogModuleManager: Shutting down and abandoning module XAudio2 (70)
[2017.12.21-15.16.16:549][554]LogModuleManager: Shutting down and abandoning module Networking (68)
[2017.12.21-15.16.16:549][554]LogModuleManager: Shutting down and abandoning module Core (67)
[2017.12.21-15.16.16:549][554]LogModuleManager: Shutting down and abandoning module DirectoryWatcher (66)
[2017.12.21-15.16.16:549][554]LogDirectoryWatcher: A directory notification for '../../../Engine/Content/' was aborted.
[2017.12.21-15.16.16:550][554]LogDirectoryWatcher: A directory notification for 'D:/UnrealProjects/vrkatrix4smlCtrl2tst/Content/' was aborted.
[2017.12.21-15.16.16:550][554]LogDirectoryWatcher: A directory notification for '../../../Engine/Plugins/2D/Paper2D/Content/' was aborted.
[2017.12.21-15.16.16:550][554]LogModuleManager: Shutting down and abandoning module AssetRegistry (65)
[2017.12.21-15.16.16:653][554]LogModuleManager: Shutting down and abandoning module KismetCompiler (64)
[2017.12.21-15.16.16:653][554]LogModuleManager: Shutting down and abandoning module PhysXFormats (63)
[2017.12.21-15.16.16:653][554]LogModuleManager: Shutting down and abandoning module MeshUtilities (62)
[2017.12.21-15.16.16:653][554]LogModuleManager: Shutting down and abandoning module DerivedDataCache (61)
[2017.12.21-15.16.16:725][554]LogDerivedDataCache: Shutdown
[2017.12.21-15.16.16:725][554]LogModuleManager: Shutting down and abandoning module VulkanShaderFormat (60)
[2017.12.21-15.16.16:725][554]LogModuleManager: Shutting down and abandoning module ShaderFormatOpenGL (59)
[2017.12.21-15.16.16:725][554]LogModuleManager: Shutting down and abandoning module ShaderFormatD3D (58)
[2017.12.21-15.16.16:725][554]LogModuleManager: Shutting down and abandoning module MetalShaderFormat (57)
[2017.12.21-15.16.16:725][554]LogModuleManager: Shutting down and abandoning module TextureFormatUncompressed (56)
[2017.12.21-15.16.16:725][554]LogModuleManager: Shutting down and abandoning module TextureFormatPVR (55)
[2017.12.21-15.16.16:725][554]LogModuleManager: Shutting down and abandoning module TextureFormatDXT (54)
[2017.12.21-15.16.16:725][554]LogModuleManager: Shutting down and abandoning module TextureFormatIntelISPCTexComp (53)
[2017.12.21-15.16.16:725][554]LogModuleManager: Shutting down and abandoning module ImageWrapper (52)
[2017.12.21-15.16.16:725][554]LogModuleManager: Shutting down and abandoning module TextureFormatASTC (51)
[2017.12.21-15.16.16:725][554]LogModuleManager: Shutting down and abandoning module TextureFormatAndroid (50)
[2017.12.21-15.16.16:725][554]LogModuleManager: Shutting down and abandoning module AudioFormatOpus (49)
[2017.12.21-15.16.16:725][554]LogModuleManager: Shutting down and abandoning module AudioFormatOgg (48)
[2017.12.21-15.16.16:725][554]LogModuleManager: Shutting down and abandoning module AudioFormatADPCM (47)
[2017.12.21-15.16.16:725][554]LogModuleManager: Shutting down and abandoning module LinuxTargetPlatform (46)
[2017.12.21-15.16.16:725][554]LogModuleManager: Shutting down and abandoning module LinuxServerTargetPlatform (45)
[2017.12.21-15.16.16:725][554]LogModuleManager: Shutting down and abandoning module LinuxNoEditorTargetPlatform (44)
[2017.12.21-15.16.16:725][554]LogModuleManager: Shutting down and abandoning module LinuxClientTargetPlatform (43)
[2017.12.21-15.16.16:725][554]LogModuleManager: Shutting down and abandoning module TVOSTargetPlatform (42)
[2017.12.21-15.16.16:725][554]LogModuleManager: Shutting down and abandoning module Messaging (41)
[2017.12.21-15.16.16:725][554]LogModuleManager: Shutting down and abandoning module IOSTargetPlatform (40)
[2017.12.21-15.16.16:725][554]LogModuleManager: Shutting down and abandoning module HTML5TargetPlatform (39)
[2017.12.21-15.16.16:725][554]LogModuleManager: Shutting down and abandoning module Android_PVRTCTargetPlatform (38)
[2017.12.21-15.16.16:725][554]LogModuleManager: Shutting down and abandoning module Android_MultiTargetPlatform (37)
[2017.12.21-15.16.16:725][554]LogModuleManager: Shutting down and abandoning module Android_ETC2TargetPlatform (36)
[2017.12.21-15.16.16:725][554]LogModuleManager: Shutting down and abandoning module Android_ETC1TargetPlatform (35)
[2017.12.21-15.16.16:725][554]LogModuleManager: Shutting down and abandoning module Android_DXTTargetPlatform (34)
[2017.12.21-15.16.16:725][554]LogModuleManager: Shutting down and abandoning module Android_ATCTargetPlatform (33)
[2017.12.21-15.16.16:725][554]LogModuleManager: Shutting down and abandoning module Android_ASTCTargetPlatform (32)
[2017.12.21-15.16.16:725][554]LogModuleManager: Shutting down and abandoning module AndroidTargetPlatform (31)
[2017.12.21-15.16.16:725][554]LogModuleManager: Shutting down and abandoning module WindowsTargetPlatform (30)
[2017.12.21-15.16.16:725][554]LogModuleManager: Shutting down and abandoning module WindowsServerTargetPlatform (29)
[2017.12.21-15.16.16:725][554]LogModuleManager: Shutting down and abandoning module WindowsNoEditorTargetPlatform (28)
[2017.12.21-15.16.16:725][554]LogModuleManager: Shutting down and abandoning module WindowsClientTargetPlatform (27)
[2017.12.21-15.16.16:725][554]LogModuleManager: Shutting down and abandoning module AllDesktopTargetPlatform (26)
[2017.12.21-15.16.16:725][554]LogModuleManager: Shutting down and abandoning module TargetPlatform (25)
[2017.12.21-15.16.16:725][554]LogModuleManager: Shutting down and abandoning module InputCore (24)
[2017.12.21-15.16.16:725][554]LogModuleManager: Shutting down and abandoning module Settings (23)
[2017.12.21-15.16.16:725][554]LogModuleManager: Shutting down and abandoning module OculusRift (22)
[2017.12.21-15.16.16:725][554]LogModuleManager: Shutting down and abandoning module GearVR (21)
[2017.12.21-15.16.16:725][554]LogModuleManager: Shutting down and abandoning module ExampleDeviceProfileSelector (20)
[2017.12.21-15.16.16:725][554]LogModuleManager: Shutting down and abandoning module OnlineBlueprintSupport (19)
[2017.12.21-15.16.16:725][554]LogModuleManager: Shutting down and abandoning module OnlineSubsystem (17)
[2017.12.21-15.16.16:725][554]LogOnline:Display: Unloading online subsystem: NULL
[2017.12.21-15.16.16:725][554]LogModuleManager: Shutting down and abandoning module HTTP (16)
[2017.12.21-15.16.16:725][554]LogHttp:Display: Http module shutting down, but needs to wait on 1 outstanding Http requests:
[2017.12.21-15.16.16:725][554]LogHttp:Display: 	verb=[POST] url=[https://datarouter.ol.epicgames.com/datarouter/api/v1/public/data?SessionID=%7BD4EF71DB-4EBE-1282-87BB-75AA0C9B01EA%7D&AppID=UEEditor.Rocket.Release&AppVersion=4.13.2-3172292%2B%2B%2BUE4%2BRelease-4.13&UserID=48a559c1457afdc1d0993ca787c5572b%7C526c3015292f412191fd915cb8510c16%7C23ec979f-9cca-4e97-b38a-3935e3d085fa&AppEnvironment=datacollector-binary&UploadType=eteventstream] status=Processing
[2017.12.21-15.16.16:742][554]LogModuleManager: Shutting down and abandoning module XMPP (15)
[2017.12.21-15.16.16:742][554]LogModuleManager: Shutting down and abandoning module TextureCompressor (14)
[2017.12.21-15.16.16:742][554]LogModuleManager: Shutting down and abandoning module ShaderCore (13)
[2017.12.21-15.16.16:742][554]LogModuleManager: Shutting down and abandoning module Landscape (12)
[2017.12.21-15.16.16:742][554]LogModuleManager: Shutting down and abandoning module SlateRHIRenderer (11)
[2017.12.21-15.16.16:743][554]LogModuleManager: Shutting down and abandoning module OpenGLDrv (10)
[2017.12.21-15.16.16:743][554]LogModuleManager: Shutting down and abandoning module D3D11RHI (9)
[2017.12.21-15.16.16:743][554]LogModuleManager: Shutting down and abandoning module AnimGraphRuntime (8)
[2017.12.21-15.16.16:743][554]LogModuleManager: Shutting down and abandoning module Renderer (7)
[2017.12.21-15.16.16:743][554]LogModuleManager: Shutting down and abandoning module Engine (6)
[2017.12.21-15.16.16:743][554]LogModuleManager: Shutting down and abandoning module CoreUObject (5)
[2017.12.21-15.16.16:743][554]LogModuleManager: Shutting down and abandoning module NetworkFile (4)
[2017.12.21-15.16.16:743][554]LogModuleManager: Shutting down and abandoning module StreamingFile (3)
[2017.12.21-15.16.16:743][554]LogModuleManager: Shutting down and abandoning module SandboxFile (2)
[2017.12.21-15.16.16:743][554]LogModuleManager: Shutting down and abandoning module PakFile (1)
[2017.12.21-15.16.16:745][554]LogExit: Exiting.
[2017.12.21-15.16.16:746][554]Log file closed, 12/21/17 16:16:16
